{"logTime": "0625/134845", "correlationVector":"MPRg3/r9x9q5NvtgQbQur3.61","action":"GetUpdates", "result":"DeleteReceived", "context":{"id":"f4dab0e4-0a33-4019-9ab2-7638ae6c303b", "isDeleted:":"true", "version":"1718371063470"}}
{"logTime": "0625/134845", "correlationVector":"MPRg3/r9x9q5NvtgQbQur3.62","action":"GetUpdates", "result":"DeleteReceived", "context":{"id":"917916aa-ff59-4297-9836-df1daafe3c90", "isDeleted:":"true", "version":"1718371331157"}}
{"logTime": "0625/134845", "correlationVector":"MPRg3/r9x9q5NvtgQbQur3.63","action":"GetUpdates", "result":"DeleteReceived", "context":{"id":"f0d7553c-e80e-4a0c-9404-dd660c2eca79", "isDeleted:":"true", "version":"1718383699981"}}
{"logTime": "0625/134845", "correlationVector":"MPRg3/r9x9q5NvtgQbQur3.64","action":"GetUpdates", "result":"DeleteReceived", "context":{"id":"fd590d40-ef78-4558-b4f9-f3ca5af04edc", "isDeleted:":"true", "version":"1718383699982"}}
{"logTime": "0625/134845", "correlationVector":"MPRg3/r9x9q5NvtgQbQur3.65","action":"GetUpdates", "result":"DeleteReceived", "context":{"id":"917d28a7-0192-408b-9256-3ebc6a45d53d", "isDeleted:":"true", "version":"1718383699983"}}
{"logTime": "0625/134845", "correlationVector":"MPRg3/r9x9q5NvtgQbQur3.66","action":"GetUpdates", "result":"DeleteReceived", "context":{"id":"39555709-8b91-47b5-a844-001e29bbb950", "isDeleted:":"true", "version":"1718383699984"}}
{"logTime": "0625/134845", "correlationVector":"MPRg3/r9x9q5NvtgQbQur3.67","action":"GetUpdates", "result":"DeleteReceived", "context":{"id":"af1c8aee-00bb-4af0-96a6-f1a4d1ec74ad", "isDeleted:":"true", "version":"1718385897586"}}
{"logTime": "0625/134845", "correlationVector":"MPRg3/r9x9q5NvtgQbQur3.68","action":"GetUpdates", "result":"DeleteReceived", "context":{"id":"41bf24ae-d32b-47bb-8a50-5e456412bee6", "isDeleted:":"true", "version":"1718390131557"}}
{"logTime": "0625/134845", "correlationVector":"MPRg3/r9x9q5NvtgQbQur3.69","action":"GetUpdates", "result":"DeleteReceived", "context":{"id":"bec94be6-0570-4878-8c86-07fa5cc0e5e0", "isDeleted:":"true", "version":"1718467990391"}}
{"logTime": "0625/134845", "correlationVector":"MPRg3/r9x9q5NvtgQbQur3.70","action":"GetUpdates", "result":"DeleteReceived", "context":{"id":"62f8fa0a-6661-4eff-80cb-a4152509da55", "isDeleted:":"true", "version":"1718468029052"}}
{"logTime": "0625/134845", "correlationVector":"MPRg3/r9x9q5NvtgQbQur3.71","action":"GetUpdates", "result":"DeleteReceived", "context":{"id":"cd2a62d0-8025-4968-b6ca-6ec35dbbdb7d", "isDeleted:":"true", "version":"1718470018718"}}
{"logTime": "0625/134845", "correlationVector":"MPRg3/r9x9q5NvtgQbQur3.72","action":"GetUpdates", "result":"DeleteReceived", "context":{"id":"b414dfa1-646a-4e32-9a4c-588727888d0d", "isDeleted:":"true", "version":"1718470018720"}}
{"logTime": "0625/134845", "correlationVector":"MPRg3/r9x9q5NvtgQbQur3.73","action":"GetUpdates", "result":"DeleteReceived", "context":{"id":"963fc93d-18d6-4825-a0b3-d21784df6dee", "isDeleted:":"true", "version":"1718471133121"}}
{"logTime": "0625/134845", "correlationVector":"MPRg3/r9x9q5NvtgQbQur3.74","action":"GetUpdates", "result":"DeleteReceived", "context":{"id":"c40f9ca5-316e-4598-8758-42964a5a43c9", "isDeleted:":"true", "version":"1718471133122"}}
{"logTime": "0625/134845", "correlationVector":"MPRg3/r9x9q5NvtgQbQur3.75","action":"GetUpdates", "result":"DeleteReceived", "context":{"id":"baa793a4-0f12-4730-be32-1da00aacaccd", "isDeleted:":"true", "version":"1718471133125"}}
{"logTime": "0625/134845", "correlationVector":"MPRg3/r9x9q5NvtgQbQur3.76","action":"GetUpdates", "result":"DeleteReceived", "context":{"id":"454fb594-a308-48b6-bf3b-e012446eb3cf", "isDeleted:":"true", "version":"1718472950407"}}
{"logTime": "0625/134845", "correlationVector":"MPRg3/r9x9q5NvtgQbQur3.77","action":"GetUpdates", "result":"DeleteReceived", "context":{"id":"b48f1a74-829a-4a93-ba72-1509b1c8aea6", "isDeleted:":"true", "version":"1718473156788"}}
{"logTime": "0625/134845", "correlationVector":"MPRg3/r9x9q5NvtgQbQur3.78","action":"GetUpdates", "result":"DeleteReceived", "context":{"id":"0e96f891-8e6e-4b78-908c-1839243bff6a", "isDeleted:":"true", "version":"1718473318880"}}
{"logTime": "0625/134845", "correlationVector":"MPRg3/r9x9q5NvtgQbQur3.79","action":"GetUpdates", "result":"DeleteReceived", "context":{"id":"0d160629-5d8a-49ec-ac55-4a7154804d18", "isDeleted:":"true", "version":"1718473318881"}}
{"logTime": "0625/134845", "correlationVector":"MPRg3/r9x9q5NvtgQbQur3.80","action":"GetUpdates", "result":"DeleteReceived", "context":{"id":"fd837c04-0982-4f21-ba76-718ef7603fcd", "isDeleted:":"true", "version":"1718473357732"}}
{"logTime": "0625/134845", "correlationVector":"MPRg3/r9x9q5NvtgQbQur3.81","action":"GetUpdates", "result":"DeleteReceived", "context":{"id":"9207544e-e59d-4cc2-9e72-503908dbebc5", "isDeleted:":"true", "version":"1718473485278"}}
{"logTime": "0625/134845", "correlationVector":"MPRg3/r9x9q5NvtgQbQur3.82","action":"GetUpdates", "result":"DeleteReceived", "context":{"id":"89a20604-9667-44b5-b286-e62eb83ac176", "isDeleted:":"true", "version":"1718473515658"}}
{"logTime": "0625/134845", "correlationVector":"MPRg3/r9x9q5NvtgQbQur3.83","action":"GetUpdates", "result":"DeleteReceived", "context":{"id":"b3a2db77-5e4a-4d1f-97d6-8823825acdc8", "isDeleted:":"true", "version":"1718473515659"}}
{"logTime": "0625/134845", "correlationVector":"MPRg3/r9x9q5NvtgQbQur3.84","action":"GetUpdates", "result":"DeleteReceived", "context":{"id":"2e7f976e-1d23-4b2a-9b6d-6ff6df8edf7e", "isDeleted:":"true", "version":"1718473515660"}}
{"logTime": "0625/134845", "correlationVector":"MPRg3/r9x9q5NvtgQbQur3.85","action":"GetUpdates", "result":"DeleteReceived", "context":{"id":"83b6e25a-aea6-441d-8a1a-baa432516aef", "isDeleted:":"true", "version":"1718473515661"}}
{"logTime": "0625/134845", "correlationVector":"MPRg3/r9x9q5NvtgQbQur3.86","action":"GetUpdates", "result":"DeleteReceived", "context":{"id":"e3be6d9c-204a-408d-a8ad-d7fb2c007d23", "isDeleted:":"true", "version":"1718534814221"}}
{"logTime": "0625/134845", "correlationVector":"MPRg3/r9x9q5NvtgQbQur3.87","action":"GetUpdates", "result":"DeleteReceived", "context":{"id":"66b4f55c-db2d-497d-8cdc-dcafb4342a67", "isDeleted:":"true", "version":"1718534814222"}}
{"logTime": "0625/134845", "correlationVector":"MPRg3/r9x9q5NvtgQbQur3.88","action":"GetUpdates", "result":"DeleteReceived", "context":{"id":"9b6670d1-d6ad-4c37-b6fa-8f214e34da07", "isDeleted:":"true", "version":"1718534814224"}}
{"logTime": "0625/134845", "correlationVector":"MPRg3/r9x9q5NvtgQbQur3.89","action":"GetUpdates", "result":"DeleteReceived", "context":{"id":"b15fb5de-8e20-404a-9456-0ecdc4cb49b3", "isDeleted:":"true", "version":"1718534814225"}}
{"logTime": "0625/134845", "correlationVector":"MPRg3/r9x9q5NvtgQbQur3.90","action":"GetUpdates", "result":"DeleteReceived", "context":{"id":"8b19c118-c3c9-44a2-87c5-bf5694a961bf", "isDeleted:":"true", "version":"1718535104244"}}
{"logTime": "0625/134845", "correlationVector":"MPRg3/r9x9q5NvtgQbQur3.91","action":"GetUpdates", "result":"DeleteReceived", "context":{"id":"bf4ee948-1f7f-4623-a88f-9fb7e9560962", "isDeleted:":"true", "version":"1718535104245"}}
{"logTime": "0625/134845", "correlationVector":"MPRg3/r9x9q5NvtgQbQur3.92","action":"GetUpdates", "result":"DeleteReceived", "context":{"id":"f0098725-642f-42ce-882f-c10aca52c771", "isDeleted:":"true", "version":"1718535110015"}}
{"logTime": "0625/134845", "correlationVector":"MPRg3/r9x9q5NvtgQbQur3.93","action":"GetUpdates", "result":"DeleteReceived", "context":{"id":"4ab08e03-1b79-4439-b68f-9c1616c6ade5", "isDeleted:":"true", "version":"1718536136595"}}
{"logTime": "0625/134845", "correlationVector":"MPRg3/r9x9q5NvtgQbQur3.94","action":"GetUpdates", "result":"DeleteReceived", "context":{"id":"29b88088-6348-43e9-960a-3c8000b709bb", "isDeleted:":"true", "version":"1718537727240"}}
{"logTime": "0625/134845", "correlationVector":"MPRg3/r9x9q5NvtgQbQur3.95","action":"GetUpdates", "result":"DeleteReceived", "context":{"id":"fdfd230b-65d7-4002-b48b-e6bedea1bd04", "isDeleted:":"true", "version":"1718537875674"}}
{"logTime": "0625/134845", "correlationVector":"MPRg3/r9x9q5NvtgQbQur3.96","action":"GetUpdates", "result":"DeleteReceived", "context":{"id":"3c04f861-3bef-48e7-a861-9fa76b1fa5e7", "isDeleted:":"true", "version":"1718539028070"}}
{"logTime": "0625/134845", "correlationVector":"MPRg3/r9x9q5NvtgQbQur3.97","action":"GetUpdates", "result":"DeleteReceived", "context":{"id":"b1fb56f5-8652-4ae5-93b9-2f7f99ad4ea2", "isDeleted:":"true", "version":"1718540017523"}}
{"logTime": "0625/134845", "correlationVector":"MPRg3/r9x9q5NvtgQbQur3.98","action":"GetUpdates", "result":"DeleteReceived", "context":{"id":"21b36f35-0ffa-420b-b1bf-d6c9258b7981", "isDeleted:":"true", "version":"1718540269916"}}
{"logTime": "0625/134845", "correlationVector":"MPRg3/r9x9q5NvtgQbQur3.99","action":"GetUpdates", "result":"DeleteReceived", "context":{"id":"ef1a9d48-83b5-4bca-9cbc-39cfa3222d07", "isDeleted:":"true", "version":"1718549515350"}}
{"logTime": "0625/134845", "correlationVector":"MPRg3/r9x9q5NvtgQbQur3.100","action":"GetUpdates", "result":"DeleteReceived", "context":{"id":"6a23f002-656a-4a6c-9371-3f53c69ca55c", "isDeleted:":"true", "version":"1718551590653"}}
{"logTime": "0625/134845", "correlationVector":"MPRg3/r9x9q5NvtgQbQur3.101","action":"GetUpdates", "result":"DeleteReceived", "context":{"id":"55e88137-a86f-4017-9168-0e678b63b860", "isDeleted:":"true", "version":"1718551974178"}}
{"logTime": "0625/134845", "correlationVector":"MPRg3/r9x9q5NvtgQbQur3.102","action":"GetUpdates", "result":"DeleteReceived", "context":{"id":"14e94f0b-b6a0-4fbe-9716-802350b55a88", "isDeleted:":"true", "version":"1718551974179"}}
{"logTime": "0625/134845", "correlationVector":"MPRg3/r9x9q5NvtgQbQur3.103","action":"GetUpdates", "result":"DeleteReceived", "context":{"id":"711889ab-3d51-49f9-9e2e-583d9db84815", "isDeleted:":"true", "version":"1718559141062"}}
{"logTime": "0625/134845", "correlationVector":"MPRg3/r9x9q5NvtgQbQur3.104","action":"GetUpdates", "result":"DeleteReceived", "context":{"id":"51741f70-9ec6-4776-be99-8096aec4d128", "isDeleted:":"true", "version":"1718559141063"}}
{"logTime": "0625/134845", "correlationVector":"MPRg3/r9x9q5NvtgQbQur3.105","action":"GetUpdates", "result":"DeleteReceived", "context":{"id":"13436825-1b5f-4c57-80bf-75f489986a03", "isDeleted:":"true", "version":"1718559489290"}}
{"logTime": "0625/134845", "correlationVector":"MPRg3/r9x9q5NvtgQbQur3.106","action":"GetUpdates", "result":"DeleteReceived", "context":{"id":"fe3875ae-4e9e-430a-8868-2e155512f8aa", "isDeleted:":"true", "version":"1718559721843"}}
{"logTime": "0625/134845", "correlationVector":"MPRg3/r9x9q5NvtgQbQur3.107","action":"GetUpdates", "result":"DeleteReceived", "context":{"id":"7c7b122b-8d44-4afe-aae2-f9e29da2e807", "isDeleted:":"true", "version":"1718559721845"}}
{"logTime": "0625/134845", "correlationVector":"MPRg3/r9x9q5NvtgQbQur3.108","action":"GetUpdates", "result":"DeleteReceived", "context":{"id":"e4b224c9-5868-4e58-b99d-5856226362de", "isDeleted:":"true", "version":"1718559721846"}}
{"logTime": "0625/134845", "correlationVector":"MPRg3/r9x9q5NvtgQbQur3.109","action":"GetUpdates", "result":"DeleteReceived", "context":{"id":"46629590-0b32-46d4-a5c8-f94220a1e0d4", "isDeleted:":"true", "version":"1718562978946"}}
{"logTime": "0625/134845", "correlationVector":"MPRg3/r9x9q5NvtgQbQur3.110","action":"GetUpdates", "result":"DeleteReceived", "context":{"id":"b07177e0-78d9-4d75-ad82-340ed8a68026", "isDeleted:":"true", "version":"1718628412702"}}
{"logTime": "0625/134845", "correlationVector":"MPRg3/r9x9q5NvtgQbQur3.111","action":"GetUpdates", "result":"DeleteReceived", "context":{"id":"c0f407cd-ef95-4a5e-a3d3-fdc0b778c4ce", "isDeleted:":"true", "version":"1718628712391"}}
{"logTime": "0625/134845", "correlationVector":"MPRg3/r9x9q5NvtgQbQur3.112","action":"GetUpdates", "result":"DeleteReceived", "context":{"id":"a953f035-228f-4cb4-8918-b388e595e54b", "isDeleted:":"true", "version":"1718632202348"}}
{"logTime": "0625/134845", "correlationVector":"MPRg3/r9x9q5NvtgQbQur3.113","action":"GetUpdates", "result":"DeleteReceived", "context":{"id":"c76845c1-ba87-44af-83b4-797f85cb2773", "isDeleted:":"true", "version":"1718632244510"}}
{"logTime": "0625/134845", "correlationVector":"MPRg3/r9x9q5NvtgQbQur3.114","action":"GetUpdates", "result":"DeleteReceived", "context":{"id":"c95a2a6e-e797-4a48-8df2-a3448f6c7ab3", "isDeleted:":"true", "version":"1718632904977"}}
{"logTime": "0625/134845", "correlationVector":"MPRg3/r9x9q5NvtgQbQur3.115","action":"GetUpdates", "result":"DeleteReceived", "context":{"id":"cf5a4e72-5a85-4dd5-bf8f-25ca5474477d", "isDeleted:":"true", "version":"1718632965003"}}
{"logTime": "0625/134845", "correlationVector":"MPRg3/r9x9q5NvtgQbQur3.116","action":"GetUpdates", "result":"DeleteReceived", "context":{"id":"80e8c12f-bd57-4226-a7af-7c458bfa3d73", "isDeleted:":"true", "version":"1718633122882"}}
{"logTime": "0625/134845", "correlationVector":"MPRg3/r9x9q5NvtgQbQur3.117","action":"GetUpdates", "result":"DeleteReceived", "context":{"id":"983e81f8-f016-4005-adb1-363181f61616", "isDeleted:":"true", "version":"1718633122884"}}
{"logTime": "0625/134845", "correlationVector":"MPRg3/r9x9q5NvtgQbQur3.118","action":"GetUpdates", "result":"DeleteReceived", "context":{"id":"2b52e310-7eb6-40df-9255-ee77a0adfa24", "isDeleted:":"true", "version":"1718633122885"}}
{"logTime": "0625/134845", "correlationVector":"MPRg3/r9x9q5NvtgQbQur3.119","action":"GetUpdates", "result":"DeleteReceived", "context":{"id":"cfe355c2-ce02-4c5f-b4bd-a0cdc6776f1a", "isDeleted:":"true", "version":"1718633122886"}}
{"logTime": "0625/134845", "correlationVector":"MPRg3/r9x9q5NvtgQbQur3.120","action":"GetUpdates", "result":"DeleteReceived", "context":{"id":"6d9902ea-76b7-4dbf-9199-0409a081c075", "isDeleted:":"true", "version":"1718633163364"}}
{"logTime": "0625/134845", "correlationVector":"MPRg3/r9x9q5NvtgQbQur3.121","action":"GetUpdates", "result":"DeleteReceived", "context":{"id":"dc1a37dd-21a5-4804-b0a4-33120e36eb50", "isDeleted:":"true", "version":"1718633207593"}}
{"logTime": "0625/134845", "correlationVector":"MPRg3/r9x9q5NvtgQbQur3.122","action":"GetUpdates", "result":"DeleteReceived", "context":{"id":"4cb7d556-ec93-499f-8a08-56a87a94525d", "isDeleted:":"true", "version":"1718633614038"}}
{"logTime": "0625/134845", "correlationVector":"MPRg3/r9x9q5NvtgQbQur3.123","action":"GetUpdates", "result":"DeleteReceived", "context":{"id":"1d4b550c-9ea2-4360-abf6-af298700072a", "isDeleted:":"true", "version":"1718633614039"}}
{"logTime": "0625/134845", "correlationVector":"MPRg3/r9x9q5NvtgQbQur3.124","action":"GetUpdates", "result":"DeleteReceived", "context":{"id":"f6b76598-705e-427b-a1bb-bd67c1e9eb27", "isDeleted:":"true", "version":"1718633614040"}}
{"logTime": "0625/134845", "correlationVector":"MPRg3/r9x9q5NvtgQbQur3.125","action":"GetUpdates", "result":"DeleteReceived", "context":{"id":"31445075-7532-43b0-a56e-c2b1112184bd", "isDeleted:":"true", "version":"1718737419008"}}
{"logTime": "0625/134845", "correlationVector":"MPRg3/r9x9q5NvtgQbQur3.126","action":"GetUpdates", "result":"DeleteReceived", "context":{"id":"5d1c5a1d-7606-4a2e-bdb0-9be7ad8b9515", "isDeleted:":"true", "version":"1718737419009"}}
{"logTime": "0625/134845", "correlationVector":"MPRg3/r9x9q5NvtgQbQur3.127","action":"GetUpdates", "result":"DeleteReceived", "context":{"id":"6bc82563-0d3a-44e4-b571-fceabd9ed47d", "isDeleted:":"true", "version":"1718737419010"}}
{"logTime": "0625/134845", "correlationVector":"MPRg3/r9x9q5NvtgQbQur3.128","action":"GetUpdates", "result":"DeleteReceived", "context":{"id":"000d1148-4fae-4b99-b922-9bafeb8569f0", "isDeleted:":"true", "version":"1718737419011"}}
{"logTime": "0625/134845", "correlationVector":"MPRg3/r9x9q5NvtgQbQur3.129","action":"GetUpdates", "result":"DeleteReceived", "context":{"id":"842c690c-c9d3-40dd-872a-6d775ff33230", "isDeleted:":"true", "version":"1718737419012"}}
{"logTime": "0625/134845", "correlationVector":"MPRg3/r9x9q5NvtgQbQur3.130","action":"GetUpdates", "result":"DeleteReceived", "context":{"id":"c0c982f8-111f-4643-9a1f-cd43d3d1b293", "isDeleted:":"true", "version":"1718737419013"}}
{"logTime": "0625/134845", "correlationVector":"MPRg3/r9x9q5NvtgQbQur3.131","action":"GetUpdates", "result":"DeleteReceived", "context":{"id":"d45509a1-2407-46e3-b99b-baf8c14af457", "isDeleted:":"true", "version":"1718737419015"}}
{"logTime": "0625/134845", "correlationVector":"MPRg3/r9x9q5NvtgQbQur3.132","action":"GetUpdates", "result":"DeleteReceived", "context":{"id":"716484e4-f595-4e50-bc24-7ed663e063c2", "isDeleted:":"true", "version":"1718737419016"}}
{"logTime": "0625/134845", "correlationVector":"MPRg3/r9x9q5NvtgQbQur3.133","action":"GetUpdates", "result":"DeleteReceived", "context":{"id":"a51960b1-0682-4d0d-bb1c-d08d57a41665", "isDeleted:":"true", "version":"1718738888111"}}
{"logTime": "0625/134845", "correlationVector":"MPRg3/r9x9q5NvtgQbQur3.134","action":"GetUpdates", "result":"DeleteReceived", "context":{"id":"4b94fa18-00b0-40cf-8ad1-35d47e6c376c", "isDeleted:":"true", "version":"1718739353675"}}
{"logTime": "0625/134845", "correlationVector":"MPRg3/r9x9q5NvtgQbQur3.135","action":"GetUpdates", "result":"DeleteReceived", "context":{"id":"3a51f3b9-120c-4a40-9abb-8200c7f9735e", "isDeleted:":"true", "version":"1718739353677"}}
{"logTime": "0625/134845", "correlationVector":"MPRg3/r9x9q5NvtgQbQur3.136","action":"GetUpdates", "result":"DeleteReceived", "context":{"id":"142cd7ca-64d0-490d-a20f-207a16dc1bae", "isDeleted:":"true", "version":"1718887167997"}}
{"logTime": "0625/134845", "correlationVector":"MPRg3/r9x9q5NvtgQbQur3.137","action":"GetUpdates", "result":"DeleteReceived", "context":{"id":"7cb1dab0-16ec-4e0d-8648-38a2677598eb", "isDeleted:":"true", "version":"1718887167998"}}
{"logTime": "0625/134845", "correlationVector":"MPRg3/r9x9q5NvtgQbQur3.138","action":"GetUpdates", "result":"DeleteReceived", "context":{"id":"8a4ea077-d369-41c5-a54f-ed8a6683222b", "isDeleted:":"true", "version":"1718887467153"}}
{"logTime": "0625/134845", "correlationVector":"MPRg3/r9x9q5NvtgQbQur3.139","action":"GetUpdates", "result":"DeleteReceived", "context":{"id":"0aa3ad31-3ee7-4b73-8b9b-69735b935647", "isDeleted:":"true", "version":"1718887467154"}}
{"logTime": "0625/134845", "correlationVector":"MPRg3/r9x9q5NvtgQbQur3.140","action":"GetUpdates", "result":"DeleteReceived", "context":{"id":"96c69490-9825-4561-8b61-91a3e0503661", "isDeleted:":"true", "version":"1718888879892"}}
{"logTime": "0625/134845", "correlationVector":"MPRg3/r9x9q5NvtgQbQur3.141","action":"GetUpdates", "result":"DeleteReceived", "context":{"id":"32fab8f9-bbc9-4199-9e3a-6250ed5614d6", "isDeleted:":"true", "version":"1718888879893"}}
{"logTime": "0625/134845", "correlationVector":"MPRg3/r9x9q5NvtgQbQur3.142","action":"GetUpdates", "result":"DeleteReceived", "context":{"id":"acbc38d0-6513-4d72-9dc9-5cc1b048e8c9", "isDeleted:":"true", "version":"1718890241370"}}
{"logTime": "0625/134845", "correlationVector":"MPRg3/r9x9q5NvtgQbQur3.143","action":"GetUpdates", "result":"DeleteReceived", "context":{"id":"d4beacce-792c-46e7-91ab-892994f271b1", "isDeleted:":"true", "version":"1718891190854"}}
{"logTime": "0625/134845", "correlationVector":"MPRg3/r9x9q5NvtgQbQur3.144","action":"GetUpdates", "result":"DeleteReceived", "context":{"id":"36db0e2b-2551-4db6-9fec-e9e2c0bcfe7f", "isDeleted:":"true", "version":"1718892156111"}}
{"logTime": "0625/134845", "correlationVector":"MPRg3/r9x9q5NvtgQbQur3.145","action":"GetUpdates", "result":"DeleteReceived", "context":{"id":"fa28775e-7d39-47fe-832e-bd68e04126de", "isDeleted:":"true", "version":"1718893140135"}}
{"logTime": "0625/134845", "correlationVector":"MPRg3/r9x9q5NvtgQbQur3.146","action":"GetUpdates", "result":"DeleteReceived", "context":{"id":"921bcb99-93ba-461f-a556-76767502a0e5", "isDeleted:":"true", "version":"1718893140136"}}
{"logTime": "0625/134845", "correlationVector":"MPRg3/r9x9q5NvtgQbQur3.147","action":"GetUpdates", "result":"DeleteReceived", "context":{"id":"f520713a-eae7-4863-a47a-7d59c5cc8b76", "isDeleted:":"true", "version":"1718893140137"}}
{"logTime": "0625/134845", "correlationVector":"MPRg3/r9x9q5NvtgQbQur3.148","action":"GetUpdates", "result":"DeleteReceived", "context":{"id":"7a7ec43d-7031-4654-bc14-374e113cca20", "isDeleted:":"true", "version":"1718896747280"}}
{"logTime": "0625/134845", "correlationVector":"MPRg3/r9x9q5NvtgQbQur3.149","action":"GetUpdates", "result":"DeleteReceived", "context":{"id":"1a481106-9b46-47e1-a3ac-15b09dc13f90", "isDeleted:":"true", "version":"1718898439637"}}
{"logTime": "0625/134845", "correlationVector":"MPRg3/r9x9q5NvtgQbQur3.150","action":"GetUpdates", "result":"DeleteReceived", "context":{"id":"aad8099f-bac4-4d04-ae5c-4f42ebcdf431", "isDeleted:":"true", "version":"1718905095132"}}
{"logTime": "0625/134845", "correlationVector":"MPRg3/r9x9q5NvtgQbQur3.151","action":"GetUpdates", "result":"DeleteReceived", "context":{"id":"69bb7a3a-29d2-411d-8017-1a2f1e88858e", "isDeleted:":"true", "version":"1718905528328"}}
{"logTime": "0625/134845", "correlationVector":"MPRg3/r9x9q5NvtgQbQur3.152","action":"GetUpdates", "result":"DeleteReceived", "context":{"id":"9a9c58b8-5295-4015-8f35-e5fd3f0aa9ac", "isDeleted:":"true", "version":"1718905528330"}}
{"logTime": "0625/134845", "correlationVector":"MPRg3/r9x9q5NvtgQbQur3.153","action":"GetUpdates", "result":"DeleteReceived", "context":{"id":"dc9ad349-7ea7-4f47-85dc-b3c192647e5f", "isDeleted:":"true", "version":"1718906905024"}}
{"logTime": "0625/134845", "correlationVector":"MPRg3/r9x9q5NvtgQbQur3.154","action":"GetUpdates", "result":"DeleteReceived", "context":{"id":"9d0bca37-f767-4eb5-8e54-daf4af635844", "isDeleted:":"true", "version":"1718907220849"}}
{"logTime": "0625/134845", "correlationVector":"MPRg3/r9x9q5NvtgQbQur3.155","action":"GetUpdates", "result":"DeleteReceived", "context":{"id":"c98e695f-397d-47cc-8fc2-ed1af5df1969", "isDeleted:":"true", "version":"1718908803845"}}
{"logTime": "0625/134845", "correlationVector":"MPRg3/r9x9q5NvtgQbQur3.156","action":"GetUpdates", "result":"DeleteReceived", "context":{"id":"0b5569ea-2aa0-4e49-8a63-4ec62ef387ae", "isDeleted:":"true", "version":"1718908803847"}}
{"logTime": "0625/134845", "correlationVector":"MPRg3/r9x9q5NvtgQbQur3.157","action":"GetUpdates", "result":"DeleteReceived", "context":{"id":"497830d3-813f-4b90-83ad-ec691c457558", "isDeleted:":"true", "version":"1718909145966"}}
{"logTime": "0625/134845", "correlationVector":"MPRg3/r9x9q5NvtgQbQur3.158","action":"GetUpdates", "result":"DeleteReceived", "context":{"id":"b4f4f06e-80b3-454c-a429-ae6cbc39cf1a", "isDeleted:":"true", "version":"1718911790097"}}
{"logTime": "0625/134845", "correlationVector":"MPRg3/r9x9q5NvtgQbQur3.159","action":"GetUpdates", "result":"DeleteReceived", "context":{"id":"26034dde-bbc3-4de5-9d84-898fb2a76243", "isDeleted:":"true", "version":"1718911790098"}}
{"logTime": "0625/134845", "correlationVector":"MPRg3/r9x9q5NvtgQbQur3.160","action":"GetUpdates", "result":"DeleteReceived", "context":{"id":"0a59ac8d-3467-440b-bf02-fee2b2634087", "isDeleted:":"true", "version":"1718912467228"}}
{"logTime": "0625/134845", "correlationVector":"MPRg3/r9x9q5NvtgQbQur3.161","action":"GetUpdates", "result":"DeleteReceived", "context":{"id":"6025c462-45ca-4472-9ba4-f765ba2d0eb8", "isDeleted:":"true", "version":"1718913181451"}}
{"logTime": "0625/134845", "correlationVector":"MPRg3/r9x9q5NvtgQbQur3.162","action":"GetUpdates", "result":"DeleteReceived", "context":{"id":"14df977c-e138-466f-8ca8-25d421be236a", "isDeleted:":"true", "version":"1718913264211"}}
{"logTime": "0625/134845", "correlationVector":"MPRg3/r9x9q5NvtgQbQur3.163","action":"GetUpdates", "result":"DeleteReceived", "context":{"id":"39874bc3-5ea0-416f-a63c-2adba28e4694", "isDeleted:":"true", "version":"1718913527538"}}
{"logTime": "0625/134845", "correlationVector":"MPRg3/r9x9q5NvtgQbQur3.164","action":"GetUpdates", "result":"DeleteReceived", "context":{"id":"0e51b383-5139-4bc7-ad8e-3760356b5dbd", "isDeleted:":"true", "version":"1718913689262"}}
{"logTime": "0625/134845", "correlationVector":"MPRg3/r9x9q5NvtgQbQur3.165","action":"GetUpdates", "result":"DeleteReceived", "context":{"id":"20c64a39-78af-4998-a5c3-17ecb637de63", "isDeleted:":"true", "version":"1718913859264"}}
{"logTime": "0625/134845", "correlationVector":"MPRg3/r9x9q5NvtgQbQur3.166","action":"GetUpdates", "result":"DeleteReceived", "context":{"id":"39865b8b-973b-4681-9046-7abc6288bfb5", "isDeleted:":"true", "version":"1718914236077"}}
{"logTime": "0625/134845", "correlationVector":"MPRg3/r9x9q5NvtgQbQur3.167","action":"GetUpdates", "result":"DeleteReceived", "context":{"id":"72ea83f2-6030-4327-86fc-c05d728c5df4", "isDeleted:":"true", "version":"1718914649668"}}
{"logTime": "0625/134845", "correlationVector":"MPRg3/r9x9q5NvtgQbQur3.168","action":"GetUpdates", "result":"DeleteReceived", "context":{"id":"47f2d3c2-5ebd-4002-a702-681f4f963279", "isDeleted:":"true", "version":"1718914711106"}}
{"logTime": "0625/134845", "correlationVector":"MPRg3/r9x9q5NvtgQbQur3.169","action":"GetUpdates", "result":"DeleteReceived", "context":{"id":"62aee058-d8b8-4623-a95d-d95d94ec2c3e", "isDeleted:":"true", "version":"1718948315351"}}
{"logTime": "0625/134845", "correlationVector":"MPRg3/r9x9q5NvtgQbQur3.170","action":"GetUpdates", "result":"DeleteReceived", "context":{"id":"57489780-3f86-4b36-9982-31596f903544", "isDeleted:":"true", "version":"1718948315352"}}
{"logTime": "0625/134845", "correlationVector":"MPRg3/r9x9q5NvtgQbQur3.171","action":"GetUpdates", "result":"DeleteReceived", "context":{"id":"47e88fdd-6de6-463f-a91d-a0d0d1adc378", "isDeleted:":"true", "version":"1718948495665"}}
{"logTime": "0625/134845", "correlationVector":"MPRg3/r9x9q5NvtgQbQur3.172","action":"GetUpdates", "result":"DeleteReceived", "context":{"id":"3a887bc7-b43f-4c55-8694-7e9d640b2f23", "isDeleted:":"true", "version":"1718948890783"}}
{"logTime": "0625/134845", "correlationVector":"MPRg3/r9x9q5NvtgQbQur3.173","action":"GetUpdates", "result":"DeleteReceived", "context":{"id":"4becd11a-561f-4ea6-ae98-acd1390b79d4", "isDeleted:":"true", "version":"1718949104248"}}
{"logTime": "0625/134845", "correlationVector":"MPRg3/r9x9q5NvtgQbQur3.174","action":"GetUpdates", "result":"DeleteReceived", "context":{"id":"f5559a60-bc5c-465b-b3ff-a2271208d867", "isDeleted:":"true", "version":"1718949741165"}}
{"logTime": "0625/134845", "correlationVector":"MPRg3/r9x9q5NvtgQbQur3.175","action":"GetUpdates", "result":"DeleteReceived", "context":{"id":"5562fb54-513e-4859-ab8b-2812a725af45", "isDeleted:":"true", "version":"1718950076458"}}
{"logTime": "0625/134845", "correlationVector":"MPRg3/r9x9q5NvtgQbQur3.176","action":"GetUpdates", "result":"DeleteReceived", "context":{"id":"954cd68c-2c81-4032-ad4e-68a8ed1c23ea", "isDeleted:":"true", "version":"1718950122609"}}
{"logTime": "0625/134845", "correlationVector":"MPRg3/r9x9q5NvtgQbQur3.177","action":"GetUpdates", "result":"DeleteReceived", "context":{"id":"4a67be61-b5c9-4a47-973c-f02a1adcec8d", "isDeleted:":"true", "version":"1718950122610"}}
{"logTime": "0625/134845", "correlationVector":"MPRg3/r9x9q5NvtgQbQur3.178","action":"GetUpdates", "result":"DeleteReceived", "context":{"id":"449a5d39-79af-42cc-a947-a79dd5ca595d", "isDeleted:":"true", "version":"1718950122611"}}
{"logTime": "0625/134845", "correlationVector":"MPRg3/r9x9q5NvtgQbQur3.179","action":"GetUpdates", "result":"DeleteReceived", "context":{"id":"3359dd6f-f6df-485d-b055-e360a02bed17", "isDeleted:":"true", "version":"1718950957152"}}
{"logTime": "0625/134845", "correlationVector":"MPRg3/r9x9q5NvtgQbQur3.180","action":"GetUpdates", "result":"DeleteReceived", "context":{"id":"839afaf4-f782-47fb-a221-7114f5717517", "isDeleted:":"true", "version":"1718950957153"}}
{"logTime": "0625/134845", "correlationVector":"MPRg3/r9x9q5NvtgQbQur3.181","action":"GetUpdates", "result":"DeleteReceived", "context":{"id":"632b403e-ced3-4357-9530-387244006448", "isDeleted:":"true", "version":"1718951691576"}}
{"logTime": "0625/134845", "correlationVector":"MPRg3/r9x9q5NvtgQbQur3.182","action":"GetUpdates", "result":"DeleteReceived", "context":{"id":"259492fd-c1a5-439c-877f-9629ff405522", "isDeleted:":"true", "version":"1718951691581"}}
{"logTime": "0625/134845", "correlationVector":"MPRg3/r9x9q5NvtgQbQur3.183","action":"GetUpdates", "result":"DeleteReceived", "context":{"id":"68076552-dc13-4357-a55c-5148afe1ca72", "isDeleted:":"true", "version":"1718951755198"}}
{"logTime": "0625/134845", "correlationVector":"MPRg3/r9x9q5NvtgQbQur3.184","action":"GetUpdates", "result":"DeleteReceived", "context":{"id":"3ca3eb74-8bb8-4495-b701-e0c380b1384c", "isDeleted:":"true", "version":"1718951916956"}}
{"logTime": "0625/134845", "correlationVector":"MPRg3/r9x9q5NvtgQbQur3.185","action":"GetUpdates", "result":"DeleteReceived", "context":{"id":"0e68da6e-f72e-4914-8a9d-d168a378212e", "isDeleted:":"true", "version":"1718952242666"}}
{"logTime": "0625/134845", "correlationVector":"MPRg3/r9x9q5NvtgQbQur3.186","action":"GetUpdates", "result":"DeleteReceived", "context":{"id":"fd649b43-90a9-4e60-a66c-6e0515d12cdd", "isDeleted:":"true", "version":"1718952286278"}}
{"logTime": "0625/134845", "correlationVector":"MPRg3/r9x9q5NvtgQbQur3.187","action":"GetUpdates Response", "result":"Success", "context":Received 250 update(s). cV=MPRg3/r9x9q5NvtgQbQur3.0;server=GENERAL0300000W;cloudType=Consumer;environment=Prod_SoutheastAsia_000j;migrationStage=NotStarted Some updates remain.}
{"logTime": "0625/134845", "correlationVector":"ERxjRleVPoMUSLEU/ujjEn","action":"Initial GetUpdates", "result":"", "context":Reason: RECONFIGURATION. cV=ERxjRleVPoMUSLEU/ujjEn}
{"logTime": "0625/134846", "correlationVector":"ERxjRleVPoMUSLEU/ujjEn.1","action":"SyncServerConnectionManagerRequest", "result":"SYNC_SERVER_OK", "context":{"environment":"Prod_SoutheastAsia_000j", "migrationStage":"NotStarted", "server":"GENERAL01000019"}}
{"logTime": "0625/134846", "correlationVector":"ERxjRleVPoMUSLEU/ujjEn.2","action":"GetUpdates", "result":"DeleteReceived", "context":{"id":"d0ae5818-ab81-4596-950e-43b51d0a1494", "isDeleted:":"true", "version":"1718952317572"}}
{"logTime": "0625/134846", "correlationVector":"ERxjRleVPoMUSLEU/ujjEn.3","action":"GetUpdates", "result":"DeleteReceived", "context":{"id":"6da15fe1-11fc-431e-8796-80ac1742a6ea", "isDeleted:":"true", "version":"1718952484758"}}
{"logTime": "0625/134846", "correlationVector":"ERxjRleVPoMUSLEU/ujjEn.4","action":"GetUpdates", "result":"DeleteReceived", "context":{"id":"5f7fbf6e-2329-4afe-939c-e42795b2a5f4", "isDeleted:":"true", "version":"1718953180088"}}
{"logTime": "0625/134846", "correlationVector":"ERxjRleVPoMUSLEU/ujjEn.5","action":"GetUpdates", "result":"DeleteReceived", "context":{"id":"d0568c2a-b728-4d4e-8636-b0126ccb0166", "isDeleted:":"true", "version":"1718953180089"}}
{"logTime": "0625/134846", "correlationVector":"ERxjRleVPoMUSLEU/ujjEn.6","action":"GetUpdates", "result":"DeleteReceived", "context":{"id":"6b93a210-3ebb-4742-9ffe-34539754357f", "isDeleted:":"true", "version":"1718953268703"}}
{"logTime": "0625/134846", "correlationVector":"ERxjRleVPoMUSLEU/ujjEn.7","action":"GetUpdates", "result":"DeleteReceived", "context":{"id":"31b121d1-071d-41d7-9530-5666cf697d54", "isDeleted:":"true", "version":"1718953463959"}}
{"logTime": "0625/134846", "correlationVector":"ERxjRleVPoMUSLEU/ujjEn.8","action":"GetUpdates", "result":"DeleteReceived", "context":{"id":"84e1c52b-d16a-4f52-8322-3e32ab5c65ac", "isDeleted:":"true", "version":"1718954023478"}}
{"logTime": "0625/134846", "correlationVector":"ERxjRleVPoMUSLEU/ujjEn.9","action":"GetUpdates", "result":"DeleteReceived", "context":{"id":"c5ab7b33-ae67-4d73-acfe-f7088f16820b", "isDeleted:":"true", "version":"1718954023479"}}
{"logTime": "0625/134846", "correlationVector":"ERxjRleVPoMUSLEU/ujjEn.10","action":"GetUpdates", "result":"DeleteReceived", "context":{"id":"3080ee48-28b1-4521-b087-454b9fe66883", "isDeleted:":"true", "version":"1718954023480"}}
{"logTime": "0625/134846", "correlationVector":"ERxjRleVPoMUSLEU/ujjEn.11","action":"GetUpdates", "result":"DeleteReceived", "context":{"id":"84c430e6-20ba-4139-be24-462e5f76e92e", "isDeleted:":"true", "version":"1718954225700"}}
{"logTime": "0625/134846", "correlationVector":"ERxjRleVPoMUSLEU/ujjEn.12","action":"GetUpdates", "result":"DeleteReceived", "context":{"id":"177b7e6f-aa46-4dc4-a8bf-4c15719e2a4f", "isDeleted:":"true", "version":"1718954291264"}}
{"logTime": "0625/134846", "correlationVector":"ERxjRleVPoMUSLEU/ujjEn.13","action":"GetUpdates", "result":"DeleteReceived", "context":{"id":"ab28d36a-1241-4744-be08-f652399a004e", "isDeleted:":"true", "version":"1718954291266"}}
{"logTime": "0625/134846", "correlationVector":"ERxjRleVPoMUSLEU/ujjEn.14","action":"GetUpdates", "result":"DeleteReceived", "context":{"id":"2344da56-1dd8-483e-bc39-93f90533aea2", "isDeleted:":"true", "version":"1718954870084"}}
{"logTime": "0625/134846", "correlationVector":"ERxjRleVPoMUSLEU/ujjEn.15","action":"GetUpdates", "result":"DeleteReceived", "context":{"id":"bea09abd-1f6d-4f31-a19c-9fc87ad2ffa6", "isDeleted:":"true", "version":"1718955699996"}}
{"logTime": "0625/134846", "correlationVector":"ERxjRleVPoMUSLEU/ujjEn.16","action":"GetUpdates", "result":"DeleteReceived", "context":{"id":"3d53a7d5-3bac-4932-a9a4-6fc4da6fe282", "isDeleted:":"true", "version":"1718955814646"}}
{"logTime": "0625/134846", "correlationVector":"ERxjRleVPoMUSLEU/ujjEn.17","action":"GetUpdates", "result":"DeleteReceived", "context":{"id":"c8bbc158-43e7-471f-833a-e8e3e0fc8ed3", "isDeleted:":"true", "version":"1718956299393"}}
{"logTime": "0625/134846", "correlationVector":"ERxjRleVPoMUSLEU/ujjEn.18","action":"GetUpdates", "result":"DeleteReceived", "context":{"id":"1f865b98-1f54-458c-a5a3-57d004753030", "isDeleted:":"true", "version":"1718956337208"}}
{"logTime": "0625/134846", "correlationVector":"ERxjRleVPoMUSLEU/ujjEn.19","action":"GetUpdates", "result":"DeleteReceived", "context":{"id":"39d06eec-7a29-4a68-8d55-1640e4429bfc", "isDeleted:":"true", "version":"1718956337209"}}
{"logTime": "0625/134846", "correlationVector":"ERxjRleVPoMUSLEU/ujjEn.20","action":"GetUpdates", "result":"DeleteReceived", "context":{"id":"e166d81e-d1ea-4297-a18f-d3edfc73a04f", "isDeleted:":"true", "version":"1718958814094"}}
{"logTime": "0625/134846", "correlationVector":"ERxjRleVPoMUSLEU/ujjEn.21","action":"GetUpdates", "result":"DeleteReceived", "context":{"id":"c140f0cc-9579-4d7f-9612-96c1b4f58aaf", "isDeleted:":"true", "version":"1718959052760"}}
{"logTime": "0625/134846", "correlationVector":"ERxjRleVPoMUSLEU/ujjEn.22","action":"GetUpdates", "result":"DeleteReceived", "context":{"id":"6445cd9c-d4d1-40f4-ba55-264a68efda8b", "isDeleted:":"true", "version":"1718959152509"}}
{"logTime": "0625/134846", "correlationVector":"ERxjRleVPoMUSLEU/ujjEn.23","action":"GetUpdates", "result":"DeleteReceived", "context":{"id":"591955ea-1b15-4bab-96af-51f359149294", "isDeleted:":"true", "version":"1718959152510"}}
{"logTime": "0625/134846", "correlationVector":"ERxjRleVPoMUSLEU/ujjEn.24","action":"GetUpdates", "result":"DeleteReceived", "context":{"id":"8b601c92-42f5-4fbf-8385-b25e78e604d0", "isDeleted:":"true", "version":"1718959152511"}}
{"logTime": "0625/134846", "correlationVector":"ERxjRleVPoMUSLEU/ujjEn.25","action":"GetUpdates", "result":"DeleteReceived", "context":{"id":"ebcb7d21-8490-4875-810e-93989a501a98", "isDeleted:":"true", "version":"1718959152512"}}
{"logTime": "0625/134846", "correlationVector":"ERxjRleVPoMUSLEU/ujjEn.26","action":"GetUpdates", "result":"DeleteReceived", "context":{"id":"8d45e92c-d721-4073-9679-f355ce2d5b1a", "isDeleted:":"true", "version":"1718960140189"}}
{"logTime": "0625/134846", "correlationVector":"ERxjRleVPoMUSLEU/ujjEn.27","action":"GetUpdates", "result":"DeleteReceived", "context":{"id":"2c121e5c-b8bd-4b40-9d36-ca4e3e4edec5", "isDeleted:":"true", "version":"1718960197742"}}
{"logTime": "0625/134846", "correlationVector":"ERxjRleVPoMUSLEU/ujjEn.28","action":"GetUpdates", "result":"DeleteReceived", "context":{"id":"55541d4f-0ae7-4225-aea5-91df9f4b77f9", "isDeleted:":"true", "version":"1718960306858"}}
{"logTime": "0625/134846", "correlationVector":"ERxjRleVPoMUSLEU/ujjEn.29","action":"GetUpdates", "result":"DeleteReceived", "context":{"id":"9eca01c1-d940-4b35-90f9-3bf635476cd1", "isDeleted:":"true", "version":"1718960306860"}}
{"logTime": "0625/134846", "correlationVector":"ERxjRleVPoMUSLEU/ujjEn.30","action":"GetUpdates", "result":"DeleteReceived", "context":{"id":"00ee5429-acf2-4e33-a90f-f2460a4b5335", "isDeleted:":"true", "version":"1718961018906"}}
{"logTime": "0625/134846", "correlationVector":"ERxjRleVPoMUSLEU/ujjEn.31","action":"GetUpdates", "result":"DeleteReceived", "context":{"id":"55afbded-c3d1-41a4-ab15-51aa8217175d", "isDeleted:":"true", "version":"1718961018910"}}
{"logTime": "0625/134846", "correlationVector":"ERxjRleVPoMUSLEU/ujjEn.32","action":"GetUpdates", "result":"DeleteReceived", "context":{"id":"a4058e06-af49-49c4-ba11-b2baa5d6068f", "isDeleted:":"true", "version":"1718961055774"}}
{"logTime": "0625/134846", "correlationVector":"ERxjRleVPoMUSLEU/ujjEn.33","action":"GetUpdates", "result":"DeleteReceived", "context":{"id":"a0155dba-0eb4-4b1c-8697-725364939d87", "isDeleted:":"true", "version":"1718961055775"}}
{"logTime": "0625/134846", "correlationVector":"ERxjRleVPoMUSLEU/ujjEn.34","action":"GetUpdates", "result":"DeleteReceived", "context":{"id":"bc38fd41-ae51-4593-ad52-b9090ce10299", "isDeleted:":"true", "version":"1718961983947"}}
{"logTime": "0625/134846", "correlationVector":"ERxjRleVPoMUSLEU/ujjEn.35","action":"GetUpdates", "result":"DeleteReceived", "context":{"id":"584fb417-96f3-460d-9e56-dee69d2690a1", "isDeleted:":"true", "version":"1718962089706"}}
{"logTime": "0625/134846", "correlationVector":"ERxjRleVPoMUSLEU/ujjEn.36","action":"GetUpdates", "result":"DeleteReceived", "context":{"id":"eb176a7b-d67f-4ba5-9871-bd921eef19fb", "isDeleted:":"true", "version":"1718962089707"}}
{"logTime": "0625/134846", "correlationVector":"ERxjRleVPoMUSLEU/ujjEn.37","action":"GetUpdates", "result":"DeleteReceived", "context":{"id":"7e2ef7e3-287a-4368-b503-63ed364ff709", "isDeleted:":"true", "version":"1718962089709"}}
{"logTime": "0625/134846", "correlationVector":"ERxjRleVPoMUSLEU/ujjEn.38","action":"GetUpdates", "result":"DeleteReceived", "context":{"id":"68d6358f-f77e-42af-a9da-08653c541d39", "isDeleted:":"true", "version":"1718962783144"}}
{"logTime": "0625/134846", "correlationVector":"ERxjRleVPoMUSLEU/ujjEn.39","action":"GetUpdates", "result":"DeleteReceived", "context":{"id":"7b3d1c19-18a2-4e74-86b6-055ebae42068", "isDeleted:":"true", "version":"1718962783146"}}
{"logTime": "0625/134846", "correlationVector":"ERxjRleVPoMUSLEU/ujjEn.40","action":"GetUpdates", "result":"DeleteReceived", "context":{"id":"9906e15f-1094-4080-8eda-f6f828d44a13", "isDeleted:":"true", "version":"1718978204236"}}
{"logTime": "0625/134846", "correlationVector":"ERxjRleVPoMUSLEU/ujjEn.41","action":"GetUpdates", "result":"DeleteReceived", "context":{"id":"434b994b-87ea-456a-8f26-ecd4cfb220fd", "isDeleted:":"true", "version":"1718978204237"}}
{"logTime": "0625/134846", "correlationVector":"ERxjRleVPoMUSLEU/ujjEn.42","action":"GetUpdates", "result":"DeleteReceived", "context":{"id":"a4fe2108-edea-43b4-baf4-c5e7c810eb28", "isDeleted:":"true", "version":"1718978204238"}}
{"logTime": "0625/134846", "correlationVector":"ERxjRleVPoMUSLEU/ujjEn.43","action":"GetUpdates", "result":"DeleteReceived", "context":{"id":"6951f7fa-a7ee-421b-8cea-85ac9f073eeb", "isDeleted:":"true", "version":"1718978204239"}}
{"logTime": "0625/134846", "correlationVector":"ERxjRleVPoMUSLEU/ujjEn.44","action":"GetUpdates", "result":"DeleteReceived", "context":{"id":"e3aebfc7-c2b3-4fb5-95fc-0b0332dd1bb9", "isDeleted:":"true", "version":"1718978204241"}}
{"logTime": "0625/134846", "correlationVector":"ERxjRleVPoMUSLEU/ujjEn.45","action":"GetUpdates", "result":"DeleteReceived", "context":{"id":"69c5e3e2-c795-4abb-9893-eed4bbc9f066", "isDeleted:":"true", "version":"1718978204242"}}
{"logTime": "0625/134846", "correlationVector":"ERxjRleVPoMUSLEU/ujjEn.46","action":"GetUpdates", "result":"DeleteReceived", "context":{"id":"92ff3c9c-33d6-470f-8125-f9025b269278", "isDeleted:":"true", "version":"1718978204243"}}
{"logTime": "0625/134846", "correlationVector":"ERxjRleVPoMUSLEU/ujjEn.47","action":"GetUpdates", "result":"DeleteReceived", "context":{"id":"06ce743a-50ee-4d1c-b48e-2df59951e791", "isDeleted:":"true", "version":"1718978204244"}}
{"logTime": "0625/134846", "correlationVector":"ERxjRleVPoMUSLEU/ujjEn.48","action":"GetUpdates", "result":"DeleteReceived", "context":{"id":"16609a29-bac3-4453-b9ee-19cc2dc22413", "isDeleted:":"true", "version":"1718978573230"}}
{"logTime": "0625/134846", "correlationVector":"ERxjRleVPoMUSLEU/ujjEn.49","action":"GetUpdates", "result":"DeleteReceived", "context":{"id":"e3c6b950-8898-42a7-8d40-2eb647876ee9", "isDeleted:":"true", "version":"1719047616666"}}
{"logTime": "0625/134846", "correlationVector":"ERxjRleVPoMUSLEU/ujjEn.50","action":"GetUpdates", "result":"DeleteReceived", "context":{"id":"bc2fcbc8-029c-4615-a9b2-0563a6337b74", "isDeleted:":"true", "version":"1719048603126"}}
{"logTime": "0625/134846", "correlationVector":"ERxjRleVPoMUSLEU/ujjEn.51","action":"GetUpdates", "result":"DeleteReceived", "context":{"id":"9006d3a3-c0a3-4ae7-825f-a829a0a0c6a2", "isDeleted:":"true", "version":"1719048603127"}}
{"logTime": "0625/134846", "correlationVector":"ERxjRleVPoMUSLEU/ujjEn.52","action":"GetUpdates", "result":"DeleteReceived", "context":{"id":"f313a8e9-1558-425f-9014-df1be60dc806", "isDeleted:":"true", "version":"1719048603128"}}
{"logTime": "0625/134846", "correlationVector":"ERxjRleVPoMUSLEU/ujjEn.53","action":"GetUpdates", "result":"DeleteReceived", "context":{"id":"34ca482f-e59b-4f1e-9bdf-d55c90f14b5a", "isDeleted:":"true", "version":"1719048773949"}}
{"logTime": "0625/134846", "correlationVector":"ERxjRleVPoMUSLEU/ujjEn.54","action":"GetUpdates", "result":"DeleteReceived", "context":{"id":"4120a644-5a06-449b-927d-083f54edd80f", "isDeleted:":"true", "version":"1719052719942"}}
{"logTime": "0625/134846", "correlationVector":"ERxjRleVPoMUSLEU/ujjEn.55","action":"GetUpdates", "result":"DeleteReceived", "context":{"id":"2d49b3c5-fc10-4cc3-a54c-975f2dcd02e5", "isDeleted:":"true", "version":"1719052761449"}}
{"logTime": "0625/134846", "correlationVector":"ERxjRleVPoMUSLEU/ujjEn.56","action":"GetUpdates", "result":"DeleteReceived", "context":{"id":"c221a075-976b-4a66-947e-b2eebcd578cb", "isDeleted:":"true", "version":"1719052761450"}}
{"logTime": "0625/134846", "correlationVector":"ERxjRleVPoMUSLEU/ujjEn.57","action":"GetUpdates", "result":"DeleteReceived", "context":{"id":"c278ffb2-54e1-41c9-b1f2-4227aacf24db", "isDeleted:":"true", "version":"1719052761451"}}
{"logTime": "0625/134846", "correlationVector":"ERxjRleVPoMUSLEU/ujjEn.58","action":"GetUpdates", "result":"DeleteReceived", "context":{"id":"940c2291-d394-41c2-ab38-16bf9239b8cd", "isDeleted:":"true", "version":"1719052761452"}}
{"logTime": "0625/134846", "correlationVector":"ERxjRleVPoMUSLEU/ujjEn.59","action":"GetUpdates", "result":"DeleteReceived", "context":{"id":"33a8e2f1-83c1-4a87-8c22-6385353960e8", "isDeleted:":"true", "version":"1719052761453"}}
{"logTime": "0625/134846", "correlationVector":"ERxjRleVPoMUSLEU/ujjEn.60","action":"GetUpdates", "result":"DeleteReceived", "context":{"id":"63f7537f-dde5-469a-be12-8fa685d998d1", "isDeleted:":"true", "version":"1719052761454"}}
{"logTime": "0625/134846", "correlationVector":"ERxjRleVPoMUSLEU/ujjEn.61","action":"GetUpdates", "result":"DeleteReceived", "context":{"id":"8944e048-10eb-4189-82a2-168679b9a480", "isDeleted:":"true", "version":"1719053761971"}}
{"logTime": "0625/134846", "correlationVector":"ERxjRleVPoMUSLEU/ujjEn.62","action":"GetUpdates", "result":"DeleteReceived", "context":{"id":"c589e091-1433-4fa0-a8f3-da3f95eafa32", "isDeleted:":"true", "version":"1719053810130"}}
{"logTime": "0625/134846", "correlationVector":"ERxjRleVPoMUSLEU/ujjEn.63","action":"GetUpdates", "result":"DeleteReceived", "context":{"id":"ea629e40-f014-48ad-b00c-57799c7e5aa8", "isDeleted:":"true", "version":"1719054292287"}}
{"logTime": "0625/134846", "correlationVector":"ERxjRleVPoMUSLEU/ujjEn.64","action":"GetUpdates", "result":"DeleteReceived", "context":{"id":"e1601c1e-d31a-418e-b0ba-46957bf0f791", "isDeleted:":"true", "version":"1719058401843"}}
{"logTime": "0625/134846", "correlationVector":"ERxjRleVPoMUSLEU/ujjEn.65","action":"GetUpdates", "result":"DeleteReceived", "context":{"id":"ba4499a3-f8e1-4ec2-9657-f3518acc04fc", "isDeleted:":"true", "version":"1719058432596"}}
{"logTime": "0625/134846", "correlationVector":"ERxjRleVPoMUSLEU/ujjEn.66","action":"GetUpdates", "result":"DeleteReceived", "context":{"id":"d9292516-555a-48c4-9a0c-b6d4e5d4c32b", "isDeleted:":"true", "version":"1719058700448"}}
{"logTime": "0625/134846", "correlationVector":"ERxjRleVPoMUSLEU/ujjEn.67","action":"GetUpdates", "result":"DeleteReceived", "context":{"id":"31a4d56d-5835-4fd4-8bfb-bf3151b9370d", "isDeleted:":"true", "version":"1719058700449"}}
{"logTime": "0625/134846", "correlationVector":"ERxjRleVPoMUSLEU/ujjEn.68","action":"GetUpdates", "result":"DeleteReceived", "context":{"id":"e8881667-465e-46e0-aa79-9c2a6f5368e5", "isDeleted:":"true", "version":"1719058700450"}}
{"logTime": "0625/134846", "correlationVector":"ERxjRleVPoMUSLEU/ujjEn.69","action":"GetUpdates", "result":"DeleteReceived", "context":{"id":"fa2e67d9-ff7b-4e79-aebb-749aee6fd526", "isDeleted:":"true", "version":"1719058700451"}}
{"logTime": "0625/134846", "correlationVector":"ERxjRleVPoMUSLEU/ujjEn.70","action":"GetUpdates", "result":"DeleteReceived", "context":{"id":"9d9629ed-863f-4733-8a42-cd1a663e0818", "isDeleted:":"true", "version":"1719059683463"}}
{"logTime": "0625/134846", "correlationVector":"ERxjRleVPoMUSLEU/ujjEn.71","action":"GetUpdates", "result":"DeleteReceived", "context":{"id":"9d657b13-0a5c-49c0-ab3e-b54c05f56efc", "isDeleted:":"true", "version":"1719059845558"}}
{"logTime": "0625/134846", "correlationVector":"ERxjRleVPoMUSLEU/ujjEn.72","action":"GetUpdates", "result":"DeleteReceived", "context":{"id":"3532fd13-6956-4c63-be7f-2ed09d33d438", "isDeleted:":"true", "version":"1719060101805"}}
{"logTime": "0625/134846", "correlationVector":"ERxjRleVPoMUSLEU/ujjEn.73","action":"GetUpdates", "result":"DeleteReceived", "context":{"id":"50cac331-9a61-415b-8d20-d258a9acbf4c", "isDeleted:":"true", "version":"1719060101808"}}
{"logTime": "0625/134846", "correlationVector":"ERxjRleVPoMUSLEU/ujjEn.74","action":"GetUpdates", "result":"DeleteReceived", "context":{"id":"5bcf2384-846b-45f3-bfeb-0190f45e16e2", "isDeleted:":"true", "version":"1719060576685"}}
{"logTime": "0625/134846", "correlationVector":"ERxjRleVPoMUSLEU/ujjEn.75","action":"GetUpdates", "result":"DeleteReceived", "context":{"id":"5304332e-58e8-471b-83f1-ab3adb4c4723", "isDeleted:":"true", "version":"1719061085404"}}
{"logTime": "0625/134846", "correlationVector":"ERxjRleVPoMUSLEU/ujjEn.76","action":"GetUpdates", "result":"DeleteReceived", "context":{"id":"3b54631f-5669-450f-a71c-002316e949da", "isDeleted:":"true", "version":"1719061155619"}}
{"logTime": "0625/134846", "correlationVector":"ERxjRleVPoMUSLEU/ujjEn.77","action":"GetUpdates", "result":"DeleteReceived", "context":{"id":"86e30e1a-45ae-4f19-86e3-5100d560cb97", "isDeleted:":"true", "version":"1719061155620"}}
{"logTime": "0625/134846", "correlationVector":"ERxjRleVPoMUSLEU/ujjEn.78","action":"GetUpdates", "result":"DeleteReceived", "context":{"id":"83171fe8-4f41-4ffd-b3a2-962d09006219", "isDeleted:":"true", "version":"1719062007089"}}
{"logTime": "0625/134846", "correlationVector":"ERxjRleVPoMUSLEU/ujjEn.79","action":"GetUpdates", "result":"DeleteReceived", "context":{"id":"9c2ee7cf-df6e-4df4-abb8-aa161395dac9", "isDeleted:":"true", "version":"1719062187899"}}
{"logTime": "0625/134846", "correlationVector":"ERxjRleVPoMUSLEU/ujjEn.80","action":"GetUpdates", "result":"DeleteReceived", "context":{"id":"c6bb5793-326e-48f7-9680-f98e1b97213f", "isDeleted:":"true", "version":"1719062369456"}}
{"logTime": "0625/134846", "correlationVector":"ERxjRleVPoMUSLEU/ujjEn.81","action":"GetUpdates", "result":"DeleteReceived", "context":{"id":"c9c973c2-9e2f-4451-a994-ea1396421e33", "isDeleted:":"true", "version":"1719062546901"}}
{"logTime": "0625/134846", "correlationVector":"ERxjRleVPoMUSLEU/ujjEn.82","action":"GetUpdates", "result":"DeleteReceived", "context":{"id":"28cb7e30-27fe-46cf-ad34-e03e5b521e77", "isDeleted:":"true", "version":"1719062652779"}}
{"logTime": "0625/134846", "correlationVector":"ERxjRleVPoMUSLEU/ujjEn.83","action":"GetUpdates", "result":"DeleteReceived", "context":{"id":"fb7a2ece-be85-40d9-90e6-571dcb334cc2", "isDeleted:":"true", "version":"1719062652781"}}
{"logTime": "0625/134846", "correlationVector":"ERxjRleVPoMUSLEU/ujjEn.84","action":"GetUpdates", "result":"DeleteReceived", "context":{"id":"c7e6f735-9caf-468a-97c4-87a021d015eb", "isDeleted:":"true", "version":"1719062652783"}}
{"logTime": "0625/134846", "correlationVector":"ERxjRleVPoMUSLEU/ujjEn.85","action":"GetUpdates", "result":"DeleteReceived", "context":{"id":"4bb8e1b6-d532-4eaa-a570-e1f55d8e5a6a", "isDeleted:":"true", "version":"1719062697189"}}
{"logTime": "0625/134846", "correlationVector":"ERxjRleVPoMUSLEU/ujjEn.86","action":"GetUpdates", "result":"DeleteReceived", "context":{"id":"98df17d4-97ca-4a0e-8e8c-5da7cb5fece0", "isDeleted:":"true", "version":"1719062697190"}}
{"logTime": "0625/134846", "correlationVector":"ERxjRleVPoMUSLEU/ujjEn.87","action":"GetUpdates", "result":"DeleteReceived", "context":{"id":"b30954c2-74c6-4edf-b0f5-e724d579b651", "isDeleted:":"true", "version":"1719063034490"}}
{"logTime": "0625/134846", "correlationVector":"ERxjRleVPoMUSLEU/ujjEn.88","action":"GetUpdates", "result":"DeleteReceived", "context":{"id":"edb8233a-0ff3-4cb4-9d06-c4bdc6cfb18d", "isDeleted:":"true", "version":"1719063034491"}}
{"logTime": "0625/134846", "correlationVector":"ERxjRleVPoMUSLEU/ujjEn.89","action":"GetUpdates", "result":"DeleteReceived", "context":{"id":"785cff4d-a395-441e-adc9-f03d8dbfd83b", "isDeleted:":"true", "version":"1719063225197"}}
{"logTime": "0625/134846", "correlationVector":"ERxjRleVPoMUSLEU/ujjEn.90","action":"GetUpdates", "result":"DeleteReceived", "context":{"id":"a7987d11-0487-4417-81b9-552c3c674ec4", "isDeleted:":"true", "version":"1719064072607"}}
{"logTime": "0625/134846", "correlationVector":"ERxjRleVPoMUSLEU/ujjEn.91","action":"GetUpdates", "result":"DeleteReceived", "context":{"id":"5a2e933f-dec8-44f1-bb86-6af9a622cdeb", "isDeleted:":"true", "version":"1719064072608"}}
{"logTime": "0625/134846", "correlationVector":"ERxjRleVPoMUSLEU/ujjEn.92","action":"GetUpdates", "result":"DeleteReceived", "context":{"id":"ca360b1d-36a7-430a-98ff-3ef93ebffdc1", "isDeleted:":"true", "version":"1719064072609"}}
{"logTime": "0625/134846", "correlationVector":"ERxjRleVPoMUSLEU/ujjEn.93","action":"GetUpdates", "result":"DeleteReceived", "context":{"id":"fd151296-62c3-453f-bab2-5159fb25a562", "isDeleted:":"true", "version":"1719064168808"}}
{"logTime": "0625/134846", "correlationVector":"ERxjRleVPoMUSLEU/ujjEn.94","action":"GetUpdates", "result":"DeleteReceived", "context":{"id":"27aaa627-734c-4a3c-b8d5-2839f286553a", "isDeleted:":"true", "version":"1719066506861"}}
{"logTime": "0625/134846", "correlationVector":"ERxjRleVPoMUSLEU/ujjEn.95","action":"GetUpdates", "result":"DeleteReceived", "context":{"id":"2a2d4f2e-eaa1-4d44-a6ce-91b49eff9176", "isDeleted:":"true", "version":"1719066506862"}}
{"logTime": "0625/134846", "correlationVector":"ERxjRleVPoMUSLEU/ujjEn.96","action":"GetUpdates", "result":"DeleteReceived", "context":{"id":"9bb51be6-e7dd-4b81-a617-b1bb8ecbdd33", "isDeleted:":"true", "version":"1719068733775"}}
{"logTime": "0625/134846", "correlationVector":"ERxjRleVPoMUSLEU/ujjEn.97","action":"GetUpdates", "result":"DeleteReceived", "context":{"id":"c1dbbe5a-ee87-44bb-9f33-2bbaea0ae3e9", "isDeleted:":"true", "version":"1719073448829"}}
{"logTime": "0625/134846", "correlationVector":"ERxjRleVPoMUSLEU/ujjEn.98","action":"GetUpdates", "result":"DeleteReceived", "context":{"id":"8345a43b-9926-4240-926b-b795036d0125", "isDeleted:":"true", "version":"1719074066463"}}
{"logTime": "0625/134846", "correlationVector":"ERxjRleVPoMUSLEU/ujjEn.99","action":"GetUpdates", "result":"DeleteReceived", "context":{"id":"952b63eb-858a-493a-ba21-d4365d6a5f43", "isDeleted:":"true", "version":"1719074143366"}}
{"logTime": "0625/134846", "correlationVector":"ERxjRleVPoMUSLEU/ujjEn.100","action":"GetUpdates", "result":"DeleteReceived", "context":{"id":"36c0f6dc-cadb-42d8-873b-3b8ef0b090d0", "isDeleted:":"true", "version":"1719074953806"}}
{"logTime": "0625/134846", "correlationVector":"ERxjRleVPoMUSLEU/ujjEn.101","action":"GetUpdates", "result":"DeleteReceived", "context":{"id":"f772c043-013d-41e5-89e3-79c4bf2ec205", "isDeleted:":"true", "version":"1719076073867"}}
{"logTime": "0625/134846", "correlationVector":"ERxjRleVPoMUSLEU/ujjEn.102","action":"GetUpdates", "result":"DeleteReceived", "context":{"id":"a37e7dcb-5d4c-40fd-a9c2-0803042246d0", "isDeleted:":"true", "version":"1719076957367"}}
{"logTime": "0625/134846", "correlationVector":"ERxjRleVPoMUSLEU/ujjEn.103","action":"GetUpdates", "result":"DeleteReceived", "context":{"id":"a51b5235-e39f-49cc-9c7e-b1dd4526dc1f", "isDeleted:":"true", "version":"1719078045038"}}
{"logTime": "0625/134846", "correlationVector":"ERxjRleVPoMUSLEU/ujjEn.104","action":"GetUpdates", "result":"DeleteReceived", "context":{"id":"6e963c4a-6ee6-4e20-95d6-c0d25c05a329", "isDeleted:":"true", "version":"1719078352251"}}
{"logTime": "0625/134846", "correlationVector":"ERxjRleVPoMUSLEU/ujjEn.105","action":"GetUpdates", "result":"DeleteReceived", "context":{"id":"d8e8f3ab-0533-4617-b8d4-e5eb24721f9d", "isDeleted:":"true", "version":"1719078384882"}}
{"logTime": "0625/134846", "correlationVector":"ERxjRleVPoMUSLEU/ujjEn.106","action":"GetUpdates", "result":"DeleteReceived", "context":{"id":"bd5f7294-7c70-4e2a-a73e-f6b33a6f710a", "isDeleted:":"true", "version":"1719078415228"}}
{"logTime": "0625/134846", "correlationVector":"ERxjRleVPoMUSLEU/ujjEn.107","action":"GetUpdates", "result":"DeleteReceived", "context":{"id":"0a806173-bed9-46f6-bdac-0dcb7f6d3d31", "isDeleted:":"true", "version":"1719078515314"}}
{"logTime": "0625/134846", "correlationVector":"ERxjRleVPoMUSLEU/ujjEn.108","action":"GetUpdates", "result":"DeleteReceived", "context":{"id":"b2f5b1b6-cc35-445c-a2d4-f02beadab203", "isDeleted:":"true", "version":"1719078515318"}}
{"logTime": "0625/134846", "correlationVector":"ERxjRleVPoMUSLEU/ujjEn.109","action":"GetUpdates", "result":"DeleteReceived", "context":{"id":"35bb7756-21c7-43b3-980f-29efb28209d8", "isDeleted:":"true", "version":"1719078515320"}}
{"logTime": "0625/134846", "correlationVector":"ERxjRleVPoMUSLEU/ujjEn.110","action":"GetUpdates", "result":"DeleteReceived", "context":{"id":"2d3a1806-5756-469a-94f6-25a080c49c93", "isDeleted:":"true", "version":"1719078600729"}}
{"logTime": "0625/134846", "correlationVector":"ERxjRleVPoMUSLEU/ujjEn.111","action":"GetUpdates", "result":"DeleteReceived", "context":{"id":"d09c492d-3a21-43ab-b53b-f69d357bc3f8", "isDeleted:":"true", "version":"1719078600730"}}
{"logTime": "0625/134846", "correlationVector":"ERxjRleVPoMUSLEU/ujjEn.112","action":"GetUpdates", "result":"DeleteReceived", "context":{"id":"d8d537b5-0246-442d-b1ed-3ce5294eac4b", "isDeleted:":"true", "version":"1719078600732"}}
{"logTime": "0625/134846", "correlationVector":"ERxjRleVPoMUSLEU/ujjEn.113","action":"GetUpdates", "result":"DeleteReceived", "context":{"id":"8811aa70-0273-486a-954a-dc788f49786f", "isDeleted:":"true", "version":"1719079154394"}}
{"logTime": "0625/134846", "correlationVector":"ERxjRleVPoMUSLEU/ujjEn.114","action":"GetUpdates", "result":"DeleteReceived", "context":{"id":"1967a611-80aa-46bd-8644-973ff9a4bf7d", "isDeleted:":"true", "version":"1719079154395"}}
{"logTime": "0625/134846", "correlationVector":"ERxjRleVPoMUSLEU/ujjEn.115","action":"GetUpdates", "result":"DeleteReceived", "context":{"id":"a54d9c8c-7a35-4bc0-b932-4a1f648c82ff", "isDeleted:":"true", "version":"1719082662369"}}
{"logTime": "0625/134846", "correlationVector":"ERxjRleVPoMUSLEU/ujjEn.116","action":"GetUpdates", "result":"DeleteReceived", "context":{"id":"79c550b1-bf44-4959-adc7-93b84c09c97a", "isDeleted:":"true", "version":"1719154885644"}}
{"logTime": "0625/134846", "correlationVector":"ERxjRleVPoMUSLEU/ujjEn.117","action":"GetUpdates", "result":"DeleteReceived", "context":{"id":"5a52bcc2-d357-4c1b-802d-6a724605c4be", "isDeleted:":"true", "version":"1719154885645"}}
{"logTime": "0625/134846", "correlationVector":"ERxjRleVPoMUSLEU/ujjEn.118","action":"GetUpdates", "result":"DeleteReceived", "context":{"id":"58d3525e-d37f-4ed2-8dc6-5d2de8b26205", "isDeleted:":"true", "version":"1719154885647"}}
{"logTime": "0625/134846", "correlationVector":"ERxjRleVPoMUSLEU/ujjEn.119","action":"GetUpdates", "result":"DeleteReceived", "context":{"id":"3d6999d6-9c8b-4061-b76a-33466253f340", "isDeleted:":"true", "version":"1719154885648"}}
{"logTime": "0625/134846", "correlationVector":"ERxjRleVPoMUSLEU/ujjEn.120","action":"GetUpdates", "result":"DeleteReceived", "context":{"id":"c167fe32-f1bb-4cb8-9f5e-fedfe9033fa0", "isDeleted:":"true", "version":"1719155014327"}}
{"logTime": "0625/134846", "correlationVector":"ERxjRleVPoMUSLEU/ujjEn.121","action":"GetUpdates", "result":"DeleteReceived", "context":{"id":"cbde1121-b9af-4b43-8d1e-bb4fecd93435", "isDeleted:":"true", "version":"1719155284975"}}
{"logTime": "0625/134846", "correlationVector":"ERxjRleVPoMUSLEU/ujjEn.122","action":"GetUpdates", "result":"DeleteReceived", "context":{"id":"5bc593b6-5f06-46cc-97ce-cf68e14c9d26", "isDeleted:":"true", "version":"1719156367155"}}
{"logTime": "0625/134846", "correlationVector":"ERxjRleVPoMUSLEU/ujjEn.123","action":"GetUpdates", "result":"DeleteReceived", "context":{"id":"b8c26cee-76fd-4ca6-bda8-4b9c4aa8d35f", "isDeleted:":"true", "version":"1719156655589"}}
{"logTime": "0625/134846", "correlationVector":"ERxjRleVPoMUSLEU/ujjEn.124","action":"GetUpdates", "result":"DeleteReceived", "context":{"id":"598989dc-be05-4635-99df-16b2dffd3201", "isDeleted:":"true", "version":"1719156910081"}}
{"logTime": "0625/134846", "correlationVector":"ERxjRleVPoMUSLEU/ujjEn.125","action":"GetUpdates", "result":"DeleteReceived", "context":{"id":"aa961c4e-2e20-4a64-8ad9-50e47c85160b", "isDeleted:":"true", "version":"1719157317426"}}
{"logTime": "0625/134846", "correlationVector":"ERxjRleVPoMUSLEU/ujjEn.126","action":"GetUpdates", "result":"DeleteReceived", "context":{"id":"440d9b97-0d32-4af3-b3b9-a51fbf1ccd6a", "isDeleted:":"true", "version":"1719157317427"}}
{"logTime": "0625/134846", "correlationVector":"ERxjRleVPoMUSLEU/ujjEn.127","action":"GetUpdates", "result":"DeleteReceived", "context":{"id":"a77b878d-78d0-4baa-9b99-b4fe176852fe", "isDeleted:":"true", "version":"1719157317428"}}
{"logTime": "0625/134846", "correlationVector":"ERxjRleVPoMUSLEU/ujjEn.128","action":"GetUpdates", "result":"DeleteReceived", "context":{"id":"7280d44f-9c7e-4cf6-b93a-d2d0b3f22cce", "isDeleted:":"true", "version":"1719157317429"}}
{"logTime": "0625/134846", "correlationVector":"ERxjRleVPoMUSLEU/ujjEn.129","action":"GetUpdates", "result":"DeleteReceived", "context":{"id":"397bad5e-4f5a-4550-ac03-8145d8eeb6c5", "isDeleted:":"true", "version":"1719157317430"}}
{"logTime": "0625/134846", "correlationVector":"ERxjRleVPoMUSLEU/ujjEn.130","action":"GetUpdates", "result":"DeleteReceived", "context":{"id":"e8e58597-8e91-4cca-87e8-943d7470815f", "isDeleted:":"true", "version":"1719157317432"}}
{"logTime": "0625/134846", "correlationVector":"ERxjRleVPoMUSLEU/ujjEn.131","action":"GetUpdates", "result":"DeleteReceived", "context":{"id":"52f2f9aa-e2b1-4a18-9a30-389fa38b30fc", "isDeleted:":"true", "version":"1719157665015"}}
{"logTime": "0625/134846", "correlationVector":"ERxjRleVPoMUSLEU/ujjEn.132","action":"GetUpdates", "result":"DeleteReceived", "context":{"id":"a92c26a9-bb1b-4b11-b5dc-3581707bd99c", "isDeleted:":"true", "version":"1719157944946"}}
{"logTime": "0625/134846", "correlationVector":"ERxjRleVPoMUSLEU/ujjEn.133","action":"GetUpdates", "result":"DeleteReceived", "context":{"id":"59743438-71ba-4947-acc3-c4127683d4d9", "isDeleted:":"true", "version":"1719158009810"}}
{"logTime": "0625/134846", "correlationVector":"ERxjRleVPoMUSLEU/ujjEn.134","action":"GetUpdates", "result":"DeleteReceived", "context":{"id":"f56a4221-1933-4ed4-8345-283f7dbe9006", "isDeleted:":"true", "version":"1719158123379"}}
{"logTime": "0625/134846", "correlationVector":"ERxjRleVPoMUSLEU/ujjEn.135","action":"GetUpdates", "result":"DeleteReceived", "context":{"id":"e6675de6-22ac-4a6b-80d1-17df7562b860", "isDeleted:":"true", "version":"1719222524591"}}
{"logTime": "0625/134846", "correlationVector":"ERxjRleVPoMUSLEU/ujjEn.136","action":"GetUpdates", "result":"DeleteReceived", "context":{"id":"55abc8f3-4e4f-4c4c-89a3-157d16960fe0", "isDeleted:":"true", "version":"1719222524592"}}
{"logTime": "0625/134846", "correlationVector":"ERxjRleVPoMUSLEU/ujjEn.137","action":"GetUpdates", "result":"DeleteReceived", "context":{"id":"a6db7b72-d3a9-4b18-9f8a-b21165a7eb77", "isDeleted:":"true", "version":"1719222524593"}}
{"logTime": "0625/134846", "correlationVector":"ERxjRleVPoMUSLEU/ujjEn.138","action":"GetUpdates", "result":"DeleteReceived", "context":{"id":"0bcde0f6-b123-4d5c-b94b-d20cb571a04c", "isDeleted:":"true", "version":"1719222524594"}}
{"logTime": "0625/134846", "correlationVector":"ERxjRleVPoMUSLEU/ujjEn.139","action":"GetUpdates", "result":"DeleteReceived", "context":{"id":"89aa9a5c-83ad-4ef4-8825-487e19dc283d", "isDeleted:":"true", "version":"1719222524596"}}
{"logTime": "0625/134846", "correlationVector":"ERxjRleVPoMUSLEU/ujjEn.140","action":"GetUpdates", "result":"DeleteReceived", "context":{"id":"c9c20ec2-2021-43b5-ac3e-b2fff1433342", "isDeleted:":"true", "version":"1719222524597"}}
{"logTime": "0625/134846", "correlationVector":"ERxjRleVPoMUSLEU/ujjEn.141","action":"GetUpdates", "result":"DeleteReceived", "context":{"id":"cbb2f089-088f-4be7-ac33-9aafc514d250", "isDeleted:":"true", "version":"1719222524598"}}
{"logTime": "0625/134846", "correlationVector":"ERxjRleVPoMUSLEU/ujjEn.142","action":"GetUpdates", "result":"DeleteReceived", "context":{"id":"44ad05df-60c7-4ff6-a62f-b7ebbd82a2ca", "isDeleted:":"true", "version":"1719227495093"}}
{"logTime": "0625/134846", "correlationVector":"ERxjRleVPoMUSLEU/ujjEn.143","action":"GetUpdates", "result":"DeleteReceived", "context":{"id":"4021f6fb-ac63-4aee-aff0-6ce22424af6b", "isDeleted:":"true", "version":"1719227495094"}}
{"logTime": "0625/134846", "correlationVector":"ERxjRleVPoMUSLEU/ujjEn.144","action":"GetUpdates", "result":"DeleteReceived", "context":{"id":"42787dae-521c-4085-88b0-1bf25541d091", "isDeleted:":"true", "version":"1719227600752"}}
{"logTime": "0625/134846", "correlationVector":"ERxjRleVPoMUSLEU/ujjEn.145","action":"GetUpdates", "result":"DeleteReceived", "context":{"id":"f1cfb339-53d9-44d5-997e-9f581142d100", "isDeleted:":"true", "version":"1719228144455"}}
{"logTime": "0625/134846", "correlationVector":"ERxjRleVPoMUSLEU/ujjEn.146","action":"GetUpdates", "result":"DeleteReceived", "context":{"id":"df24dbc0-9ff4-4847-bdad-024925dbbba2", "isDeleted:":"true", "version":"1719228179807"}}
{"logTime": "0625/134846", "correlationVector":"ERxjRleVPoMUSLEU/ujjEn.147","action":"GetUpdates", "result":"DeleteReceived", "context":{"id":"2a4f83ae-98d4-4a4d-a783-c89bbe0c3e53", "isDeleted:":"true", "version":"1719228496381"}}
{"logTime": "0625/134846", "correlationVector":"ERxjRleVPoMUSLEU/ujjEn.148","action":"GetUpdates", "result":"DeleteReceived", "context":{"id":"cfe66a3e-9ff7-42d2-884c-85687fe63185", "isDeleted:":"true", "version":"1719228496382"}}
{"logTime": "0625/134846", "correlationVector":"ERxjRleVPoMUSLEU/ujjEn.149","action":"GetUpdates", "result":"DeleteReceived", "context":{"id":"78c220de-1968-4b93-98bf-4e9bc48c92a5", "isDeleted:":"true", "version":"1719228496384"}}
{"logTime": "0625/134846", "correlationVector":"ERxjRleVPoMUSLEU/ujjEn.150","action":"GetUpdates Response", "result":"Success", "context":Received 250 update(s). cV=ERxjRleVPoMUSLEU/ujjEn.0;server=GENERAL01000019;cloudType=Consumer;environment=Prod_SoutheastAsia_000j;migrationStage=NotStarted Some updates remain.}
{"logTime": "0625/134846", "correlationVector":"VO7S/6ScNMRzJhRIxUynE6","action":"Initial GetUpdates", "result":"", "context":Reason: RECONFIGURATION. cV=VO7S/6ScNMRzJhRIxUynE6}
{"logTime": "0625/134846", "correlationVector":"VO7S/6ScNMRzJhRIxUynE6.1","action":"SyncServerConnectionManagerRequest", "result":"SYNC_SERVER_OK", "context":{"environment":"Prod_SoutheastAsia_000j", "migrationStage":"NotStarted", "server":"GENERAL01000000"}}
{"logTime": "0625/134846", "correlationVector":"VO7S/6ScNMRzJhRIxUynE6.2","action":"GetUpdates", "result":"DeleteReceived", "context":{"id":"0a44b765-8268-4b67-8208-af49a994a2e6", "isDeleted:":"true", "version":"1719229323854"}}
{"logTime": "0625/134846", "correlationVector":"VO7S/6ScNMRzJhRIxUynE6.3","action":"GetUpdates", "result":"DeleteReceived", "context":{"id":"1ac4f1fc-6b28-4a3c-9b0a-9612432f8411", "isDeleted:":"true", "version":"1719229363402"}}
{"logTime": "0625/134846", "correlationVector":"VO7S/6ScNMRzJhRIxUynE6.4","action":"GetUpdates", "result":"DeleteReceived", "context":{"id":"3e4371f8-8a5d-44a3-a4ad-1ea47588e1d9", "isDeleted:":"true", "version":"1719229363403"}}
{"logTime": "0625/134846", "correlationVector":"VO7S/6ScNMRzJhRIxUynE6.5","action":"GetUpdates", "result":"DeleteReceived", "context":{"id":"efa52cea-950f-4bde-a044-ed66c359167f", "isDeleted:":"true", "version":"1719229363405"}}
{"logTime": "0625/134846", "correlationVector":"VO7S/6ScNMRzJhRIxUynE6.6","action":"GetUpdates", "result":"DeleteReceived", "context":{"id":"2dc96c04-4f1a-4bfc-9edd-8580bd568284", "isDeleted:":"true", "version":"1719229363406"}}
{"logTime": "0625/134846", "correlationVector":"VO7S/6ScNMRzJhRIxUynE6.7","action":"GetUpdates", "result":"DeleteReceived", "context":{"id":"8cb1e7b4-c855-4bc6-9824-7da7d702f17f", "isDeleted:":"true", "version":"1719311284524"}}
{"logTime": "0625/134846", "correlationVector":"VO7S/6ScNMRzJhRIxUynE6.8","action":"GetUpdates", "result":"DeleteReceived", "context":{"id":"919efed4-da9c-404b-91a1-8449a48fe25c", "isDeleted:":"true", "version":"1719311656515"}}
{"logTime": "0625/134846", "correlationVector":"VO7S/6ScNMRzJhRIxUynE6.9","action":"GetUpdates", "result":"DeleteReceived", "context":{"id":"f4172792-cc52-45b9-bf51-1dc30b4e8ddd", "isDeleted:":"true", "version":"1719311656516"}}
{"logTime": "0625/134846", "correlationVector":"VO7S/6ScNMRzJhRIxUynE6.10","action":"GetUpdates", "result":"DeleteReceived", "context":{"id":"02490263-8267-427c-abaf-35a1c9d66cf3", "isDeleted:":"true", "version":"1719311756561"}}
{"logTime": "0625/134846", "correlationVector":"VO7S/6ScNMRzJhRIxUynE6.11","action":"GetUpdates", "result":"DeleteReceived", "context":{"id":"ce6f6ae1-221f-4b6b-969c-776c4e6370a2", "isDeleted:":"true", "version":"1719313878742"}}
{"logTime": "0625/134846", "correlationVector":"VO7S/6ScNMRzJhRIxUynE6.12","action":"GetUpdates", "result":"DeleteReceived", "context":{"id":"e1808b87-39eb-4035-a7de-3a4f53896091", "isDeleted:":"true", "version":"1719314428278"}}
{"logTime": "0625/134846", "correlationVector":"VO7S/6ScNMRzJhRIxUynE6.13","action":"GetUpdates Response", "result":"Success", "context":Received 20 update(s). cV=VO7S/6ScNMRzJhRIxUynE6.0;server=GENERAL01000000;cloudType=Consumer;environment=Prod_SoutheastAsia_000j;migrationStage=NotStarted}
{"logTime": "0625/134846", "correlationVector":"8EYtd6utty8xCVURx4WDHT","action":"Normal GetUpdate request", "result":"", "context":cV=8EYtd6utty8xCVURx4WDHT
Nudged types: Sessions, Device Info
Refresh requested types: Bookmarks, Preferences, Passwords, Autofill Profiles, Autofill, Typed URLs, Extensions, Sessions, Extension settings, History Delete Directives, Device Info, User Consents, Send Tab To Self, Web Apps, Collection, Edge E Drop, Edge Hub App Usage, Edge Tab Group, Edge Wallet, Encryption Keys}
{"logTime": "0625/134847", "correlationVector":"8EYtd6utty8xCVURx4WDHT.1","action":"SyncServerConnectionManagerRequest", "result":"SYNC_SERVER_OK", "context":{"environment":"Prod_SoutheastAsia_000j", "migrationStage":"NotStarted", "server":"GENERAL0300000Y"}}
{"logTime": "0625/134847", "correlationVector":"8EYtd6utty8xCVURx4WDHT.2","action":"GetUpdates Response", "result":"Success", "context":Received 0 update(s). cV=8EYtd6utty8xCVURx4WDHT.0;server=GENERAL0300000Y;cloudType=Consumer;environment=Prod_SoutheastAsia_000j;migrationStage=NotStarted}
{"logTime": "0625/134847", "correlationVector":"wBd+ikhoyAK7wCv/CW79pX","action":"Commit Request", "result":"", "context":Item count: 3
Contributing types: Sessions, Device Info}
{"logTime": "0625/134847", "correlationVector":"wBd+ikhoyAK7wCv/CW79pX.1","action":"SyncServerConnectionManagerRequest", "result":"SYNC_SERVER_OK", "context":{"environment":"Prod_SoutheastAsia_000j", "migrationStage":"NotStarted", "server":"GENERAL0100000S"}}
{"logTime": "0625/134847", "correlationVector":"wBd+ikhoyAK7wCv/CW79pX.2","action":"Commit Response", "result":"Success", "context":Result: Success. cV=wBd+ikhoyAK7wCv/CW79pX.0;server=GENERAL0100000S;cloudType=Consumer;environment=Prod_SoutheastAsia_000j;migrationStage=NotStarted}
{"logTime": "0625/134847", "correlationVector":"784kpyRBKbecRx9YT1otq2","action":"Commit Request", "result":"", "context":Item count: 1
Contributing types: Preferences}
{"logTime": "0625/134848", "correlationVector":"784kpyRBKbecRx9YT1otq2.1","action":"SyncServerConnectionManagerRequest", "result":"SYNC_SERVER_OK", "context":{"environment":"Prod_SoutheastAsia_000j", "migrationStage":"NotStarted", "server":"GENERAL0300001Z"}}
{"logTime": "0625/134848", "correlationVector":"784kpyRBKbecRx9YT1otq2.2","action":"Commit Response", "result":"Success", "context":Result: Success. cV=784kpyRBKbecRx9YT1otq2.0;server=GENERAL0300001Z;cloudType=Consumer;environment=Prod_SoutheastAsia_000j;migrationStage=NotStarted}
{"logTime": "0625/134941", "correlationVector":"by47TcLBml89FawXYHo6NQ","action":"Commit Request", "result":"", "context":Item count: 4
Contributing types: Preferences, Passwords}
{"logTime": "0625/134941", "correlationVector":"by47TcLBml89FawXYHo6NQ.1","action":"SyncServerConnectionManagerRequest", "result":"SYNC_SERVER_OK", "context":{"environment":"Prod_SoutheastAsia_000j", "migrationStage":"NotStarted", "server":"GENERAL01000008"}}
{"logTime": "0625/134941", "correlationVector":"by47TcLBml89FawXYHo6NQ.2","action":"Commit Response", "result":"Success", "context":Result: Success. cV=by47TcLBml89FawXYHo6NQ.0;server=GENERAL01000008;cloudType=Consumer;environment=Prod_SoutheastAsia_000j;migrationStage=NotStarted}
{"logTime": "0625/135222", "correlationVector":"KrQbhfTNjKQIaVIOjmUliQ","action":"Commit Request", "result":"", "context":Item count: 1
Contributing types: Sessions}
{"logTime": "0625/135222", "correlationVector":"KrQbhfTNjKQIaVIOjmUliQ.1","action":"SyncServerConnectionManagerRequest", "result":"SYNC_SERVER_OK", "context":{"environment":"Prod_SoutheastAsia_000j", "migrationStage":"NotStarted", "server":"GENERAL0300000V"}}
{"logTime": "0625/135222", "correlationVector":"KrQbhfTNjKQIaVIOjmUliQ.2","action":"Commit Response", "result":"Success", "context":Result: Success. cV=KrQbhfTNjKQIaVIOjmUliQ.0;server=GENERAL0300000V;cloudType=Consumer;environment=Prod_SoutheastAsia_000j;migrationStage=NotStarted}
{"logTime": "0625/135323", "correlationVector":"wT1ZVovamKmZXUs7rhYClr","action":"Normal GetUpdate request", "result":"", "context":cV=wT1ZVovamKmZXUs7rhYClr
Refresh requested types: Bookmarks, Preferences, Passwords, Autofill Profiles, Autofill, Typed URLs, Extensions, Sessions, Extension settings, History Delete Directives, Device Info, User Consents, Send Tab To Self, Web Apps, Collection, Edge E Drop, Edge Hub App Usage, Edge Tab Group, Edge Wallet, Encryption Keys}
{"logTime": "0625/135324", "correlationVector":"wT1ZVovamKmZXUs7rhYClr.1","action":"SyncServerConnectionManagerRequest", "result":"SYNC_SERVER_OK", "context":{"environment":"Prod_SoutheastAsia_000j", "migrationStage":"NotStarted", "server":"GENERAL0100000R"}}
{"logTime": "0625/135324", "correlationVector":"wT1ZVovamKmZXUs7rhYClr.2","action":"GetUpdates Response", "result":"Success", "context":Received 8 update(s). cV=wT1ZVovamKmZXUs7rhYClr.0;server=GENERAL0100000R;cloudType=Consumer;environment=Prod_SoutheastAsia_000j;migrationStage=NotStarted}
{"logTime": "0625/140544", "correlationVector":"qBNP7yIxbmCWOpGGpT6zuy","action":"Commit Request", "result":"", "context":Item count: 1
Contributing types: Sessions}
{"logTime": "0625/140544", "correlationVector":"qBNP7yIxbmCWOpGGpT6zuy.1","action":"SyncServerConnectionManagerRequest", "result":"SYNC_SERVER_OK", "context":{"environment":"Prod_SoutheastAsia_000j", "migrationStage":"NotStarted", "server":"GENERAL0300000W"}}
{"logTime": "0625/140544", "correlationVector":"qBNP7yIxbmCWOpGGpT6zuy.2","action":"Commit Response", "result":"Success", "context":Result: Success. cV=qBNP7yIxbmCWOpGGpT6zuy.0;server=GENERAL0300000W;cloudType=Consumer;environment=Prod_SoutheastAsia_000j;migrationStage=NotStarted}
{"logTime": "0625/140856", "correlationVector":"eHEFZFbz8vuQR3AM5xX9zC","action":"Commit Request", "result":"", "context":Item count: 1
Contributing types: Sessions}
{"logTime": "0625/140856", "correlationVector":"eHEFZFbz8vuQR3AM5xX9zC.1","action":"SyncServerConnectionManagerRequest", "result":"SYNC_SERVER_OK", "context":{"environment":"Prod_SoutheastAsia_000j", "migrationStage":"NotStarted", "server":"GENERAL03000034"}}
{"logTime": "0625/140856", "correlationVector":"eHEFZFbz8vuQR3AM5xX9zC.2","action":"Commit Response", "result":"Success", "context":Result: Success. cV=eHEFZFbz8vuQR3AM5xX9zC.0;server=GENERAL03000034;cloudType=Consumer;environment=Prod_SoutheastAsia_000j;migrationStage=NotStarted}
{"logTime": "0625/141734", "correlationVector":"ZKeR0quuF0S72HSCLDuA9/","action":"Commit Request", "result":"", "context":Item count: 1
Contributing types: Sessions}
{"logTime": "0625/141735", "correlationVector":"ZKeR0quuF0S72HSCLDuA9/.1","action":"SyncServerConnectionManagerRequest", "result":"SYNC_SERVER_OK", "context":{"environment":"Prod_SoutheastAsia_000j", "migrationStage":"NotStarted", "server":"GENERAL03000022"}}
{"logTime": "0625/141735", "correlationVector":"ZKeR0quuF0S72HSCLDuA9/.2","action":"Commit Response", "result":"Success", "context":Result: Success. cV=ZKeR0quuF0S72HSCLDuA9/.0;server=GENERAL03000022;cloudType=Consumer;environment=Prod_SoutheastAsia_000j;migrationStage=NotStarted}
{"logTime": "0625/141835", "correlationVector":"ktWcMgZeK7wQHxvWUBrqST","action":"Commit Request", "result":"", "context":Item count: 1
Contributing types: Sessions}
{"logTime": "0625/141835", "correlationVector":"ktWcMgZeK7wQHxvWUBrqST.1","action":"SyncServerConnectionManagerRequest", "result":"SYNC_SERVER_OK", "context":{"environment":"Prod_SoutheastAsia_000j", "migrationStage":"NotStarted", "server":"GENERAL01000007"}}
{"logTime": "0625/141835", "correlationVector":"ktWcMgZeK7wQHxvWUBrqST.2","action":"Commit Response", "result":"Success", "context":Result: Success. cV=ktWcMgZeK7wQHxvWUBrqST.0;server=GENERAL01000007;cloudType=Consumer;environment=Prod_SoutheastAsia_000j;migrationStage=NotStarted}
{"logTime": "0702/093154", "correlationVector":"4KJ9GgC4HlDim8BsyR1Drm.1","action":"SyncServerConnectionManagerRequest", "result":"SYNC_SERVER_OK", "context":{"environment":"Prod_SoutheastAsia_000j", "migrationStage":"NotStarted", "server":"GENERAL0100000L"}}
{"logTime": "0702/093155", "correlationVector":"HPYnEz+f6C+WI+079IFBgJ","action":"SyncServerConnectionManagerRequest", "result":"SYNC_SERVER_OK", "context":{"environment":"", "migrationStage":"", "server":""}}
{"logTime": "0702/093155", "correlationVector":"4KJ9GgC4HlDim8BsyR1Drm","action":"Initial GetUpdates", "result":"", "context":Reason: NEW_CLIENT. cV=4KJ9GgC4HlDim8BsyR1Drm}
{"logTime": "0702/093155", "correlationVector":"4KJ9GgC4HlDim8BsyR1Drm.2","action":"GetUpdates Response", "result":"Success", "context":Received 1 update(s). cV=4KJ9GgC4HlDim8BsyR1Drm.0;server=GENERAL0100000L;cloudType=Consumer;environment=Prod_SoutheastAsia_000j;migrationStage=NotStarted}
{"logTime": "0702/093155", "correlationVector":"g2Op0ysjhV7QWXtEQqiQYj","action":"Initial GetUpdates", "result":"", "context":Reason: NEWLY_SUPPORTED_DATATYPE. cV=g2Op0ysjhV7QWXtEQqiQYj}
{"logTime": "0702/093156", "correlationVector":"g2Op0ysjhV7QWXtEQqiQYj.1","action":"SyncServerConnectionManagerRequest", "result":"SYNC_SERVER_OK", "context":{"environment":"Prod_SoutheastAsia_000j", "migrationStage":"NotStarted", "server":"GENERAL0100000I"}}
{"logTime": "0702/093156", "correlationVector":"g2Op0ysjhV7QWXtEQqiQYj.2","action":"GetUpdates", "result":"DeleteReceived", "context":{"id":"08a1d0ea-8690-4b21-bb29-a5612c219194", "isDeleted:":"true", "version":"1689167574608"}}
{"logTime": "0702/093156", "correlationVector":"g2Op0ysjhV7QWXtEQqiQYj.3","action":"GetUpdates", "result":"DeleteReceived", "context":{"id":"4239b121-61b7-4aa0-b1c7-6334ce998d63", "isDeleted:":"true", "version":"1691312871383"}}
{"logTime": "0702/093156", "correlationVector":"g2Op0ysjhV7QWXtEQqiQYj.4","action":"GetUpdates Response", "result":"Success", "context":Received 121 update(s). cV=g2Op0ysjhV7QWXtEQqiQYj.0;server=GENERAL0100000I;cloudType=Consumer;environment=Prod_SoutheastAsia_000j;migrationStage=NotStarted}
{"logTime": "0702/093156", "correlationVector":"J9AXx/nHqeLRf8buXdJ7Lj","action":"Normal GetUpdate request", "result":"", "context":cV=J9AXx/nHqeLRf8buXdJ7Lj
Nudged types: Sessions, Device Info
Refresh requested types: Bookmarks, Preferences, Passwords, Autofill Profiles, Autofill, Typed URLs, Extensions, Sessions, Extension settings, History Delete Directives, Device Info, User Consents, Send Tab To Self, Web Apps, Collection, Edge E Drop, Edge Hub App Usage, Edge Tab Group, Edge Wallet, Encryption Keys}
{"logTime": "0702/093156", "correlationVector":"J9AXx/nHqeLRf8buXdJ7Lj.1","action":"SyncServerConnectionManagerRequest", "result":"SYNC_SERVER_OK", "context":{"environment":"Prod_SoutheastAsia_000j", "migrationStage":"NotStarted", "server":"GENERAL0300001I"}}
{"logTime": "0702/093156", "correlationVector":"J9AXx/nHqeLRf8buXdJ7Lj.2","action":"GetUpdates", "result":"DeleteReceived", "context":{"id":"6e707769-fb00-44a7-b6db-587c7766d34b", "isDeleted:":"true", "version":"1719327497355"}}
{"logTime": "0702/093156", "correlationVector":"J9AXx/nHqeLRf8buXdJ7Lj.3","action":"GetUpdates", "result":"DeleteReceived", "context":{"id":"6f27a37a-802c-4a75-85a5-5c21a6f05fb1", "isDeleted:":"true", "version":"1719331583299"}}
{"logTime": "0702/093156", "correlationVector":"J9AXx/nHqeLRf8buXdJ7Lj.4","action":"GetUpdates", "result":"DeleteReceived", "context":{"id":"53d1d486-b5da-456f-8a60-9a74e688103d", "isDeleted:":"true", "version":"1719331583300"}}
{"logTime": "0702/093156", "correlationVector":"J9AXx/nHqeLRf8buXdJ7Lj.5","action":"GetUpdates", "result":"DeleteReceived", "context":{"id":"de456651-3d9a-46e3-90a6-07a1ccfd03ee", "isDeleted:":"true", "version":"1719332045965"}}
{"logTime": "0702/093156", "correlationVector":"J9AXx/nHqeLRf8buXdJ7Lj.6","action":"GetUpdates", "result":"DeleteReceived", "context":{"id":"2236c15d-9e41-4c85-bc6c-19844f59f4a7", "isDeleted:":"true", "version":"1719332073322"}}
{"logTime": "0702/093156", "correlationVector":"J9AXx/nHqeLRf8buXdJ7Lj.7","action":"GetUpdates", "result":"DeleteReceived", "context":{"id":"c4a4226e-f42b-4eb3-8469-9d678a42d224", "isDeleted:":"true", "version":"1719486795700"}}
{"logTime": "0702/093156", "correlationVector":"J9AXx/nHqeLRf8buXdJ7Lj.8","action":"GetUpdates", "result":"DeleteReceived", "context":{"id":"54b1c5f4-c69f-4fc1-9460-f7074ff01f43", "isDeleted:":"true", "version":"1719487064096"}}
{"logTime": "0702/093156", "correlationVector":"J9AXx/nHqeLRf8buXdJ7Lj.9","action":"GetUpdates", "result":"DeleteReceived", "context":{"id":"9104824b-3df8-4479-a95f-243bea022fe2", "isDeleted:":"true", "version":"1719487093373"}}
{"logTime": "0702/093156", "correlationVector":"J9AXx/nHqeLRf8buXdJ7Lj.10","action":"GetUpdates", "result":"DeleteReceived", "context":{"id":"e5c15962-459f-4383-b547-1f386ff29b0c", "isDeleted:":"true", "version":"1719487093374"}}
{"logTime": "0702/093156", "correlationVector":"J9AXx/nHqeLRf8buXdJ7Lj.11","action":"GetUpdates", "result":"DeleteReceived", "context":{"id":"064d9539-d9e9-472f-9fb5-7a60e56575fd", "isDeleted:":"true", "version":"1719487171871"}}
{"logTime": "0702/093156", "correlationVector":"J9AXx/nHqeLRf8buXdJ7Lj.12","action":"GetUpdates", "result":"DeleteReceived", "context":{"id":"9cf5abad-a440-44b9-b39a-4df954be9e7f", "isDeleted:":"true", "version":"1719578589850"}}
{"logTime": "0702/093156", "correlationVector":"J9AXx/nHqeLRf8buXdJ7Lj.13","action":"GetUpdates", "result":"DeleteReceived", "context":{"id":"af124fff-8797-4b87-ae03-91cd84edef41", "isDeleted:":"true", "version":"1719581886205"}}
{"logTime": "0702/093156", "correlationVector":"J9AXx/nHqeLRf8buXdJ7Lj.14","action":"GetUpdates", "result":"DeleteReceived", "context":{"id":"cfdf69bb-b2e1-42ff-a908-5c70114c6e68", "isDeleted:":"true", "version":"1719585756626"}}
{"logTime": "0702/093156", "correlationVector":"J9AXx/nHqeLRf8buXdJ7Lj.15","action":"GetUpdates", "result":"DeleteReceived", "context":{"id":"a09486ed-7e92-4ab7-896f-c769f48ccc59", "isDeleted:":"true", "version":"1719596774538"}}
{"logTime": "0702/093156", "correlationVector":"J9AXx/nHqeLRf8buXdJ7Lj.16","action":"GetUpdates", "result":"DeleteReceived", "context":{"id":"673fd9e2-68e5-470e-98bf-0bd674367a4b", "isDeleted:":"true", "version":"1719596774539"}}
{"logTime": "0702/093156", "correlationVector":"J9AXx/nHqeLRf8buXdJ7Lj.17","action":"GetUpdates", "result":"DeleteReceived", "context":{"id":"03a1b65d-c1c9-47cf-9cfe-bbb92eb0cb33", "isDeleted:":"true", "version":"1719598035012"}}
{"logTime": "0702/093156", "correlationVector":"J9AXx/nHqeLRf8buXdJ7Lj.18","action":"GetUpdates", "result":"DeleteReceived", "context":{"id":"ac2045af-d5c8-4af5-be0f-83f9c47c6a46", "isDeleted:":"true", "version":"1719600215482"}}
{"logTime": "0702/093156", "correlationVector":"J9AXx/nHqeLRf8buXdJ7Lj.19","action":"GetUpdates", "result":"DeleteReceived", "context":{"id":"97a0103e-aaa2-4766-90ec-76b69ba186ab", "isDeleted:":"true", "version":"1719604977603"}}
{"logTime": "0702/093156", "correlationVector":"J9AXx/nHqeLRf8buXdJ7Lj.20","action":"GetUpdates", "result":"DeleteReceived", "context":{"id":"67e859b6-53b8-4997-a9fa-4a6867e5cbd2", "isDeleted:":"true", "version":"1719664631222"}}
{"logTime": "0702/093156", "correlationVector":"J9AXx/nHqeLRf8buXdJ7Lj.21","action":"GetUpdates", "result":"DeleteReceived", "context":{"id":"aa449a5f-e7cd-4b14-9f7d-ba93dda31abd", "isDeleted:":"true", "version":"1719748682433"}}
{"logTime": "0702/093156", "correlationVector":"J9AXx/nHqeLRf8buXdJ7Lj.22","action":"GetUpdates", "result":"DeleteReceived", "context":{"id":"08c6aeb8-f949-4e32-962c-f666e0ad24d8", "isDeleted:":"true", "version":"1719904513991"}}
{"logTime": "0702/093156", "correlationVector":"J9AXx/nHqeLRf8buXdJ7Lj.23","action":"GetUpdates", "result":"DeleteReceived", "context":{"id":"96c19917-2f07-475a-9604-6f593df56d80", "isDeleted:":"true", "version":"1719904513992"}}
{"logTime": "0702/093156", "correlationVector":"J9AXx/nHqeLRf8buXdJ7Lj.24","action":"GetUpdates", "result":"DeleteReceived", "context":{"id":"b82493db-9e4c-4c00-adb1-6dcc8ef2e5d5", "isDeleted:":"true", "version":"1719906048368"}}
{"logTime": "0702/093156", "correlationVector":"J9AXx/nHqeLRf8buXdJ7Lj.25","action":"GetUpdates Response", "result":"Success", "context":Received 48 update(s). cV=J9AXx/nHqeLRf8buXdJ7Lj.0;server=GENERAL0300001I;cloudType=Consumer;environment=Prod_SoutheastAsia_000j;migrationStage=NotStarted}
{"logTime": "0702/093156", "correlationVector":"aFgo0xJWZJXBhlFdH45XOx","action":"Commit Request", "result":"", "context":Item count: 4
Contributing types: Sessions, Device Info}
{"logTime": "0702/093157", "correlationVector":"aFgo0xJWZJXBhlFdH45XOx.1","action":"SyncServerConnectionManagerRequest", "result":"SYNC_SERVER_OK", "context":{"environment":"Prod_SoutheastAsia_000j", "migrationStage":"NotStarted", "server":"GENERAL03000003"}}
{"logTime": "0702/093157", "correlationVector":"aFgo0xJWZJXBhlFdH45XOx.3","action":"Commit.Sessions", "result":"Success", "context":{"id":"6cb02b00-32e0-478b-a26f-42a60d7d10e3", "isDeleted":"true", "size":"0", "version":"1719325127266"}}
{"logTime": "0702/093157", "correlationVector":"aFgo0xJWZJXBhlFdH45XOx.2","action":"Commit Response", "result":"Success", "context":Result: Success. cV=aFgo0xJWZJXBhlFdH45XOx.0;server=GENERAL03000003;cloudType=Consumer;environment=Prod_SoutheastAsia_000j;migrationStage=NotStarted}
{"logTime": "0702/093157", "correlationVector":"EcwwGfqf4lq/5YIN03q+0V","action":"Normal GetUpdate request", "result":"", "context":cV=EcwwGfqf4lq/5YIN03q+0V
Nudged types: Sessions, Device Info
Refresh requested types: Passwords}
{"logTime": "0702/093157", "correlationVector":"EcwwGfqf4lq/5YIN03q+0V.1","action":"SyncServerConnectionManagerRequest", "result":"SYNC_SERVER_OK", "context":{"environment":"Prod_SoutheastAsia_000j", "migrationStage":"NotStarted", "server":"GENERAL0300000A"}}
{"logTime": "0702/093157", "correlationVector":"EcwwGfqf4lq/5YIN03q+0V.2","action":"GetUpdates", "result":"DeleteReceived", "context":{"id":"6cb02b00-32e0-478b-a26f-42a60d7d10e3", "isDeleted:":"true", "version":"1719912716988"}}
{"logTime": "0702/093157", "correlationVector":"EcwwGfqf4lq/5YIN03q+0V.3","action":"GetUpdates Response", "result":"Success", "context":Received 4 update(s). cV=EcwwGfqf4lq/5YIN03q+0V.0;server=GENERAL0300000A;cloudType=Consumer;environment=Prod_SoutheastAsia_000j;migrationStage=NotStarted}
{"logTime": "0702/093157", "correlationVector":"BjQu79Z55qp9iRMRF31akT","action":"Poll GetUpdate request", "result":"", "context":cV=BjQu79Z55qp9iRMRF31akT}
{"logTime": "0702/093158", "correlationVector":"BjQu79Z55qp9iRMRF31akT.1","action":"SyncServerConnectionManagerRequest", "result":"SYNC_SERVER_OK", "context":{"environment":"Prod_SoutheastAsia_000j", "migrationStage":"NotStarted", "server":"GENERAL0100000W"}}
{"logTime": "0702/093158", "correlationVector":"BjQu79Z55qp9iRMRF31akT.2","action":"GetUpdates Response", "result":"Success", "context":Received 0 update(s). cV=BjQu79Z55qp9iRMRF31akT.0;server=GENERAL0100000W;cloudType=Consumer;environment=Prod_SoutheastAsia_000j;migrationStage=NotStarted}
{"logTime": "0702/093229", "correlationVector":"iWpGMqjYY5JRp3Qblb6anH","action":"Commit Request", "result":"", "context":Item count: 2
Contributing types: Typed URLs, Sessions}
{"logTime": "0702/093230", "correlationVector":"iWpGMqjYY5JRp3Qblb6anH.1","action":"SyncServerConnectionManagerRequest", "result":"SYNC_SERVER_OK", "context":{"environment":"Prod_SoutheastAsia_000j", "migrationStage":"NotStarted", "server":"GENERAL0100000U"}}
{"logTime": "0702/093230", "correlationVector":"iWpGMqjYY5JRp3Qblb6anH.2","action":"Commit Response", "result":"Success", "context":Result: Success. cV=iWpGMqjYY5JRp3Qblb6anH.0;server=GENERAL0100000U;cloudType=Consumer;environment=Prod_SoutheastAsia_000j;migrationStage=NotStarted}
