{"logTime": "0620/145728", "correlationVector":"Xu+fL4y3TTjT0+0q798TJb.101","action":"GetUpdates", "result":"DeleteReceived", "context":{"id":"e3be6d9c-204a-408d-a8ad-d7fb2c007d23", "isDeleted:":"true", "version":"1718534814221"}}
{"logTime": "0620/145728", "correlationVector":"Xu+fL4y3TTjT0+0q798TJb.102","action":"GetUpdates", "result":"DeleteReceived", "context":{"id":"66b4f55c-db2d-497d-8cdc-dcafb4342a67", "isDeleted:":"true", "version":"1718534814222"}}
{"logTime": "0620/145728", "correlationVector":"Xu+fL4y3TTjT0+0q798TJb.103","action":"GetUpdates", "result":"DeleteReceived", "context":{"id":"9b6670d1-d6ad-4c37-b6fa-8f214e34da07", "isDeleted:":"true", "version":"1718534814224"}}
{"logTime": "0620/145728", "correlationVector":"Xu+fL4y3TTjT0+0q798TJb.104","action":"GetUpdates", "result":"DeleteReceived", "context":{"id":"b15fb5de-8e20-404a-9456-0ecdc4cb49b3", "isDeleted:":"true", "version":"1718534814225"}}
{"logTime": "0620/145728", "correlationVector":"Xu+fL4y3TTjT0+0q798TJb.105","action":"GetUpdates", "result":"DeleteReceived", "context":{"id":"8b19c118-c3c9-44a2-87c5-bf5694a961bf", "isDeleted:":"true", "version":"1718535104244"}}
{"logTime": "0620/145728", "correlationVector":"Xu+fL4y3TTjT0+0q798TJb.106","action":"GetUpdates", "result":"DeleteReceived", "context":{"id":"bf4ee948-1f7f-4623-a88f-9fb7e9560962", "isDeleted:":"true", "version":"1718535104245"}}
{"logTime": "0620/145728", "correlationVector":"Xu+fL4y3TTjT0+0q798TJb.107","action":"GetUpdates", "result":"DeleteReceived", "context":{"id":"f0098725-642f-42ce-882f-c10aca52c771", "isDeleted:":"true", "version":"1718535110015"}}
{"logTime": "0620/145728", "correlationVector":"Xu+fL4y3TTjT0+0q798TJb.108","action":"GetUpdates", "result":"DeleteReceived", "context":{"id":"4ab08e03-1b79-4439-b68f-9c1616c6ade5", "isDeleted:":"true", "version":"1718536136595"}}
{"logTime": "0620/145728", "correlationVector":"Xu+fL4y3TTjT0+0q798TJb.109","action":"GetUpdates", "result":"DeleteReceived", "context":{"id":"29b88088-6348-43e9-960a-3c8000b709bb", "isDeleted:":"true", "version":"1718537727240"}}
{"logTime": "0620/145728", "correlationVector":"Xu+fL4y3TTjT0+0q798TJb.110","action":"GetUpdates", "result":"DeleteReceived", "context":{"id":"fdfd230b-65d7-4002-b48b-e6bedea1bd04", "isDeleted:":"true", "version":"1718537875674"}}
{"logTime": "0620/145728", "correlationVector":"Xu+fL4y3TTjT0+0q798TJb.111","action":"GetUpdates", "result":"DeleteReceived", "context":{"id":"3c04f861-3bef-48e7-a861-9fa76b1fa5e7", "isDeleted:":"true", "version":"1718539028070"}}
{"logTime": "0620/145728", "correlationVector":"Xu+fL4y3TTjT0+0q798TJb.112","action":"GetUpdates", "result":"DeleteReceived", "context":{"id":"b1fb56f5-8652-4ae5-93b9-2f7f99ad4ea2", "isDeleted:":"true", "version":"1718540017523"}}
{"logTime": "0620/145728", "correlationVector":"Xu+fL4y3TTjT0+0q798TJb.113","action":"GetUpdates", "result":"DeleteReceived", "context":{"id":"21b36f35-0ffa-420b-b1bf-d6c9258b7981", "isDeleted:":"true", "version":"1718540269916"}}
{"logTime": "0620/145728", "correlationVector":"Xu+fL4y3TTjT0+0q798TJb.114","action":"GetUpdates", "result":"DeleteReceived", "context":{"id":"ef1a9d48-83b5-4bca-9cbc-39cfa3222d07", "isDeleted:":"true", "version":"1718549515350"}}
{"logTime": "0620/145728", "correlationVector":"Xu+fL4y3TTjT0+0q798TJb.115","action":"GetUpdates", "result":"DeleteReceived", "context":{"id":"6a23f002-656a-4a6c-9371-3f53c69ca55c", "isDeleted:":"true", "version":"1718551590653"}}
{"logTime": "0620/145728", "correlationVector":"Xu+fL4y3TTjT0+0q798TJb.116","action":"GetUpdates", "result":"DeleteReceived", "context":{"id":"55e88137-a86f-4017-9168-0e678b63b860", "isDeleted:":"true", "version":"1718551974178"}}
{"logTime": "0620/145728", "correlationVector":"Xu+fL4y3TTjT0+0q798TJb.117","action":"GetUpdates", "result":"DeleteReceived", "context":{"id":"14e94f0b-b6a0-4fbe-9716-802350b55a88", "isDeleted:":"true", "version":"1718551974179"}}
{"logTime": "0620/145728", "correlationVector":"Xu+fL4y3TTjT0+0q798TJb.118","action":"GetUpdates", "result":"DeleteReceived", "context":{"id":"711889ab-3d51-49f9-9e2e-583d9db84815", "isDeleted:":"true", "version":"1718559141062"}}
{"logTime": "0620/145728", "correlationVector":"Xu+fL4y3TTjT0+0q798TJb.119","action":"GetUpdates", "result":"DeleteReceived", "context":{"id":"51741f70-9ec6-4776-be99-8096aec4d128", "isDeleted:":"true", "version":"1718559141063"}}
{"logTime": "0620/145728", "correlationVector":"Xu+fL4y3TTjT0+0q798TJb.120","action":"GetUpdates", "result":"DeleteReceived", "context":{"id":"13436825-1b5f-4c57-80bf-75f489986a03", "isDeleted:":"true", "version":"1718559489290"}}
{"logTime": "0620/145728", "correlationVector":"Xu+fL4y3TTjT0+0q798TJb.121","action":"GetUpdates", "result":"DeleteReceived", "context":{"id":"fe3875ae-4e9e-430a-8868-2e155512f8aa", "isDeleted:":"true", "version":"1718559721843"}}
{"logTime": "0620/145728", "correlationVector":"Xu+fL4y3TTjT0+0q798TJb.122","action":"GetUpdates", "result":"DeleteReceived", "context":{"id":"7c7b122b-8d44-4afe-aae2-f9e29da2e807", "isDeleted:":"true", "version":"1718559721845"}}
{"logTime": "0620/145728", "correlationVector":"Xu+fL4y3TTjT0+0q798TJb.123","action":"GetUpdates", "result":"DeleteReceived", "context":{"id":"e4b224c9-5868-4e58-b99d-5856226362de", "isDeleted:":"true", "version":"1718559721846"}}
{"logTime": "0620/145728", "correlationVector":"Xu+fL4y3TTjT0+0q798TJb.124","action":"GetUpdates", "result":"DeleteReceived", "context":{"id":"46629590-0b32-46d4-a5c8-f94220a1e0d4", "isDeleted:":"true", "version":"1718562978946"}}
{"logTime": "0620/145728", "correlationVector":"Xu+fL4y3TTjT0+0q798TJb.125","action":"GetUpdates", "result":"DeleteReceived", "context":{"id":"b07177e0-78d9-4d75-ad82-340ed8a68026", "isDeleted:":"true", "version":"1718628412702"}}
{"logTime": "0620/145728", "correlationVector":"Xu+fL4y3TTjT0+0q798TJb.126","action":"GetUpdates", "result":"DeleteReceived", "context":{"id":"c0f407cd-ef95-4a5e-a3d3-fdc0b778c4ce", "isDeleted:":"true", "version":"1718628712391"}}
{"logTime": "0620/145728", "correlationVector":"Xu+fL4y3TTjT0+0q798TJb.127","action":"GetUpdates", "result":"DeleteReceived", "context":{"id":"a953f035-228f-4cb4-8918-b388e595e54b", "isDeleted:":"true", "version":"1718632202348"}}
{"logTime": "0620/145728", "correlationVector":"Xu+fL4y3TTjT0+0q798TJb.128","action":"GetUpdates", "result":"DeleteReceived", "context":{"id":"c76845c1-ba87-44af-83b4-797f85cb2773", "isDeleted:":"true", "version":"1718632244510"}}
{"logTime": "0620/145728", "correlationVector":"Xu+fL4y3TTjT0+0q798TJb.129","action":"GetUpdates", "result":"DeleteReceived", "context":{"id":"c95a2a6e-e797-4a48-8df2-a3448f6c7ab3", "isDeleted:":"true", "version":"1718632904977"}}
{"logTime": "0620/145728", "correlationVector":"Xu+fL4y3TTjT0+0q798TJb.130","action":"GetUpdates", "result":"DeleteReceived", "context":{"id":"cf5a4e72-5a85-4dd5-bf8f-25ca5474477d", "isDeleted:":"true", "version":"1718632965003"}}
{"logTime": "0620/145728", "correlationVector":"Xu+fL4y3TTjT0+0q798TJb.131","action":"GetUpdates", "result":"DeleteReceived", "context":{"id":"80e8c12f-bd57-4226-a7af-7c458bfa3d73", "isDeleted:":"true", "version":"1718633122882"}}
{"logTime": "0620/145728", "correlationVector":"Xu+fL4y3TTjT0+0q798TJb.132","action":"GetUpdates", "result":"DeleteReceived", "context":{"id":"983e81f8-f016-4005-adb1-363181f61616", "isDeleted:":"true", "version":"1718633122884"}}
{"logTime": "0620/145728", "correlationVector":"Xu+fL4y3TTjT0+0q798TJb.133","action":"GetUpdates", "result":"DeleteReceived", "context":{"id":"2b52e310-7eb6-40df-9255-ee77a0adfa24", "isDeleted:":"true", "version":"1718633122885"}}
{"logTime": "0620/145728", "correlationVector":"Xu+fL4y3TTjT0+0q798TJb.134","action":"GetUpdates", "result":"DeleteReceived", "context":{"id":"cfe355c2-ce02-4c5f-b4bd-a0cdc6776f1a", "isDeleted:":"true", "version":"1718633122886"}}
{"logTime": "0620/145728", "correlationVector":"Xu+fL4y3TTjT0+0q798TJb.135","action":"GetUpdates", "result":"DeleteReceived", "context":{"id":"6d9902ea-76b7-4dbf-9199-0409a081c075", "isDeleted:":"true", "version":"1718633163364"}}
{"logTime": "0620/145728", "correlationVector":"Xu+fL4y3TTjT0+0q798TJb.136","action":"GetUpdates", "result":"DeleteReceived", "context":{"id":"dc1a37dd-21a5-4804-b0a4-33120e36eb50", "isDeleted:":"true", "version":"1718633207593"}}
{"logTime": "0620/145728", "correlationVector":"Xu+fL4y3TTjT0+0q798TJb.137","action":"GetUpdates", "result":"DeleteReceived", "context":{"id":"4cb7d556-ec93-499f-8a08-56a87a94525d", "isDeleted:":"true", "version":"1718633614038"}}
{"logTime": "0620/145728", "correlationVector":"Xu+fL4y3TTjT0+0q798TJb.138","action":"GetUpdates", "result":"DeleteReceived", "context":{"id":"1d4b550c-9ea2-4360-abf6-af298700072a", "isDeleted:":"true", "version":"1718633614039"}}
{"logTime": "0620/145728", "correlationVector":"Xu+fL4y3TTjT0+0q798TJb.139","action":"GetUpdates", "result":"DeleteReceived", "context":{"id":"f6b76598-705e-427b-a1bb-bd67c1e9eb27", "isDeleted:":"true", "version":"1718633614040"}}
{"logTime": "0620/145728", "correlationVector":"Xu+fL4y3TTjT0+0q798TJb.140","action":"GetUpdates", "result":"DeleteReceived", "context":{"id":"31445075-7532-43b0-a56e-c2b1112184bd", "isDeleted:":"true", "version":"1718737419008"}}
{"logTime": "0620/145728", "correlationVector":"Xu+fL4y3TTjT0+0q798TJb.141","action":"GetUpdates", "result":"DeleteReceived", "context":{"id":"5d1c5a1d-7606-4a2e-bdb0-9be7ad8b9515", "isDeleted:":"true", "version":"1718737419009"}}
{"logTime": "0620/145728", "correlationVector":"Xu+fL4y3TTjT0+0q798TJb.142","action":"GetUpdates", "result":"DeleteReceived", "context":{"id":"6bc82563-0d3a-44e4-b571-fceabd9ed47d", "isDeleted:":"true", "version":"1718737419010"}}
{"logTime": "0620/145728", "correlationVector":"Xu+fL4y3TTjT0+0q798TJb.143","action":"GetUpdates", "result":"DeleteReceived", "context":{"id":"000d1148-4fae-4b99-b922-9bafeb8569f0", "isDeleted:":"true", "version":"1718737419011"}}
{"logTime": "0620/145728", "correlationVector":"Xu+fL4y3TTjT0+0q798TJb.144","action":"GetUpdates", "result":"DeleteReceived", "context":{"id":"842c690c-c9d3-40dd-872a-6d775ff33230", "isDeleted:":"true", "version":"1718737419012"}}
{"logTime": "0620/145728", "correlationVector":"Xu+fL4y3TTjT0+0q798TJb.145","action":"GetUpdates", "result":"DeleteReceived", "context":{"id":"c0c982f8-111f-4643-9a1f-cd43d3d1b293", "isDeleted:":"true", "version":"1718737419013"}}
{"logTime": "0620/145728", "correlationVector":"Xu+fL4y3TTjT0+0q798TJb.146","action":"GetUpdates", "result":"DeleteReceived", "context":{"id":"d45509a1-2407-46e3-b99b-baf8c14af457", "isDeleted:":"true", "version":"1718737419015"}}
{"logTime": "0620/145728", "correlationVector":"Xu+fL4y3TTjT0+0q798TJb.147","action":"GetUpdates", "result":"DeleteReceived", "context":{"id":"716484e4-f595-4e50-bc24-7ed663e063c2", "isDeleted:":"true", "version":"1718737419016"}}
{"logTime": "0620/145728", "correlationVector":"Xu+fL4y3TTjT0+0q798TJb.148","action":"GetUpdates", "result":"DeleteReceived", "context":{"id":"a51960b1-0682-4d0d-bb1c-d08d57a41665", "isDeleted:":"true", "version":"1718738888111"}}
{"logTime": "0620/145728", "correlationVector":"Xu+fL4y3TTjT0+0q798TJb.149","action":"GetUpdates", "result":"DeleteReceived", "context":{"id":"4b94fa18-00b0-40cf-8ad1-35d47e6c376c", "isDeleted:":"true", "version":"1718739353675"}}
{"logTime": "0620/145728", "correlationVector":"Xu+fL4y3TTjT0+0q798TJb.150","action":"GetUpdates", "result":"DeleteReceived", "context":{"id":"3a51f3b9-120c-4a40-9abb-8200c7f9735e", "isDeleted:":"true", "version":"1718739353677"}}
{"logTime": "0620/145728", "correlationVector":"Xu+fL4y3TTjT0+0q798TJb.151","action":"GetUpdates", "result":"DeleteReceived", "context":{"id":"142cd7ca-64d0-490d-a20f-207a16dc1bae", "isDeleted:":"true", "version":"1718887167997"}}
{"logTime": "0620/145728", "correlationVector":"Xu+fL4y3TTjT0+0q798TJb.152","action":"GetUpdates", "result":"DeleteReceived", "context":{"id":"7cb1dab0-16ec-4e0d-8648-38a2677598eb", "isDeleted:":"true", "version":"1718887167998"}}
{"logTime": "0620/145728", "correlationVector":"Xu+fL4y3TTjT0+0q798TJb.153","action":"GetUpdates", "result":"DeleteReceived", "context":{"id":"8a4ea077-d369-41c5-a54f-ed8a6683222b", "isDeleted:":"true", "version":"1718887467153"}}
{"logTime": "0620/145728", "correlationVector":"Xu+fL4y3TTjT0+0q798TJb.154","action":"GetUpdates", "result":"DeleteReceived", "context":{"id":"0aa3ad31-3ee7-4b73-8b9b-69735b935647", "isDeleted:":"true", "version":"1718887467154"}}
{"logTime": "0620/145728", "correlationVector":"Xu+fL4y3TTjT0+0q798TJb.155","action":"GetUpdates", "result":"DeleteReceived", "context":{"id":"96c69490-9825-4561-8b61-91a3e0503661", "isDeleted:":"true", "version":"1718888879892"}}
{"logTime": "0620/145728", "correlationVector":"Xu+fL4y3TTjT0+0q798TJb.156","action":"GetUpdates", "result":"DeleteReceived", "context":{"id":"32fab8f9-bbc9-4199-9e3a-6250ed5614d6", "isDeleted:":"true", "version":"1718888879893"}}
{"logTime": "0620/145728", "correlationVector":"Xu+fL4y3TTjT0+0q798TJb.157","action":"GetUpdates", "result":"DeleteReceived", "context":{"id":"acbc38d0-6513-4d72-9dc9-5cc1b048e8c9", "isDeleted:":"true", "version":"1718890241370"}}
{"logTime": "0620/145728", "correlationVector":"Xu+fL4y3TTjT0+0q798TJb.158","action":"GetUpdates", "result":"DeleteReceived", "context":{"id":"d4beacce-792c-46e7-91ab-892994f271b1", "isDeleted:":"true", "version":"1718891190854"}}
{"logTime": "0620/145728", "correlationVector":"Xu+fL4y3TTjT0+0q798TJb.159","action":"GetUpdates", "result":"DeleteReceived", "context":{"id":"36db0e2b-2551-4db6-9fec-e9e2c0bcfe7f", "isDeleted:":"true", "version":"1718892156111"}}
{"logTime": "0620/145728", "correlationVector":"Xu+fL4y3TTjT0+0q798TJb.160","action":"GetUpdates", "result":"DeleteReceived", "context":{"id":"fa28775e-7d39-47fe-832e-bd68e04126de", "isDeleted:":"true", "version":"1718893140135"}}
{"logTime": "0620/145728", "correlationVector":"Xu+fL4y3TTjT0+0q798TJb.161","action":"GetUpdates", "result":"DeleteReceived", "context":{"id":"921bcb99-93ba-461f-a556-76767502a0e5", "isDeleted:":"true", "version":"1718893140136"}}
{"logTime": "0620/145728", "correlationVector":"Xu+fL4y3TTjT0+0q798TJb.162","action":"GetUpdates", "result":"DeleteReceived", "context":{"id":"f520713a-eae7-4863-a47a-7d59c5cc8b76", "isDeleted:":"true", "version":"1718893140137"}}
{"logTime": "0620/145728", "correlationVector":"Xu+fL4y3TTjT0+0q798TJb.163","action":"GetUpdates Response", "result":"Success", "context":Received 176 update(s). cV=Xu+fL4y3TTjT0+0q798TJb.0;server=GENERAL0300002D;cloudType=Consumer;environment=Prod_SoutheastAsia_000j;migrationStage=NotStarted}
{"logTime": "0620/145728", "correlationVector":"c5EPc21Bmu0GNaXwG1OR+S","action":"Normal GetUpdate request", "result":"", "context":cV=c5EPc21Bmu0GNaXwG1OR+S
Nudged types: Preferences, Passwords, Sessions
Refresh requested types: Bookmarks, Preferences, Passwords, Autofill Profiles, Autofill, Typed URLs, Extensions, Sessions, Extension settings, History Delete Directives, Device Info, User Consents, Send Tab To Self, Web Apps, Collection, Edge E Drop, Edge Hub App Usage, Edge Tab Group, Edge Wallet, Encryption Keys}
{"logTime": "0620/145728", "correlationVector":"c5EPc21Bmu0GNaXwG1OR+S.1","action":"SyncServerConnectionManagerRequest", "result":"SYNC_SERVER_OK", "context":{"environment":"Prod_SoutheastAsia_000j", "migrationStage":"NotStarted", "server":"GENERAL0300001Q"}}
{"logTime": "0620/145728", "correlationVector":"c5EPc21Bmu0GNaXwG1OR+S.2","action":"GetUpdates Response", "result":"Success", "context":Received 0 update(s). cV=c5EPc21Bmu0GNaXwG1OR+S.0;server=GENERAL0300001Q;cloudType=Consumer;environment=Prod_SoutheastAsia_000j;migrationStage=NotStarted}
{"logTime": "0620/145728", "correlationVector":"hXQH777dXA+W8xwmEMTVSR","action":"Commit Request", "result":"", "context":Item count: 22
Contributing types: Preferences, Passwords, Sessions}
{"logTime": "0620/145729", "correlationVector":"hXQH777dXA+W8xwmEMTVSR.1","action":"SyncServerConnectionManagerRequest", "result":"SYNC_SERVER_OK", "context":{"environment":"Prod_SoutheastAsia_000j", "migrationStage":"NotStarted", "server":"GENERAL0100000F"}}
{"logTime": "0620/145729", "correlationVector":"hXQH777dXA+W8xwmEMTVSR.2","action":"Commit Response", "result":"Success", "context":Result: Success. cV=hXQH777dXA+W8xwmEMTVSR.0;server=GENERAL0100000F;cloudType=Consumer;environment=Prod_SoutheastAsia_000j;migrationStage=NotStarted}
{"logTime": "0620/145730", "correlationVector":"JfATwLb2WBp0dsqKQC8PVC","action":"Normal GetUpdate request", "result":"", "context":cV=JfATwLb2WBp0dsqKQC8PVC
Nudged types: Preferences, Passwords, Sessions}
{"logTime": "0620/145730", "correlationVector":"JfATwLb2WBp0dsqKQC8PVC.1","action":"SyncServerConnectionManagerRequest", "result":"SYNC_SERVER_OK", "context":{"environment":"Prod_SoutheastAsia_000j", "migrationStage":"NotStarted", "server":"GENERAL03000020"}}
{"logTime": "0620/145730", "correlationVector":"JfATwLb2WBp0dsqKQC8PVC.2","action":"GetUpdates Response", "result":"Success", "context":Received 22 update(s). cV=JfATwLb2WBp0dsqKQC8PVC.0;server=GENERAL03000020;cloudType=Consumer;environment=Prod_SoutheastAsia_000j;migrationStage=NotStarted}
{"logTime": "0620/145816", "correlationVector":"O/QqETin5qXBHHvTBBcsXa","action":"Commit Request", "result":"", "context":Item count: 1
Contributing types: Preferences}
{"logTime": "0620/145816", "correlationVector":"O/QqETin5qXBHHvTBBcsXa.1","action":"SyncServerConnectionManagerRequest", "result":"SYNC_SERVER_OK", "context":{"environment":"Prod_SoutheastAsia_000j", "migrationStage":"NotStarted", "server":"GENERAL0100000A"}}
{"logTime": "0620/145816", "correlationVector":"O/QqETin5qXBHHvTBBcsXa.2","action":"Commit Response", "result":"Success", "context":Result: Success. cV=O/QqETin5qXBHHvTBBcsXa.0;server=GENERAL0100000A;cloudType=Consumer;environment=Prod_SoutheastAsia_000j;migrationStage=NotStarted}
{"logTime": "0620/150225", "correlationVector":"JqqED6Un2rycDX3YId17Ib","action":"Normal GetUpdate request", "result":"", "context":cV=JqqED6Un2rycDX3YId17Ib
Refresh requested types: Bookmarks, Preferences, Passwords, Autofill Profiles, Autofill, Typed URLs, Extensions, Sessions, Extension settings, History Delete Directives, Device Info, User Consents, Send Tab To Self, Web Apps, Collection, Edge E Drop, Edge Hub App Usage, Edge Tab Group, Edge Wallet, Encryption Keys}
{"logTime": "0620/150225", "correlationVector":"JqqED6Un2rycDX3YId17Ib.1","action":"SyncServerConnectionManagerRequest", "result":"SYNC_SERVER_OK", "context":{"environment":"Prod_SoutheastAsia_000j", "migrationStage":"NotStarted", "server":"GENERAL03000009"}}
{"logTime": "0620/150225", "correlationVector":"JqqED6Un2rycDX3YId17Ib.2","action":"GetUpdates Response", "result":"Success", "context":Received 1 update(s). cV=JqqED6Un2rycDX3YId17Ib.0;server=GENERAL03000009;cloudType=Consumer;environment=Prod_SoutheastAsia_000j;migrationStage=NotStarted}
{"logTime": "0620/150831", "correlationVector":"ynpg67XSHBZS19UQfmyLVl","action":"Commit Request", "result":"", "context":Item count: 1
Contributing types: Sessions}
{"logTime": "0620/150831", "correlationVector":"ynpg67XSHBZS19UQfmyLVl.1","action":"SyncServerConnectionManagerRequest", "result":"SYNC_SERVER_OK", "context":{"environment":"Prod_SoutheastAsia_000j", "migrationStage":"NotStarted", "server":"GENERAL01000015"}}
{"logTime": "0620/150831", "correlationVector":"ynpg67XSHBZS19UQfmyLVl.2","action":"Commit Response", "result":"Success", "context":Result: Success. cV=ynpg67XSHBZS19UQfmyLVl.0;server=GENERAL01000015;cloudType=Consumer;environment=Prod_SoutheastAsia_000j;migrationStage=NotStarted}
{"logTime": "0620/151901", "correlationVector":"Gk+GQH95/MUaJ0uAVW54YT.1","action":"SyncServerConnectionManagerRequest", "result":"SYNC_SERVER_OK", "context":{"environment":"Prod_SoutheastAsia_000j", "migrationStage":"NotStarted", "server":"GENERAL0300000L"}}
{"logTime": "0620/151901", "correlationVector":"z0HPLLhqmgcI5n9xs+dzDR","action":"SyncServerConnectionManagerRequest", "result":"SYNC_SERVER_OK", "context":{"environment":"", "migrationStage":"", "server":""}}
{"logTime": "0620/151901", "correlationVector":"Gk+GQH95/MUaJ0uAVW54YT","action":"Initial GetUpdates", "result":"", "context":Reason: NEW_CLIENT. cV=Gk+GQH95/MUaJ0uAVW54YT}
{"logTime": "0620/151901", "correlationVector":"Gk+GQH95/MUaJ0uAVW54YT.2","action":"GetUpdates Response", "result":"Success", "context":Received 1 update(s). cV=Gk+GQH95/MUaJ0uAVW54YT.0;server=GENERAL0300000L;cloudType=Consumer;environment=Prod_SoutheastAsia_000j;migrationStage=NotStarted}
{"logTime": "0620/151901", "correlationVector":"LJ2NnictBHjgs8SsOtzP5f","action":"Initial GetUpdates", "result":"", "context":Reason: NEWLY_SUPPORTED_DATATYPE. cV=LJ2NnictBHjgs8SsOtzP5f}
{"logTime": "0620/151901", "correlationVector":"LJ2NnictBHjgs8SsOtzP5f.1","action":"SyncServerConnectionManagerRequest", "result":"SYNC_SERVER_OK", "context":{"environment":"Prod_SoutheastAsia_000j", "migrationStage":"NotStarted", "server":"GENERAL0100000M"}}
{"logTime": "0620/151901", "correlationVector":"LJ2NnictBHjgs8SsOtzP5f.2","action":"GetUpdates", "result":"DeleteReceived", "context":{"id":"08a1d0ea-8690-4b21-bb29-a5612c219194", "isDeleted:":"true", "version":"1689167574608"}}
{"logTime": "0620/151901", "correlationVector":"LJ2NnictBHjgs8SsOtzP5f.3","action":"GetUpdates", "result":"DeleteReceived", "context":{"id":"4239b121-61b7-4aa0-b1c7-6334ce998d63", "isDeleted:":"true", "version":"1691312871383"}}
{"logTime": "0620/151901", "correlationVector":"LJ2NnictBHjgs8SsOtzP5f.4","action":"GetUpdates Response", "result":"Success", "context":Received 119 update(s). cV=LJ2NnictBHjgs8SsOtzP5f.0;server=GENERAL0100000M;cloudType=Consumer;environment=Prod_SoutheastAsia_000j;migrationStage=NotStarted}
{"logTime": "0620/151901", "correlationVector":"Iw4vAPJCoCHPk0pwbmx0OA","action":"Normal GetUpdate request", "result":"", "context":cV=Iw4vAPJCoCHPk0pwbmx0OA
Nudged types: Sessions
Refresh requested types: Bookmarks, Preferences, Passwords, Autofill Profiles, Autofill, Typed URLs, Extensions, Sessions, Extension settings, History Delete Directives, Device Info, User Consents, Send Tab To Self, Web Apps, Collection, Edge E Drop, Edge Hub App Usage, Edge Tab Group, Edge Wallet, Encryption Keys}
{"logTime": "0620/151901", "correlationVector":"Iw4vAPJCoCHPk0pwbmx0OA.1","action":"SyncServerConnectionManagerRequest", "result":"SYNC_SERVER_OK", "context":{"environment":"Prod_SoutheastAsia_000j", "migrationStage":"NotStarted", "server":"GENERAL0100001L"}}
{"logTime": "0620/151901", "correlationVector":"Iw4vAPJCoCHPk0pwbmx0OA.2","action":"GetUpdates Response", "result":"Success", "context":Received 2 update(s). cV=Iw4vAPJCoCHPk0pwbmx0OA.0;server=GENERAL0100001L;cloudType=Consumer;environment=Prod_SoutheastAsia_000j;migrationStage=NotStarted}
{"logTime": "0620/151901", "correlationVector":"6p3iLXUnQv35mh0y2caBur","action":"Commit Request", "result":"", "context":Item count: 3
Contributing types: Sessions}
{"logTime": "0620/151901", "correlationVector":"6p3iLXUnQv35mh0y2caBur.1","action":"SyncServerConnectionManagerRequest", "result":"SYNC_SERVER_OK", "context":{"environment":"Prod_SoutheastAsia_000j", "migrationStage":"NotStarted", "server":"GENERAL0100001C"}}
{"logTime": "0620/151901", "correlationVector":"6p3iLXUnQv35mh0y2caBur.2","action":"Commit Response", "result":"Success", "context":Result: Success. cV=6p3iLXUnQv35mh0y2caBur.0;server=GENERAL0100001C;cloudType=Consumer;environment=Prod_SoutheastAsia_000j;migrationStage=NotStarted}
{"logTime": "0620/151901", "correlationVector":"c2Iqm+zFu9cx2HHKf3Lmxv","action":"Normal GetUpdate request", "result":"", "context":cV=c2Iqm+zFu9cx2HHKf3Lmxv
Nudged types: Preferences, Sessions}
{"logTime": "0620/151901", "correlationVector":"c2Iqm+zFu9cx2HHKf3Lmxv.1","action":"SyncServerConnectionManagerRequest", "result":"SYNC_SERVER_OK", "context":{"environment":"Prod_SoutheastAsia_000j", "migrationStage":"NotStarted", "server":"GENERAL0300000P"}}
{"logTime": "0620/151901", "correlationVector":"c2Iqm+zFu9cx2HHKf3Lmxv.2","action":"GetUpdates Response", "result":"Success", "context":Received 3 update(s). cV=c2Iqm+zFu9cx2HHKf3Lmxv.0;server=GENERAL0300000P;cloudType=Consumer;environment=Prod_SoutheastAsia_000j;migrationStage=NotStarted}
{"logTime": "0620/151901", "correlationVector":"eO6AXZwcgyqsy0drpDtY+F","action":"Commit Request", "result":"", "context":Item count: 1
Contributing types: Preferences}
{"logTime": "0620/151901", "correlationVector":"eO6AXZwcgyqsy0drpDtY+F.1","action":"SyncServerConnectionManagerRequest", "result":"SYNC_SERVER_OK", "context":{"environment":"Prod_SoutheastAsia_000j", "migrationStage":"NotStarted", "server":"GENERAL0300002E"}}
{"logTime": "0620/151901", "correlationVector":"eO6AXZwcgyqsy0drpDtY+F.2","action":"Commit Response", "result":"Success", "context":Result: Success. cV=eO6AXZwcgyqsy0drpDtY+F.0;server=GENERAL0300002E;cloudType=Consumer;environment=Prod_SoutheastAsia_000j;migrationStage=NotStarted}
{"logTime": "0620/151901", "correlationVector":"p15pYAjBMp5lmLp8xVazbe","action":"Commit Request", "result":"", "context":Item count: 2
Contributing types: Sessions}
{"logTime": "0620/151901", "correlationVector":"p15pYAjBMp5lmLp8xVazbe.1","action":"SyncServerConnectionManagerRequest", "result":"SYNC_SERVER_OK", "context":{"environment":"Prod_SoutheastAsia_000j", "migrationStage":"NotStarted", "server":"GENERAL0100000A"}}
{"logTime": "0620/151901", "correlationVector":"p15pYAjBMp5lmLp8xVazbe.3","action":"Commit.Sessions", "result":"Success", "context":{"id":"7a7ec43d-7031-4654-bc14-374e113cca20", "isDeleted":"true", "size":"0", "version":"1718896740370"}}
{"logTime": "0620/151901", "correlationVector":"p15pYAjBMp5lmLp8xVazbe.2","action":"Commit Response", "result":"Success", "context":Result: Success. cV=p15pYAjBMp5lmLp8xVazbe.0;server=GENERAL0100000A;cloudType=Consumer;environment=Prod_SoutheastAsia_000j;migrationStage=NotStarted}
{"logTime": "0620/152042", "correlationVector":"GxJ0SobFDopekXobb7zAm3","action":"Commit Request", "result":"", "context":Item count: 1
Contributing types: Sessions}
{"logTime": "0620/152043", "correlationVector":"GxJ0SobFDopekXobb7zAm3.1","action":"SyncServerConnectionManagerRequest", "result":"SYNC_SERVER_OK", "context":{"environment":"Prod_SoutheastAsia_000j", "migrationStage":"NotStarted", "server":"GENERAL01000007"}}
{"logTime": "0620/152043", "correlationVector":"GxJ0SobFDopekXobb7zAm3.2","action":"Commit Response", "result":"Success", "context":Result: Success. cV=GxJ0SobFDopekXobb7zAm3.0;server=GENERAL01000007;cloudType=Consumer;environment=Prod_SoutheastAsia_000j;migrationStage=NotStarted}
{"logTime": "0620/152348", "correlationVector":"YRuJGP22ufDVwQDhRg8CYK","action":"Normal GetUpdate request", "result":"", "context":cV=YRuJGP22ufDVwQDhRg8CYK
Refresh requested types: Bookmarks, Preferences, Passwords, Autofill Profiles, Autofill, Typed URLs, Extensions, Sessions, Extension settings, History Delete Directives, Device Info, User Consents, Send Tab To Self, Web Apps, Collection, Edge E Drop, Edge Hub App Usage, Edge Tab Group, Edge Wallet, Encryption Keys}
{"logTime": "0620/152349", "correlationVector":"YRuJGP22ufDVwQDhRg8CYK.1","action":"SyncServerConnectionManagerRequest", "result":"SYNC_SERVER_OK", "context":{"environment":"Prod_EastAsia_000d", "migrationStage":"NotStarted", "server":"GENERAL0100001I"}}
{"logTime": "0620/152349", "correlationVector":"YRuJGP22ufDVwQDhRg8CYK.2","action":"GetUpdates", "result":"DeleteReceived", "context":{"id":"7a7ec43d-7031-4654-bc14-374e113cca20", "isDeleted:":"true", "version":"1718896747280"}}
{"logTime": "0620/152349", "correlationVector":"YRuJGP22ufDVwQDhRg8CYK.3","action":"GetUpdates Response", "result":"Success", "context":Received 3 update(s). cV=YRuJGP22ufDVwQDhRg8CYK.0;server=GENERAL0100001I;cloudType=Consumer;environment=Prod_EastAsia_000d;migrationStage=NotStarted}
{"logTime": "0620/152916", "correlationVector":"TeT6/7wvuz1smKydFpRURX","action":"Normal GetUpdate request", "result":"", "context":cV=TeT6/7wvuz1smKydFpRURX
Notified types: Preferences}
{"logTime": "0620/152916", "correlationVector":"TeT6/7wvuz1smKydFpRURX.1","action":"SyncServerConnectionManagerRequest", "result":"SYNC_SERVER_OK", "context":{"environment":"Prod_SoutheastAsia_000j", "migrationStage":"NotStarted", "server":"GENERAL03000007"}}
{"logTime": "0620/152916", "correlationVector":"TeT6/7wvuz1smKydFpRURX.2","action":"GetUpdates Response", "result":"Success", "context":Received 2 update(s). cV=TeT6/7wvuz1smKydFpRURX.0;server=GENERAL03000007;cloudType=Consumer;environment=Prod_SoutheastAsia_000j;migrationStage=NotStarted}
{"logTime": "0620/154140", "correlationVector":"DUxktFWWTmkGcC2PvjNEzg","action":"Commit Request", "result":"", "context":Item count: 1
Contributing types: Sessions}
{"logTime": "0620/154140", "correlationVector":"DUxktFWWTmkGcC2PvjNEzg.1","action":"SyncServerConnectionManagerRequest", "result":"SYNC_SERVER_OK", "context":{"environment":"Prod_SoutheastAsia_000j", "migrationStage":"NotStarted", "server":"GENERAL0300001Q"}}
{"logTime": "0620/154140", "correlationVector":"DUxktFWWTmkGcC2PvjNEzg.2","action":"Commit Response", "result":"Success", "context":Result: Success. cV=DUxktFWWTmkGcC2PvjNEzg.0;server=GENERAL0300001Q;cloudType=Consumer;environment=Prod_SoutheastAsia_000j;migrationStage=NotStarted}
{"logTime": "0620/155634", "correlationVector":"D4jsrDmfMwshQaZzes1KfZ.1","action":"SyncServerConnectionManagerRequest", "result":"SYNC_SERVER_OK", "context":{"environment":"Prod_SoutheastAsia_000j", "migrationStage":"NotStarted", "server":"GENERAL03000039"}}
{"logTime": "0620/155634", "correlationVector":"SwJthnTClxlFLHzVJq02xe","action":"SyncServerConnectionManagerRequest", "result":"SYNC_SERVER_OK", "context":{"environment":"", "migrationStage":"", "server":""}}
{"logTime": "0620/155634", "correlationVector":"D4jsrDmfMwshQaZzes1KfZ","action":"Initial GetUpdates", "result":"", "context":Reason: NEW_CLIENT. cV=D4jsrDmfMwshQaZzes1KfZ}
{"logTime": "0620/155634", "correlationVector":"D4jsrDmfMwshQaZzes1KfZ.2","action":"GetUpdates Response", "result":"Success", "context":Received 1 update(s). cV=D4jsrDmfMwshQaZzes1KfZ.0;server=GENERAL03000039;cloudType=Consumer;environment=Prod_SoutheastAsia_000j;migrationStage=NotStarted}
{"logTime": "0620/155634", "correlationVector":"Wgtt80wGW+iH8zhhvQhkv9","action":"Initial GetUpdates", "result":"", "context":Reason: NEWLY_SUPPORTED_DATATYPE. cV=Wgtt80wGW+iH8zhhvQhkv9}
{"logTime": "0620/155634", "correlationVector":"Wgtt80wGW+iH8zhhvQhkv9.1","action":"SyncServerConnectionManagerRequest", "result":"SYNC_SERVER_OK", "context":{"environment":"Prod_SoutheastAsia_000j", "migrationStage":"NotStarted", "server":"GENERAL0300002D"}}
{"logTime": "0620/155634", "correlationVector":"Wgtt80wGW+iH8zhhvQhkv9.2","action":"GetUpdates", "result":"DeleteReceived", "context":{"id":"08a1d0ea-8690-4b21-bb29-a5612c219194", "isDeleted:":"true", "version":"1689167574608"}}
{"logTime": "0620/155634", "correlationVector":"Wgtt80wGW+iH8zhhvQhkv9.3","action":"GetUpdates", "result":"DeleteReceived", "context":{"id":"4239b121-61b7-4aa0-b1c7-6334ce998d63", "isDeleted:":"true", "version":"1691312871383"}}
{"logTime": "0620/155634", "correlationVector":"Wgtt80wGW+iH8zhhvQhkv9.4","action":"GetUpdates Response", "result":"Success", "context":Received 119 update(s). cV=Wgtt80wGW+iH8zhhvQhkv9.0;server=GENERAL0300002D;cloudType=Consumer;environment=Prod_SoutheastAsia_000j;migrationStage=NotStarted}
{"logTime": "0620/155634", "correlationVector":"Zs5hLbrX3UKa/JG8Vfxnte","action":"Normal GetUpdate request", "result":"", "context":cV=Zs5hLbrX3UKa/JG8Vfxnte
Nudged types: Sessions
Refresh requested types: Bookmarks, Preferences, Passwords, Autofill Profiles, Autofill, Typed URLs, Extensions, Sessions, Extension settings, History Delete Directives, Device Info, User Consents, Send Tab To Self, Web Apps, Collection, Edge E Drop, Edge Hub App Usage, Edge Tab Group, Edge Wallet, Encryption Keys}
{"logTime": "0620/155634", "correlationVector":"Zs5hLbrX3UKa/JG8Vfxnte.1","action":"SyncServerConnectionManagerRequest", "result":"SYNC_SERVER_OK", "context":{"environment":"Prod_SoutheastAsia_000j", "migrationStage":"NotStarted", "server":"GENERAL0100000Z"}}
{"logTime": "0620/155634", "correlationVector":"Zs5hLbrX3UKa/JG8Vfxnte.2","action":"GetUpdates Response", "result":"Success", "context":Received 2 update(s). cV=Zs5hLbrX3UKa/JG8Vfxnte.0;server=GENERAL0100000Z;cloudType=Consumer;environment=Prod_SoutheastAsia_000j;migrationStage=NotStarted}
{"logTime": "0620/155634", "correlationVector":"Q+euvCgUXJSQX2fDWwaSEt","action":"Commit Request", "result":"", "context":Item count: 2
Contributing types: Sessions}
{"logTime": "0620/155634", "correlationVector":"Q+euvCgUXJSQX2fDWwaSEt.1","action":"SyncServerConnectionManagerRequest", "result":"SYNC_SERVER_OK", "context":{"environment":"Prod_SoutheastAsia_000j", "migrationStage":"NotStarted", "server":"GENERAL0100000N"}}
{"logTime": "0620/155634", "correlationVector":"Q+euvCgUXJSQX2fDWwaSEt.2","action":"Commit Response", "result":"Success", "context":Result: Success. cV=Q+euvCgUXJSQX2fDWwaSEt.0;server=GENERAL0100000N;cloudType=Consumer;environment=Prod_SoutheastAsia_000j;migrationStage=NotStarted}
{"logTime": "0620/155635", "correlationVector":"zGTp7FTQgVJNzkCKSyvyLe","action":"Normal GetUpdate request", "result":"", "context":cV=zGTp7FTQgVJNzkCKSyvyLe
Nudged types: Preferences, Sessions}
{"logTime": "0620/155635", "correlationVector":"zGTp7FTQgVJNzkCKSyvyLe.1","action":"SyncServerConnectionManagerRequest", "result":"SYNC_SERVER_OK", "context":{"environment":"Prod_SoutheastAsia_000j", "migrationStage":"NotStarted", "server":"GENERAL0100000K"}}
{"logTime": "0620/155635", "correlationVector":"zGTp7FTQgVJNzkCKSyvyLe.2","action":"GetUpdates Response", "result":"Success", "context":Received 2 update(s). cV=zGTp7FTQgVJNzkCKSyvyLe.0;server=GENERAL0100000K;cloudType=Consumer;environment=Prod_SoutheastAsia_000j;migrationStage=NotStarted}
{"logTime": "0620/155635", "correlationVector":"y/vzWWdDNeTMDCD03sAH62","action":"Commit Request", "result":"", "context":Item count: 1
Contributing types: Preferences}
{"logTime": "0620/155636", "correlationVector":"y/vzWWdDNeTMDCD03sAH62.1","action":"SyncServerConnectionManagerRequest", "result":"SYNC_SERVER_OK", "context":{"environment":"Prod_SoutheastAsia_000j", "migrationStage":"NotStarted", "server":"GENERAL03000009"}}
{"logTime": "0620/155636", "correlationVector":"y/vzWWdDNeTMDCD03sAH62.2","action":"Commit Response", "result":"Success", "context":Result: Success. cV=y/vzWWdDNeTMDCD03sAH62.0;server=GENERAL03000009;cloudType=Consumer;environment=Prod_SoutheastAsia_000j;migrationStage=NotStarted}
{"logTime": "0620/155638", "correlationVector":"Ovw4o05TmKcGnySAJEIsTR","action":"Commit Request", "result":"", "context":Item count: 1
Contributing types: Sessions}
{"logTime": "0620/155638", "correlationVector":"Ovw4o05TmKcGnySAJEIsTR.1","action":"SyncServerConnectionManagerRequest", "result":"SYNC_SERVER_OK", "context":{"environment":"Prod_SoutheastAsia_000j", "migrationStage":"NotStarted", "server":"GENERAL03000028"}}
{"logTime": "0620/155638", "correlationVector":"Ovw4o05TmKcGnySAJEIsTR.2","action":"Commit Response", "result":"Success", "context":Result: Success. cV=Ovw4o05TmKcGnySAJEIsTR.0;server=GENERAL03000028;cloudType=Consumer;environment=Prod_SoutheastAsia_000j;migrationStage=NotStarted}
{"logTime": "0625/145225", "correlationVector":"lqzqlwLQF1ZKj7lCvim+15.1","action":"SyncServerConnectionManagerRequest", "result":"SYNC_SERVER_OK", "context":{"environment":"Prod_SoutheastAsia_000j", "migrationStage":"NotStarted", "server":"GENERAL0300003J"}}
{"logTime": "0625/145226", "correlationVector":"l5IEQpniqhjPiXOhkh4yxy","action":"SyncServerConnectionManagerRequest", "result":"SYNC_SERVER_OK", "context":{"environment":"", "migrationStage":"", "server":""}}
{"logTime": "0625/145226", "correlationVector":"lqzqlwLQF1ZKj7lCvim+15","action":"Initial GetUpdates", "result":"", "context":Reason: NEW_CLIENT. cV=lqzqlwLQF1ZKj7lCvim+15}
{"logTime": "0625/145226", "correlationVector":"lqzqlwLQF1ZKj7lCvim+15.2","action":"GetUpdates Response", "result":"Success", "context":Received 1 update(s). cV=lqzqlwLQF1ZKj7lCvim+15.0;server=GENERAL0300003J;cloudType=Consumer;environment=Prod_SoutheastAsia_000j;migrationStage=NotStarted}
{"logTime": "0625/145226", "correlationVector":"kn1UcEsFuBZcpDbLqIW33a","action":"Initial GetUpdates", "result":"", "context":Reason: NEWLY_SUPPORTED_DATATYPE. cV=kn1UcEsFuBZcpDbLqIW33a}
{"logTime": "0625/145227", "correlationVector":"kn1UcEsFuBZcpDbLqIW33a.1","action":"SyncServerConnectionManagerRequest", "result":"SYNC_SERVER_OK", "context":{"environment":"Prod_SoutheastAsia_000j", "migrationStage":"NotStarted", "server":"GENERAL0300001I"}}
{"logTime": "0625/145227", "correlationVector":"kn1UcEsFuBZcpDbLqIW33a.2","action":"GetUpdates", "result":"DeleteReceived", "context":{"id":"08a1d0ea-8690-4b21-bb29-a5612c219194", "isDeleted:":"true", "version":"1689167574608"}}
{"logTime": "0625/145227", "correlationVector":"kn1UcEsFuBZcpDbLqIW33a.3","action":"GetUpdates", "result":"DeleteReceived", "context":{"id":"4239b121-61b7-4aa0-b1c7-6334ce998d63", "isDeleted:":"true", "version":"1691312871383"}}
{"logTime": "0625/145227", "correlationVector":"kn1UcEsFuBZcpDbLqIW33a.4","action":"GetUpdates Response", "result":"Success", "context":Received 121 update(s). cV=kn1UcEsFuBZcpDbLqIW33a.0;server=GENERAL0300001I;cloudType=Consumer;environment=Prod_SoutheastAsia_000j;migrationStage=NotStarted}
{"logTime": "0625/145227", "correlationVector":"1v/ah1XxOS2/0bhZ6Rgcun","action":"Initial GetUpdates", "result":"", "context":Reason: PROGRAMMATIC. cV=1v/ah1XxOS2/0bhZ6Rgcun}
{"logTime": "0625/145227", "correlationVector":"1v/ah1XxOS2/0bhZ6Rgcun.1","action":"SyncServerConnectionManagerRequest", "result":"SYNC_SERVER_OK", "context":{"environment":"Prod_SoutheastAsia_000j", "migrationStage":"NotStarted", "server":"GENERAL03000017"}}
{"logTime": "0625/145227", "correlationVector":"1v/ah1XxOS2/0bhZ6Rgcun.2","action":"GetUpdates Response", "result":"Success", "context":Received 1 update(s). cV=1v/ah1XxOS2/0bhZ6Rgcun.0;server=GENERAL03000017;cloudType=Consumer;environment=Prod_SoutheastAsia_000j;migrationStage=NotStarted}
{"logTime": "0625/145227", "correlationVector":"hmWbC/PtjJf/wMLpUCXv0J","action":"Normal GetUpdate request", "result":"", "context":cV=hmWbC/PtjJf/wMLpUCXv0J
Nudged types: Sessions, Device Info
Refresh requested types: Bookmarks, Preferences, Passwords, Autofill Profiles, Autofill, Typed URLs, Extensions, Sessions, Extension settings, History Delete Directives, Device Info, User Consents, Send Tab To Self, Web Apps, Collection, Edge E Drop, Edge Hub App Usage, Edge Tab Group, Edge Wallet, Encryption Keys}
{"logTime": "0625/145228", "correlationVector":"hmWbC/PtjJf/wMLpUCXv0J.1","action":"SyncServerConnectionManagerRequest", "result":"SYNC_SERVER_OK", "context":{"environment":"Prod_SoutheastAsia_000j", "migrationStage":"NotStarted", "server":"GENERAL01000002"}}
{"logTime": "0625/145228", "correlationVector":"hmWbC/PtjJf/wMLpUCXv0J.2","action":"GetUpdates", "result":"DeleteReceived", "context":{"id":"aad8099f-bac4-4d04-ae5c-4f42ebcdf431", "isDeleted:":"true", "version":"1718905095132"}}
{"logTime": "0625/145228", "correlationVector":"hmWbC/PtjJf/wMLpUCXv0J.3","action":"GetUpdates", "result":"DeleteReceived", "context":{"id":"69bb7a3a-29d2-411d-8017-1a2f1e88858e", "isDeleted:":"true", "version":"1718905528328"}}
{"logTime": "0625/145228", "correlationVector":"hmWbC/PtjJf/wMLpUCXv0J.4","action":"GetUpdates", "result":"DeleteReceived", "context":{"id":"9a9c58b8-5295-4015-8f35-e5fd3f0aa9ac", "isDeleted:":"true", "version":"1718905528330"}}
{"logTime": "0625/145228", "correlationVector":"hmWbC/PtjJf/wMLpUCXv0J.5","action":"GetUpdates", "result":"DeleteReceived", "context":{"id":"dc9ad349-7ea7-4f47-85dc-b3c192647e5f", "isDeleted:":"true", "version":"1718906905024"}}
{"logTime": "0625/145228", "correlationVector":"hmWbC/PtjJf/wMLpUCXv0J.6","action":"GetUpdates", "result":"DeleteReceived", "context":{"id":"9d0bca37-f767-4eb5-8e54-daf4af635844", "isDeleted:":"true", "version":"1718907220849"}}
{"logTime": "0625/145228", "correlationVector":"hmWbC/PtjJf/wMLpUCXv0J.7","action":"GetUpdates", "result":"DeleteReceived", "context":{"id":"c98e695f-397d-47cc-8fc2-ed1af5df1969", "isDeleted:":"true", "version":"1718908803845"}}
{"logTime": "0625/145228", "correlationVector":"hmWbC/PtjJf/wMLpUCXv0J.8","action":"GetUpdates", "result":"DeleteReceived", "context":{"id":"0b5569ea-2aa0-4e49-8a63-4ec62ef387ae", "isDeleted:":"true", "version":"1718908803847"}}
{"logTime": "0625/145228", "correlationVector":"hmWbC/PtjJf/wMLpUCXv0J.9","action":"GetUpdates", "result":"DeleteReceived", "context":{"id":"497830d3-813f-4b90-83ad-ec691c457558", "isDeleted:":"true", "version":"1718909145966"}}
{"logTime": "0625/145228", "correlationVector":"hmWbC/PtjJf/wMLpUCXv0J.10","action":"GetUpdates", "result":"DeleteReceived", "context":{"id":"b4f4f06e-80b3-454c-a429-ae6cbc39cf1a", "isDeleted:":"true", "version":"1718911790097"}}
{"logTime": "0625/145228", "correlationVector":"hmWbC/PtjJf/wMLpUCXv0J.11","action":"GetUpdates", "result":"DeleteReceived", "context":{"id":"26034dde-bbc3-4de5-9d84-898fb2a76243", "isDeleted:":"true", "version":"1718911790098"}}
{"logTime": "0625/145228", "correlationVector":"hmWbC/PtjJf/wMLpUCXv0J.12","action":"GetUpdates", "result":"DeleteReceived", "context":{"id":"0a59ac8d-3467-440b-bf02-fee2b2634087", "isDeleted:":"true", "version":"1718912467228"}}
{"logTime": "0625/145228", "correlationVector":"hmWbC/PtjJf/wMLpUCXv0J.13","action":"GetUpdates", "result":"DeleteReceived", "context":{"id":"6025c462-45ca-4472-9ba4-f765ba2d0eb8", "isDeleted:":"true", "version":"1718913181451"}}
{"logTime": "0625/145228", "correlationVector":"hmWbC/PtjJf/wMLpUCXv0J.14","action":"GetUpdates", "result":"DeleteReceived", "context":{"id":"14df977c-e138-466f-8ca8-25d421be236a", "isDeleted:":"true", "version":"1718913264211"}}
{"logTime": "0625/145228", "correlationVector":"hmWbC/PtjJf/wMLpUCXv0J.15","action":"GetUpdates", "result":"DeleteReceived", "context":{"id":"39874bc3-5ea0-416f-a63c-2adba28e4694", "isDeleted:":"true", "version":"1718913527538"}}
{"logTime": "0625/145228", "correlationVector":"hmWbC/PtjJf/wMLpUCXv0J.16","action":"GetUpdates", "result":"DeleteReceived", "context":{"id":"0e51b383-5139-4bc7-ad8e-3760356b5dbd", "isDeleted:":"true", "version":"1718913689262"}}
{"logTime": "0625/145228", "correlationVector":"hmWbC/PtjJf/wMLpUCXv0J.17","action":"GetUpdates", "result":"DeleteReceived", "context":{"id":"20c64a39-78af-4998-a5c3-17ecb637de63", "isDeleted:":"true", "version":"1718913859264"}}
{"logTime": "0625/145228", "correlationVector":"hmWbC/PtjJf/wMLpUCXv0J.18","action":"GetUpdates", "result":"DeleteReceived", "context":{"id":"39865b8b-973b-4681-9046-7abc6288bfb5", "isDeleted:":"true", "version":"1718914236077"}}
{"logTime": "0625/145228", "correlationVector":"hmWbC/PtjJf/wMLpUCXv0J.19","action":"GetUpdates", "result":"DeleteReceived", "context":{"id":"72ea83f2-6030-4327-86fc-c05d728c5df4", "isDeleted:":"true", "version":"1718914649668"}}
{"logTime": "0625/145228", "correlationVector":"hmWbC/PtjJf/wMLpUCXv0J.20","action":"GetUpdates", "result":"DeleteReceived", "context":{"id":"47f2d3c2-5ebd-4002-a702-681f4f963279", "isDeleted:":"true", "version":"1718914711106"}}
{"logTime": "0625/145228", "correlationVector":"hmWbC/PtjJf/wMLpUCXv0J.21","action":"GetUpdates", "result":"DeleteReceived", "context":{"id":"62aee058-d8b8-4623-a95d-d95d94ec2c3e", "isDeleted:":"true", "version":"1718948315351"}}
{"logTime": "0625/145228", "correlationVector":"hmWbC/PtjJf/wMLpUCXv0J.22","action":"GetUpdates", "result":"DeleteReceived", "context":{"id":"57489780-3f86-4b36-9982-31596f903544", "isDeleted:":"true", "version":"1718948315352"}}
{"logTime": "0625/145228", "correlationVector":"hmWbC/PtjJf/wMLpUCXv0J.23","action":"GetUpdates", "result":"DeleteReceived", "context":{"id":"47e88fdd-6de6-463f-a91d-a0d0d1adc378", "isDeleted:":"true", "version":"1718948495665"}}
{"logTime": "0625/145228", "correlationVector":"hmWbC/PtjJf/wMLpUCXv0J.24","action":"GetUpdates", "result":"DeleteReceived", "context":{"id":"3a887bc7-b43f-4c55-8694-7e9d640b2f23", "isDeleted:":"true", "version":"1718948890783"}}
{"logTime": "0625/145228", "correlationVector":"hmWbC/PtjJf/wMLpUCXv0J.25","action":"GetUpdates", "result":"DeleteReceived", "context":{"id":"4becd11a-561f-4ea6-ae98-acd1390b79d4", "isDeleted:":"true", "version":"1718949104248"}}
{"logTime": "0625/145228", "correlationVector":"hmWbC/PtjJf/wMLpUCXv0J.26","action":"GetUpdates", "result":"DeleteReceived", "context":{"id":"f5559a60-bc5c-465b-b3ff-a2271208d867", "isDeleted:":"true", "version":"1718949741165"}}
{"logTime": "0625/145228", "correlationVector":"hmWbC/PtjJf/wMLpUCXv0J.27","action":"GetUpdates", "result":"DeleteReceived", "context":{"id":"5562fb54-513e-4859-ab8b-2812a725af45", "isDeleted:":"true", "version":"1718950076458"}}
{"logTime": "0625/145228", "correlationVector":"hmWbC/PtjJf/wMLpUCXv0J.28","action":"GetUpdates", "result":"DeleteReceived", "context":{"id":"954cd68c-2c81-4032-ad4e-68a8ed1c23ea", "isDeleted:":"true", "version":"1718950122609"}}
{"logTime": "0625/145228", "correlationVector":"hmWbC/PtjJf/wMLpUCXv0J.29","action":"GetUpdates", "result":"DeleteReceived", "context":{"id":"4a67be61-b5c9-4a47-973c-f02a1adcec8d", "isDeleted:":"true", "version":"1718950122610"}}
{"logTime": "0625/145228", "correlationVector":"hmWbC/PtjJf/wMLpUCXv0J.30","action":"GetUpdates", "result":"DeleteReceived", "context":{"id":"449a5d39-79af-42cc-a947-a79dd5ca595d", "isDeleted:":"true", "version":"1718950122611"}}
{"logTime": "0625/145228", "correlationVector":"hmWbC/PtjJf/wMLpUCXv0J.31","action":"GetUpdates", "result":"DeleteReceived", "context":{"id":"3359dd6f-f6df-485d-b055-e360a02bed17", "isDeleted:":"true", "version":"1718950957152"}}
{"logTime": "0625/145228", "correlationVector":"hmWbC/PtjJf/wMLpUCXv0J.32","action":"GetUpdates", "result":"DeleteReceived", "context":{"id":"839afaf4-f782-47fb-a221-7114f5717517", "isDeleted:":"true", "version":"1718950957153"}}
{"logTime": "0625/145228", "correlationVector":"hmWbC/PtjJf/wMLpUCXv0J.33","action":"GetUpdates", "result":"DeleteReceived", "context":{"id":"632b403e-ced3-4357-9530-387244006448", "isDeleted:":"true", "version":"1718951691576"}}
{"logTime": "0625/145228", "correlationVector":"hmWbC/PtjJf/wMLpUCXv0J.34","action":"GetUpdates", "result":"DeleteReceived", "context":{"id":"259492fd-c1a5-439c-877f-9629ff405522", "isDeleted:":"true", "version":"1718951691581"}}
{"logTime": "0625/145228", "correlationVector":"hmWbC/PtjJf/wMLpUCXv0J.35","action":"GetUpdates", "result":"DeleteReceived", "context":{"id":"68076552-dc13-4357-a55c-5148afe1ca72", "isDeleted:":"true", "version":"1718951755198"}}
{"logTime": "0625/145228", "correlationVector":"hmWbC/PtjJf/wMLpUCXv0J.36","action":"GetUpdates", "result":"DeleteReceived", "context":{"id":"3ca3eb74-8bb8-4495-b701-e0c380b1384c", "isDeleted:":"true", "version":"1718951916956"}}
{"logTime": "0625/145228", "correlationVector":"hmWbC/PtjJf/wMLpUCXv0J.37","action":"GetUpdates", "result":"DeleteReceived", "context":{"id":"0e68da6e-f72e-4914-8a9d-d168a378212e", "isDeleted:":"true", "version":"1718952242666"}}
{"logTime": "0625/145228", "correlationVector":"hmWbC/PtjJf/wMLpUCXv0J.38","action":"GetUpdates", "result":"DeleteReceived", "context":{"id":"fd649b43-90a9-4e60-a66c-6e0515d12cdd", "isDeleted:":"true", "version":"1718952286278"}}
{"logTime": "0625/145228", "correlationVector":"hmWbC/PtjJf/wMLpUCXv0J.39","action":"GetUpdates", "result":"DeleteReceived", "context":{"id":"d0ae5818-ab81-4596-950e-43b51d0a1494", "isDeleted:":"true", "version":"1718952317572"}}
{"logTime": "0625/145228", "correlationVector":"hmWbC/PtjJf/wMLpUCXv0J.40","action":"GetUpdates", "result":"DeleteReceived", "context":{"id":"6da15fe1-11fc-431e-8796-80ac1742a6ea", "isDeleted:":"true", "version":"1718952484758"}}
{"logTime": "0625/145228", "correlationVector":"hmWbC/PtjJf/wMLpUCXv0J.41","action":"GetUpdates", "result":"DeleteReceived", "context":{"id":"5f7fbf6e-2329-4afe-939c-e42795b2a5f4", "isDeleted:":"true", "version":"1718953180088"}}
{"logTime": "0625/145228", "correlationVector":"hmWbC/PtjJf/wMLpUCXv0J.42","action":"GetUpdates", "result":"DeleteReceived", "context":{"id":"d0568c2a-b728-4d4e-8636-b0126ccb0166", "isDeleted:":"true", "version":"1718953180089"}}
{"logTime": "0625/145228", "correlationVector":"hmWbC/PtjJf/wMLpUCXv0J.43","action":"GetUpdates", "result":"DeleteReceived", "context":{"id":"6b93a210-3ebb-4742-9ffe-34539754357f", "isDeleted:":"true", "version":"1718953268703"}}
{"logTime": "0625/145228", "correlationVector":"hmWbC/PtjJf/wMLpUCXv0J.44","action":"GetUpdates", "result":"DeleteReceived", "context":{"id":"31b121d1-071d-41d7-9530-5666cf697d54", "isDeleted:":"true", "version":"1718953463959"}}
{"logTime": "0625/145228", "correlationVector":"hmWbC/PtjJf/wMLpUCXv0J.45","action":"GetUpdates", "result":"DeleteReceived", "context":{"id":"84e1c52b-d16a-4f52-8322-3e32ab5c65ac", "isDeleted:":"true", "version":"1718954023478"}}
{"logTime": "0625/145228", "correlationVector":"hmWbC/PtjJf/wMLpUCXv0J.46","action":"GetUpdates", "result":"DeleteReceived", "context":{"id":"c5ab7b33-ae67-4d73-acfe-f7088f16820b", "isDeleted:":"true", "version":"1718954023479"}}
{"logTime": "0625/145228", "correlationVector":"hmWbC/PtjJf/wMLpUCXv0J.47","action":"GetUpdates", "result":"DeleteReceived", "context":{"id":"3080ee48-28b1-4521-b087-454b9fe66883", "isDeleted:":"true", "version":"1718954023480"}}
{"logTime": "0625/145228", "correlationVector":"hmWbC/PtjJf/wMLpUCXv0J.48","action":"GetUpdates", "result":"DeleteReceived", "context":{"id":"84c430e6-20ba-4139-be24-462e5f76e92e", "isDeleted:":"true", "version":"1718954225700"}}
{"logTime": "0625/145228", "correlationVector":"hmWbC/PtjJf/wMLpUCXv0J.49","action":"GetUpdates", "result":"DeleteReceived", "context":{"id":"177b7e6f-aa46-4dc4-a8bf-4c15719e2a4f", "isDeleted:":"true", "version":"1718954291264"}}
{"logTime": "0625/145228", "correlationVector":"hmWbC/PtjJf/wMLpUCXv0J.50","action":"GetUpdates", "result":"DeleteReceived", "context":{"id":"ab28d36a-1241-4744-be08-f652399a004e", "isDeleted:":"true", "version":"1718954291266"}}
{"logTime": "0625/145228", "correlationVector":"hmWbC/PtjJf/wMLpUCXv0J.51","action":"GetUpdates", "result":"DeleteReceived", "context":{"id":"2344da56-1dd8-483e-bc39-93f90533aea2", "isDeleted:":"true", "version":"1718954870084"}}
{"logTime": "0625/145228", "correlationVector":"hmWbC/PtjJf/wMLpUCXv0J.52","action":"GetUpdates", "result":"DeleteReceived", "context":{"id":"bea09abd-1f6d-4f31-a19c-9fc87ad2ffa6", "isDeleted:":"true", "version":"1718955699996"}}
{"logTime": "0625/145228", "correlationVector":"hmWbC/PtjJf/wMLpUCXv0J.53","action":"GetUpdates", "result":"DeleteReceived", "context":{"id":"3d53a7d5-3bac-4932-a9a4-6fc4da6fe282", "isDeleted:":"true", "version":"1718955814646"}}
{"logTime": "0625/145228", "correlationVector":"hmWbC/PtjJf/wMLpUCXv0J.54","action":"GetUpdates", "result":"DeleteReceived", "context":{"id":"c8bbc158-43e7-471f-833a-e8e3e0fc8ed3", "isDeleted:":"true", "version":"1718956299393"}}
{"logTime": "0625/145228", "correlationVector":"hmWbC/PtjJf/wMLpUCXv0J.55","action":"GetUpdates", "result":"DeleteReceived", "context":{"id":"1f865b98-1f54-458c-a5a3-57d004753030", "isDeleted:":"true", "version":"1718956337208"}}
{"logTime": "0625/145228", "correlationVector":"hmWbC/PtjJf/wMLpUCXv0J.56","action":"GetUpdates", "result":"DeleteReceived", "context":{"id":"39d06eec-7a29-4a68-8d55-1640e4429bfc", "isDeleted:":"true", "version":"1718956337209"}}
{"logTime": "0625/145228", "correlationVector":"hmWbC/PtjJf/wMLpUCXv0J.57","action":"GetUpdates", "result":"DeleteReceived", "context":{"id":"e166d81e-d1ea-4297-a18f-d3edfc73a04f", "isDeleted:":"true", "version":"1718958814094"}}
{"logTime": "0625/145228", "correlationVector":"hmWbC/PtjJf/wMLpUCXv0J.58","action":"GetUpdates", "result":"DeleteReceived", "context":{"id":"c140f0cc-9579-4d7f-9612-96c1b4f58aaf", "isDeleted:":"true", "version":"1718959052760"}}
{"logTime": "0625/145228", "correlationVector":"hmWbC/PtjJf/wMLpUCXv0J.59","action":"GetUpdates", "result":"DeleteReceived", "context":{"id":"6445cd9c-d4d1-40f4-ba55-264a68efda8b", "isDeleted:":"true", "version":"1718959152509"}}
{"logTime": "0625/145228", "correlationVector":"hmWbC/PtjJf/wMLpUCXv0J.60","action":"GetUpdates", "result":"DeleteReceived", "context":{"id":"591955ea-1b15-4bab-96af-51f359149294", "isDeleted:":"true", "version":"1718959152510"}}
{"logTime": "0625/145228", "correlationVector":"hmWbC/PtjJf/wMLpUCXv0J.61","action":"GetUpdates", "result":"DeleteReceived", "context":{"id":"8b601c92-42f5-4fbf-8385-b25e78e604d0", "isDeleted:":"true", "version":"1718959152511"}}
{"logTime": "0625/145228", "correlationVector":"hmWbC/PtjJf/wMLpUCXv0J.62","action":"GetUpdates", "result":"DeleteReceived", "context":{"id":"ebcb7d21-8490-4875-810e-93989a501a98", "isDeleted:":"true", "version":"1718959152512"}}
{"logTime": "0625/145228", "correlationVector":"hmWbC/PtjJf/wMLpUCXv0J.63","action":"GetUpdates", "result":"DeleteReceived", "context":{"id":"8d45e92c-d721-4073-9679-f355ce2d5b1a", "isDeleted:":"true", "version":"1718960140189"}}
{"logTime": "0625/145228", "correlationVector":"hmWbC/PtjJf/wMLpUCXv0J.64","action":"GetUpdates", "result":"DeleteReceived", "context":{"id":"2c121e5c-b8bd-4b40-9d36-ca4e3e4edec5", "isDeleted:":"true", "version":"1718960197742"}}
{"logTime": "0625/145228", "correlationVector":"hmWbC/PtjJf/wMLpUCXv0J.65","action":"GetUpdates", "result":"DeleteReceived", "context":{"id":"55541d4f-0ae7-4225-aea5-91df9f4b77f9", "isDeleted:":"true", "version":"1718960306858"}}
{"logTime": "0625/145228", "correlationVector":"hmWbC/PtjJf/wMLpUCXv0J.66","action":"GetUpdates", "result":"DeleteReceived", "context":{"id":"9eca01c1-d940-4b35-90f9-3bf635476cd1", "isDeleted:":"true", "version":"1718960306860"}}
{"logTime": "0625/145228", "correlationVector":"hmWbC/PtjJf/wMLpUCXv0J.67","action":"GetUpdates", "result":"DeleteReceived", "context":{"id":"00ee5429-acf2-4e33-a90f-f2460a4b5335", "isDeleted:":"true", "version":"1718961018906"}}
{"logTime": "0625/145228", "correlationVector":"hmWbC/PtjJf/wMLpUCXv0J.68","action":"GetUpdates", "result":"DeleteReceived", "context":{"id":"55afbded-c3d1-41a4-ab15-51aa8217175d", "isDeleted:":"true", "version":"1718961018910"}}
{"logTime": "0625/145228", "correlationVector":"hmWbC/PtjJf/wMLpUCXv0J.69","action":"GetUpdates", "result":"DeleteReceived", "context":{"id":"a4058e06-af49-49c4-ba11-b2baa5d6068f", "isDeleted:":"true", "version":"1718961055774"}}
{"logTime": "0625/145228", "correlationVector":"hmWbC/PtjJf/wMLpUCXv0J.70","action":"GetUpdates", "result":"DeleteReceived", "context":{"id":"a0155dba-0eb4-4b1c-8697-725364939d87", "isDeleted:":"true", "version":"1718961055775"}}
{"logTime": "0625/145228", "correlationVector":"hmWbC/PtjJf/wMLpUCXv0J.71","action":"GetUpdates", "result":"DeleteReceived", "context":{"id":"bc38fd41-ae51-4593-ad52-b9090ce10299", "isDeleted:":"true", "version":"1718961983947"}}
{"logTime": "0625/145228", "correlationVector":"hmWbC/PtjJf/wMLpUCXv0J.72","action":"GetUpdates", "result":"DeleteReceived", "context":{"id":"584fb417-96f3-460d-9e56-dee69d2690a1", "isDeleted:":"true", "version":"1718962089706"}}
{"logTime": "0625/145228", "correlationVector":"hmWbC/PtjJf/wMLpUCXv0J.73","action":"GetUpdates", "result":"DeleteReceived", "context":{"id":"eb176a7b-d67f-4ba5-9871-bd921eef19fb", "isDeleted:":"true", "version":"1718962089707"}}
{"logTime": "0625/145228", "correlationVector":"hmWbC/PtjJf/wMLpUCXv0J.74","action":"GetUpdates", "result":"DeleteReceived", "context":{"id":"7e2ef7e3-287a-4368-b503-63ed364ff709", "isDeleted:":"true", "version":"1718962089709"}}
{"logTime": "0625/145228", "correlationVector":"hmWbC/PtjJf/wMLpUCXv0J.75","action":"GetUpdates", "result":"DeleteReceived", "context":{"id":"68d6358f-f77e-42af-a9da-08653c541d39", "isDeleted:":"true", "version":"1718962783144"}}
{"logTime": "0625/145228", "correlationVector":"hmWbC/PtjJf/wMLpUCXv0J.76","action":"GetUpdates", "result":"DeleteReceived", "context":{"id":"7b3d1c19-18a2-4e74-86b6-055ebae42068", "isDeleted:":"true", "version":"1718962783146"}}
{"logTime": "0625/145228", "correlationVector":"hmWbC/PtjJf/wMLpUCXv0J.77","action":"GetUpdates", "result":"DeleteReceived", "context":{"id":"9906e15f-1094-4080-8eda-f6f828d44a13", "isDeleted:":"true", "version":"1718978204236"}}
{"logTime": "0625/145228", "correlationVector":"hmWbC/PtjJf/wMLpUCXv0J.78","action":"GetUpdates", "result":"DeleteReceived", "context":{"id":"434b994b-87ea-456a-8f26-ecd4cfb220fd", "isDeleted:":"true", "version":"1718978204237"}}
{"logTime": "0625/145228", "correlationVector":"hmWbC/PtjJf/wMLpUCXv0J.79","action":"GetUpdates", "result":"DeleteReceived", "context":{"id":"a4fe2108-edea-43b4-baf4-c5e7c810eb28", "isDeleted:":"true", "version":"1718978204238"}}
{"logTime": "0625/145228", "correlationVector":"hmWbC/PtjJf/wMLpUCXv0J.80","action":"GetUpdates", "result":"DeleteReceived", "context":{"id":"6951f7fa-a7ee-421b-8cea-85ac9f073eeb", "isDeleted:":"true", "version":"1718978204239"}}
{"logTime": "0625/145228", "correlationVector":"hmWbC/PtjJf/wMLpUCXv0J.81","action":"GetUpdates", "result":"DeleteReceived", "context":{"id":"e3aebfc7-c2b3-4fb5-95fc-0b0332dd1bb9", "isDeleted:":"true", "version":"1718978204241"}}
{"logTime": "0625/145228", "correlationVector":"hmWbC/PtjJf/wMLpUCXv0J.82","action":"GetUpdates", "result":"DeleteReceived", "context":{"id":"69c5e3e2-c795-4abb-9893-eed4bbc9f066", "isDeleted:":"true", "version":"1718978204242"}}
{"logTime": "0625/145228", "correlationVector":"hmWbC/PtjJf/wMLpUCXv0J.83","action":"GetUpdates", "result":"DeleteReceived", "context":{"id":"92ff3c9c-33d6-470f-8125-f9025b269278", "isDeleted:":"true", "version":"1718978204243"}}
{"logTime": "0625/145228", "correlationVector":"hmWbC/PtjJf/wMLpUCXv0J.84","action":"GetUpdates", "result":"DeleteReceived", "context":{"id":"06ce743a-50ee-4d1c-b48e-2df59951e791", "isDeleted:":"true", "version":"1718978204244"}}
{"logTime": "0625/145228", "correlationVector":"hmWbC/PtjJf/wMLpUCXv0J.85","action":"GetUpdates", "result":"DeleteReceived", "context":{"id":"16609a29-bac3-4453-b9ee-19cc2dc22413", "isDeleted:":"true", "version":"1718978573230"}}
{"logTime": "0625/145228", "correlationVector":"hmWbC/PtjJf/wMLpUCXv0J.86","action":"GetUpdates", "result":"DeleteReceived", "context":{"id":"e3c6b950-8898-42a7-8d40-2eb647876ee9", "isDeleted:":"true", "version":"1719047616666"}}
{"logTime": "0625/145228", "correlationVector":"hmWbC/PtjJf/wMLpUCXv0J.87","action":"GetUpdates", "result":"DeleteReceived", "context":{"id":"bc2fcbc8-029c-4615-a9b2-0563a6337b74", "isDeleted:":"true", "version":"1719048603126"}}
{"logTime": "0625/145228", "correlationVector":"hmWbC/PtjJf/wMLpUCXv0J.88","action":"GetUpdates", "result":"DeleteReceived", "context":{"id":"9006d3a3-c0a3-4ae7-825f-a829a0a0c6a2", "isDeleted:":"true", "version":"1719048603127"}}
{"logTime": "0625/145228", "correlationVector":"hmWbC/PtjJf/wMLpUCXv0J.89","action":"GetUpdates", "result":"DeleteReceived", "context":{"id":"f313a8e9-1558-425f-9014-df1be60dc806", "isDeleted:":"true", "version":"1719048603128"}}
{"logTime": "0625/145228", "correlationVector":"hmWbC/PtjJf/wMLpUCXv0J.90","action":"GetUpdates", "result":"DeleteReceived", "context":{"id":"34ca482f-e59b-4f1e-9bdf-d55c90f14b5a", "isDeleted:":"true", "version":"1719048773949"}}
{"logTime": "0625/145228", "correlationVector":"hmWbC/PtjJf/wMLpUCXv0J.91","action":"GetUpdates", "result":"DeleteReceived", "context":{"id":"4120a644-5a06-449b-927d-083f54edd80f", "isDeleted:":"true", "version":"1719052719942"}}
{"logTime": "0625/145228", "correlationVector":"hmWbC/PtjJf/wMLpUCXv0J.92","action":"GetUpdates", "result":"DeleteReceived", "context":{"id":"2d49b3c5-fc10-4cc3-a54c-975f2dcd02e5", "isDeleted:":"true", "version":"1719052761449"}}
{"logTime": "0625/145228", "correlationVector":"hmWbC/PtjJf/wMLpUCXv0J.93","action":"GetUpdates", "result":"DeleteReceived", "context":{"id":"c221a075-976b-4a66-947e-b2eebcd578cb", "isDeleted:":"true", "version":"1719052761450"}}
{"logTime": "0625/145228", "correlationVector":"hmWbC/PtjJf/wMLpUCXv0J.94","action":"GetUpdates", "result":"DeleteReceived", "context":{"id":"c278ffb2-54e1-41c9-b1f2-4227aacf24db", "isDeleted:":"true", "version":"1719052761451"}}
{"logTime": "0625/145228", "correlationVector":"hmWbC/PtjJf/wMLpUCXv0J.95","action":"GetUpdates", "result":"DeleteReceived", "context":{"id":"940c2291-d394-41c2-ab38-16bf9239b8cd", "isDeleted:":"true", "version":"1719052761452"}}
{"logTime": "0625/145228", "correlationVector":"hmWbC/PtjJf/wMLpUCXv0J.96","action":"GetUpdates", "result":"DeleteReceived", "context":{"id":"33a8e2f1-83c1-4a87-8c22-6385353960e8", "isDeleted:":"true", "version":"1719052761453"}}
{"logTime": "0625/145228", "correlationVector":"hmWbC/PtjJf/wMLpUCXv0J.97","action":"GetUpdates", "result":"DeleteReceived", "context":{"id":"63f7537f-dde5-469a-be12-8fa685d998d1", "isDeleted:":"true", "version":"1719052761454"}}
{"logTime": "0625/145228", "correlationVector":"hmWbC/PtjJf/wMLpUCXv0J.98","action":"GetUpdates", "result":"DeleteReceived", "context":{"id":"8944e048-10eb-4189-82a2-168679b9a480", "isDeleted:":"true", "version":"1719053761971"}}
{"logTime": "0625/145228", "correlationVector":"hmWbC/PtjJf/wMLpUCXv0J.99","action":"GetUpdates", "result":"DeleteReceived", "context":{"id":"c589e091-1433-4fa0-a8f3-da3f95eafa32", "isDeleted:":"true", "version":"1719053810130"}}
{"logTime": "0625/145228", "correlationVector":"hmWbC/PtjJf/wMLpUCXv0J.100","action":"GetUpdates", "result":"DeleteReceived", "context":{"id":"ea629e40-f014-48ad-b00c-57799c7e5aa8", "isDeleted:":"true", "version":"1719054292287"}}
{"logTime": "0625/145228", "correlationVector":"hmWbC/PtjJf/wMLpUCXv0J.101","action":"GetUpdates", "result":"DeleteReceived", "context":{"id":"e1601c1e-d31a-418e-b0ba-46957bf0f791", "isDeleted:":"true", "version":"1719058401843"}}
{"logTime": "0625/145228", "correlationVector":"hmWbC/PtjJf/wMLpUCXv0J.102","action":"GetUpdates", "result":"DeleteReceived", "context":{"id":"ba4499a3-f8e1-4ec2-9657-f3518acc04fc", "isDeleted:":"true", "version":"1719058432596"}}
{"logTime": "0625/145228", "correlationVector":"hmWbC/PtjJf/wMLpUCXv0J.103","action":"GetUpdates", "result":"DeleteReceived", "context":{"id":"d9292516-555a-48c4-9a0c-b6d4e5d4c32b", "isDeleted:":"true", "version":"1719058700448"}}
{"logTime": "0625/145228", "correlationVector":"hmWbC/PtjJf/wMLpUCXv0J.104","action":"GetUpdates", "result":"DeleteReceived", "context":{"id":"31a4d56d-5835-4fd4-8bfb-bf3151b9370d", "isDeleted:":"true", "version":"1719058700449"}}
{"logTime": "0625/145228", "correlationVector":"hmWbC/PtjJf/wMLpUCXv0J.105","action":"GetUpdates", "result":"DeleteReceived", "context":{"id":"e8881667-465e-46e0-aa79-9c2a6f5368e5", "isDeleted:":"true", "version":"1719058700450"}}
{"logTime": "0625/145228", "correlationVector":"hmWbC/PtjJf/wMLpUCXv0J.106","action":"GetUpdates", "result":"DeleteReceived", "context":{"id":"fa2e67d9-ff7b-4e79-aebb-749aee6fd526", "isDeleted:":"true", "version":"1719058700451"}}
{"logTime": "0625/145228", "correlationVector":"hmWbC/PtjJf/wMLpUCXv0J.107","action":"GetUpdates", "result":"DeleteReceived", "context":{"id":"9d9629ed-863f-4733-8a42-cd1a663e0818", "isDeleted:":"true", "version":"1719059683463"}}
{"logTime": "0625/145228", "correlationVector":"hmWbC/PtjJf/wMLpUCXv0J.108","action":"GetUpdates", "result":"DeleteReceived", "context":{"id":"9d657b13-0a5c-49c0-ab3e-b54c05f56efc", "isDeleted:":"true", "version":"1719059845558"}}
{"logTime": "0625/145228", "correlationVector":"hmWbC/PtjJf/wMLpUCXv0J.109","action":"GetUpdates", "result":"DeleteReceived", "context":{"id":"3532fd13-6956-4c63-be7f-2ed09d33d438", "isDeleted:":"true", "version":"1719060101805"}}
{"logTime": "0625/145228", "correlationVector":"hmWbC/PtjJf/wMLpUCXv0J.110","action":"GetUpdates", "result":"DeleteReceived", "context":{"id":"50cac331-9a61-415b-8d20-d258a9acbf4c", "isDeleted:":"true", "version":"1719060101808"}}
{"logTime": "0625/145228", "correlationVector":"hmWbC/PtjJf/wMLpUCXv0J.111","action":"GetUpdates", "result":"DeleteReceived", "context":{"id":"5bcf2384-846b-45f3-bfeb-0190f45e16e2", "isDeleted:":"true", "version":"1719060576685"}}
{"logTime": "0625/145228", "correlationVector":"hmWbC/PtjJf/wMLpUCXv0J.112","action":"GetUpdates", "result":"DeleteReceived", "context":{"id":"5304332e-58e8-471b-83f1-ab3adb4c4723", "isDeleted:":"true", "version":"1719061085404"}}
{"logTime": "0625/145228", "correlationVector":"hmWbC/PtjJf/wMLpUCXv0J.113","action":"GetUpdates", "result":"DeleteReceived", "context":{"id":"3b54631f-5669-450f-a71c-002316e949da", "isDeleted:":"true", "version":"1719061155619"}}
{"logTime": "0625/145228", "correlationVector":"hmWbC/PtjJf/wMLpUCXv0J.114","action":"GetUpdates", "result":"DeleteReceived", "context":{"id":"86e30e1a-45ae-4f19-86e3-5100d560cb97", "isDeleted:":"true", "version":"1719061155620"}}
{"logTime": "0625/145228", "correlationVector":"hmWbC/PtjJf/wMLpUCXv0J.115","action":"GetUpdates", "result":"DeleteReceived", "context":{"id":"83171fe8-4f41-4ffd-b3a2-962d09006219", "isDeleted:":"true", "version":"1719062007089"}}
{"logTime": "0625/145228", "correlationVector":"hmWbC/PtjJf/wMLpUCXv0J.116","action":"GetUpdates", "result":"DeleteReceived", "context":{"id":"9c2ee7cf-df6e-4df4-abb8-aa161395dac9", "isDeleted:":"true", "version":"1719062187899"}}
{"logTime": "0625/145228", "correlationVector":"hmWbC/PtjJf/wMLpUCXv0J.117","action":"GetUpdates", "result":"DeleteReceived", "context":{"id":"c6bb5793-326e-48f7-9680-f98e1b97213f", "isDeleted:":"true", "version":"1719062369456"}}
{"logTime": "0625/145228", "correlationVector":"hmWbC/PtjJf/wMLpUCXv0J.118","action":"GetUpdates", "result":"DeleteReceived", "context":{"id":"c9c973c2-9e2f-4451-a994-ea1396421e33", "isDeleted:":"true", "version":"1719062546901"}}
{"logTime": "0625/145228", "correlationVector":"hmWbC/PtjJf/wMLpUCXv0J.119","action":"GetUpdates", "result":"DeleteReceived", "context":{"id":"28cb7e30-27fe-46cf-ad34-e03e5b521e77", "isDeleted:":"true", "version":"1719062652779"}}
{"logTime": "0625/145228", "correlationVector":"hmWbC/PtjJf/wMLpUCXv0J.120","action":"GetUpdates", "result":"DeleteReceived", "context":{"id":"fb7a2ece-be85-40d9-90e6-571dcb334cc2", "isDeleted:":"true", "version":"1719062652781"}}
{"logTime": "0625/145228", "correlationVector":"hmWbC/PtjJf/wMLpUCXv0J.121","action":"GetUpdates", "result":"DeleteReceived", "context":{"id":"c7e6f735-9caf-468a-97c4-87a021d015eb", "isDeleted:":"true", "version":"1719062652783"}}
{"logTime": "0625/145228", "correlationVector":"hmWbC/PtjJf/wMLpUCXv0J.122","action":"GetUpdates", "result":"DeleteReceived", "context":{"id":"4bb8e1b6-d532-4eaa-a570-e1f55d8e5a6a", "isDeleted:":"true", "version":"1719062697189"}}
{"logTime": "0625/145228", "correlationVector":"hmWbC/PtjJf/wMLpUCXv0J.123","action":"GetUpdates", "result":"DeleteReceived", "context":{"id":"98df17d4-97ca-4a0e-8e8c-5da7cb5fece0", "isDeleted:":"true", "version":"1719062697190"}}
{"logTime": "0625/145228", "correlationVector":"hmWbC/PtjJf/wMLpUCXv0J.124","action":"GetUpdates", "result":"DeleteReceived", "context":{"id":"b30954c2-74c6-4edf-b0f5-e724d579b651", "isDeleted:":"true", "version":"1719063034490"}}
{"logTime": "0625/145228", "correlationVector":"hmWbC/PtjJf/wMLpUCXv0J.125","action":"GetUpdates", "result":"DeleteReceived", "context":{"id":"edb8233a-0ff3-4cb4-9d06-c4bdc6cfb18d", "isDeleted:":"true", "version":"1719063034491"}}
{"logTime": "0625/145228", "correlationVector":"hmWbC/PtjJf/wMLpUCXv0J.126","action":"GetUpdates", "result":"DeleteReceived", "context":{"id":"785cff4d-a395-441e-adc9-f03d8dbfd83b", "isDeleted:":"true", "version":"1719063225197"}}
{"logTime": "0625/145228", "correlationVector":"hmWbC/PtjJf/wMLpUCXv0J.127","action":"GetUpdates", "result":"DeleteReceived", "context":{"id":"a7987d11-0487-4417-81b9-552c3c674ec4", "isDeleted:":"true", "version":"1719064072607"}}
{"logTime": "0625/145228", "correlationVector":"hmWbC/PtjJf/wMLpUCXv0J.128","action":"GetUpdates", "result":"DeleteReceived", "context":{"id":"5a2e933f-dec8-44f1-bb86-6af9a622cdeb", "isDeleted:":"true", "version":"1719064072608"}}
{"logTime": "0625/145228", "correlationVector":"hmWbC/PtjJf/wMLpUCXv0J.129","action":"GetUpdates", "result":"DeleteReceived", "context":{"id":"ca360b1d-36a7-430a-98ff-3ef93ebffdc1", "isDeleted:":"true", "version":"1719064072609"}}
{"logTime": "0625/145228", "correlationVector":"hmWbC/PtjJf/wMLpUCXv0J.130","action":"GetUpdates", "result":"DeleteReceived", "context":{"id":"fd151296-62c3-453f-bab2-5159fb25a562", "isDeleted:":"true", "version":"1719064168808"}}
{"logTime": "0625/145228", "correlationVector":"hmWbC/PtjJf/wMLpUCXv0J.131","action":"GetUpdates", "result":"DeleteReceived", "context":{"id":"27aaa627-734c-4a3c-b8d5-2839f286553a", "isDeleted:":"true", "version":"1719066506861"}}
{"logTime": "0625/145228", "correlationVector":"hmWbC/PtjJf/wMLpUCXv0J.132","action":"GetUpdates", "result":"DeleteReceived", "context":{"id":"2a2d4f2e-eaa1-4d44-a6ce-91b49eff9176", "isDeleted:":"true", "version":"1719066506862"}}
{"logTime": "0625/145228", "correlationVector":"hmWbC/PtjJf/wMLpUCXv0J.133","action":"GetUpdates", "result":"DeleteReceived", "context":{"id":"9bb51be6-e7dd-4b81-a617-b1bb8ecbdd33", "isDeleted:":"true", "version":"1719068733775"}}
{"logTime": "0625/145228", "correlationVector":"hmWbC/PtjJf/wMLpUCXv0J.134","action":"GetUpdates", "result":"DeleteReceived", "context":{"id":"c1dbbe5a-ee87-44bb-9f33-2bbaea0ae3e9", "isDeleted:":"true", "version":"1719073448829"}}
{"logTime": "0625/145228", "correlationVector":"hmWbC/PtjJf/wMLpUCXv0J.135","action":"GetUpdates", "result":"DeleteReceived", "context":{"id":"8345a43b-9926-4240-926b-b795036d0125", "isDeleted:":"true", "version":"1719074066463"}}
{"logTime": "0625/145228", "correlationVector":"hmWbC/PtjJf/wMLpUCXv0J.136","action":"GetUpdates", "result":"DeleteReceived", "context":{"id":"952b63eb-858a-493a-ba21-d4365d6a5f43", "isDeleted:":"true", "version":"1719074143366"}}
{"logTime": "0625/145228", "correlationVector":"hmWbC/PtjJf/wMLpUCXv0J.137","action":"GetUpdates", "result":"DeleteReceived", "context":{"id":"36c0f6dc-cadb-42d8-873b-3b8ef0b090d0", "isDeleted:":"true", "version":"1719074953806"}}
{"logTime": "0625/145228", "correlationVector":"hmWbC/PtjJf/wMLpUCXv0J.138","action":"GetUpdates", "result":"DeleteReceived", "context":{"id":"f772c043-013d-41e5-89e3-79c4bf2ec205", "isDeleted:":"true", "version":"1719076073867"}}
{"logTime": "0625/145228", "correlationVector":"hmWbC/PtjJf/wMLpUCXv0J.139","action":"GetUpdates", "result":"DeleteReceived", "context":{"id":"a37e7dcb-5d4c-40fd-a9c2-0803042246d0", "isDeleted:":"true", "version":"1719076957367"}}
{"logTime": "0625/145228", "correlationVector":"hmWbC/PtjJf/wMLpUCXv0J.140","action":"GetUpdates", "result":"DeleteReceived", "context":{"id":"a51b5235-e39f-49cc-9c7e-b1dd4526dc1f", "isDeleted:":"true", "version":"1719078045038"}}
{"logTime": "0625/145228", "correlationVector":"hmWbC/PtjJf/wMLpUCXv0J.141","action":"GetUpdates", "result":"DeleteReceived", "context":{"id":"6e963c4a-6ee6-4e20-95d6-c0d25c05a329", "isDeleted:":"true", "version":"1719078352251"}}
{"logTime": "0625/145228", "correlationVector":"hmWbC/PtjJf/wMLpUCXv0J.142","action":"GetUpdates", "result":"DeleteReceived", "context":{"id":"d8e8f3ab-0533-4617-b8d4-e5eb24721f9d", "isDeleted:":"true", "version":"1719078384882"}}
{"logTime": "0625/145228", "correlationVector":"hmWbC/PtjJf/wMLpUCXv0J.143","action":"GetUpdates", "result":"DeleteReceived", "context":{"id":"bd5f7294-7c70-4e2a-a73e-f6b33a6f710a", "isDeleted:":"true", "version":"1719078415228"}}
{"logTime": "0625/145228", "correlationVector":"hmWbC/PtjJf/wMLpUCXv0J.144","action":"GetUpdates", "result":"DeleteReceived", "context":{"id":"0a806173-bed9-46f6-bdac-0dcb7f6d3d31", "isDeleted:":"true", "version":"1719078515314"}}
{"logTime": "0625/145228", "correlationVector":"hmWbC/PtjJf/wMLpUCXv0J.145","action":"GetUpdates", "result":"DeleteReceived", "context":{"id":"b2f5b1b6-cc35-445c-a2d4-f02beadab203", "isDeleted:":"true", "version":"1719078515318"}}
{"logTime": "0625/145228", "correlationVector":"hmWbC/PtjJf/wMLpUCXv0J.146","action":"GetUpdates", "result":"DeleteReceived", "context":{"id":"35bb7756-21c7-43b3-980f-29efb28209d8", "isDeleted:":"true", "version":"1719078515320"}}
{"logTime": "0625/145228", "correlationVector":"hmWbC/PtjJf/wMLpUCXv0J.147","action":"GetUpdates", "result":"DeleteReceived", "context":{"id":"2d3a1806-5756-469a-94f6-25a080c49c93", "isDeleted:":"true", "version":"1719078600729"}}
{"logTime": "0625/145228", "correlationVector":"hmWbC/PtjJf/wMLpUCXv0J.148","action":"GetUpdates", "result":"DeleteReceived", "context":{"id":"d09c492d-3a21-43ab-b53b-f69d357bc3f8", "isDeleted:":"true", "version":"1719078600730"}}
{"logTime": "0625/145228", "correlationVector":"hmWbC/PtjJf/wMLpUCXv0J.149","action":"GetUpdates", "result":"DeleteReceived", "context":{"id":"d8d537b5-0246-442d-b1ed-3ce5294eac4b", "isDeleted:":"true", "version":"1719078600732"}}
{"logTime": "0625/145228", "correlationVector":"hmWbC/PtjJf/wMLpUCXv0J.150","action":"GetUpdates", "result":"DeleteReceived", "context":{"id":"8811aa70-0273-486a-954a-dc788f49786f", "isDeleted:":"true", "version":"1719079154394"}}
{"logTime": "0625/145228", "correlationVector":"hmWbC/PtjJf/wMLpUCXv0J.151","action":"GetUpdates", "result":"DeleteReceived", "context":{"id":"1967a611-80aa-46bd-8644-973ff9a4bf7d", "isDeleted:":"true", "version":"1719079154395"}}
{"logTime": "0625/145228", "correlationVector":"hmWbC/PtjJf/wMLpUCXv0J.152","action":"GetUpdates", "result":"DeleteReceived", "context":{"id":"a54d9c8c-7a35-4bc0-b932-4a1f648c82ff", "isDeleted:":"true", "version":"1719082662369"}}
{"logTime": "0625/145228", "correlationVector":"hmWbC/PtjJf/wMLpUCXv0J.153","action":"GetUpdates", "result":"DeleteReceived", "context":{"id":"79c550b1-bf44-4959-adc7-93b84c09c97a", "isDeleted:":"true", "version":"1719154885644"}}
{"logTime": "0625/145228", "correlationVector":"hmWbC/PtjJf/wMLpUCXv0J.154","action":"GetUpdates", "result":"DeleteReceived", "context":{"id":"5a52bcc2-d357-4c1b-802d-6a724605c4be", "isDeleted:":"true", "version":"1719154885645"}}
{"logTime": "0625/145228", "correlationVector":"hmWbC/PtjJf/wMLpUCXv0J.155","action":"GetUpdates", "result":"DeleteReceived", "context":{"id":"58d3525e-d37f-4ed2-8dc6-5d2de8b26205", "isDeleted:":"true", "version":"1719154885647"}}
{"logTime": "0625/145228", "correlationVector":"hmWbC/PtjJf/wMLpUCXv0J.156","action":"GetUpdates", "result":"DeleteReceived", "context":{"id":"3d6999d6-9c8b-4061-b76a-33466253f340", "isDeleted:":"true", "version":"1719154885648"}}
{"logTime": "0625/145228", "correlationVector":"hmWbC/PtjJf/wMLpUCXv0J.157","action":"GetUpdates", "result":"DeleteReceived", "context":{"id":"c167fe32-f1bb-4cb8-9f5e-fedfe9033fa0", "isDeleted:":"true", "version":"1719155014327"}}
{"logTime": "0625/145228", "correlationVector":"hmWbC/PtjJf/wMLpUCXv0J.158","action":"GetUpdates", "result":"DeleteReceived", "context":{"id":"cbde1121-b9af-4b43-8d1e-bb4fecd93435", "isDeleted:":"true", "version":"1719155284975"}}
{"logTime": "0625/145228", "correlationVector":"hmWbC/PtjJf/wMLpUCXv0J.159","action":"GetUpdates", "result":"DeleteReceived", "context":{"id":"5bc593b6-5f06-46cc-97ce-cf68e14c9d26", "isDeleted:":"true", "version":"1719156367155"}}
{"logTime": "0625/145228", "correlationVector":"hmWbC/PtjJf/wMLpUCXv0J.160","action":"GetUpdates", "result":"DeleteReceived", "context":{"id":"b8c26cee-76fd-4ca6-bda8-4b9c4aa8d35f", "isDeleted:":"true", "version":"1719156655589"}}
{"logTime": "0625/145228", "correlationVector":"hmWbC/PtjJf/wMLpUCXv0J.161","action":"GetUpdates", "result":"DeleteReceived", "context":{"id":"598989dc-be05-4635-99df-16b2dffd3201", "isDeleted:":"true", "version":"1719156910081"}}
{"logTime": "0625/145228", "correlationVector":"hmWbC/PtjJf/wMLpUCXv0J.162","action":"GetUpdates", "result":"DeleteReceived", "context":{"id":"aa961c4e-2e20-4a64-8ad9-50e47c85160b", "isDeleted:":"true", "version":"1719157317426"}}
{"logTime": "0625/145228", "correlationVector":"hmWbC/PtjJf/wMLpUCXv0J.163","action":"GetUpdates", "result":"DeleteReceived", "context":{"id":"440d9b97-0d32-4af3-b3b9-a51fbf1ccd6a", "isDeleted:":"true", "version":"1719157317427"}}
{"logTime": "0625/145228", "correlationVector":"hmWbC/PtjJf/wMLpUCXv0J.164","action":"GetUpdates", "result":"DeleteReceived", "context":{"id":"a77b878d-78d0-4baa-9b99-b4fe176852fe", "isDeleted:":"true", "version":"1719157317428"}}
{"logTime": "0625/145228", "correlationVector":"hmWbC/PtjJf/wMLpUCXv0J.165","action":"GetUpdates", "result":"DeleteReceived", "context":{"id":"7280d44f-9c7e-4cf6-b93a-d2d0b3f22cce", "isDeleted:":"true", "version":"1719157317429"}}
{"logTime": "0625/145228", "correlationVector":"hmWbC/PtjJf/wMLpUCXv0J.166","action":"GetUpdates Response", "result":"Success", "context":Received 251 update(s). cV=hmWbC/PtjJf/wMLpUCXv0J.0;server=GENERAL01000002;cloudType=Consumer;environment=Prod_SoutheastAsia_000j;migrationStage=NotStarted Some updates remain.}
{"logTime": "0625/145228", "correlationVector":"DcqjvHY1KxLFxzaVglSMSv","action":"Normal GetUpdate request", "result":"", "context":cV=DcqjvHY1KxLFxzaVglSMSv
Nudged types: Sessions, Device Info
Refresh requested types: Bookmarks, Preferences, Passwords, Autofill Profiles, Autofill, Typed URLs, Extensions, Sessions, Extension settings, History Delete Directives, Device Info, User Consents, Send Tab To Self, Web Apps, Collection, Edge E Drop, Edge Hub App Usage, Edge Tab Group, Edge Wallet, Encryption Keys}
{"logTime": "0625/145228", "correlationVector":"DcqjvHY1KxLFxzaVglSMSv.1","action":"SyncServerConnectionManagerRequest", "result":"SYNC_SERVER_OK", "context":{"environment":"Prod_SoutheastAsia_000j", "migrationStage":"NotStarted", "server":"GENERAL0100000T"}}
{"logTime": "0625/145228", "correlationVector":"DcqjvHY1KxLFxzaVglSMSv.2","action":"GetUpdates", "result":"DeleteReceived", "context":{"id":"397bad5e-4f5a-4550-ac03-8145d8eeb6c5", "isDeleted:":"true", "version":"1719157317430"}}
{"logTime": "0625/145228", "correlationVector":"DcqjvHY1KxLFxzaVglSMSv.3","action":"GetUpdates", "result":"DeleteReceived", "context":{"id":"e8e58597-8e91-4cca-87e8-943d7470815f", "isDeleted:":"true", "version":"1719157317432"}}
{"logTime": "0625/145228", "correlationVector":"DcqjvHY1KxLFxzaVglSMSv.4","action":"GetUpdates", "result":"DeleteReceived", "context":{"id":"52f2f9aa-e2b1-4a18-9a30-389fa38b30fc", "isDeleted:":"true", "version":"1719157665015"}}
{"logTime": "0625/145228", "correlationVector":"DcqjvHY1KxLFxzaVglSMSv.5","action":"GetUpdates", "result":"DeleteReceived", "context":{"id":"a92c26a9-bb1b-4b11-b5dc-3581707bd99c", "isDeleted:":"true", "version":"1719157944946"}}
{"logTime": "0625/145228", "correlationVector":"DcqjvHY1KxLFxzaVglSMSv.6","action":"GetUpdates", "result":"DeleteReceived", "context":{"id":"59743438-71ba-4947-acc3-c4127683d4d9", "isDeleted:":"true", "version":"1719158009810"}}
{"logTime": "0625/145228", "correlationVector":"DcqjvHY1KxLFxzaVglSMSv.7","action":"GetUpdates", "result":"DeleteReceived", "context":{"id":"f56a4221-1933-4ed4-8345-283f7dbe9006", "isDeleted:":"true", "version":"1719158123379"}}
{"logTime": "0625/145228", "correlationVector":"DcqjvHY1KxLFxzaVglSMSv.8","action":"GetUpdates", "result":"DeleteReceived", "context":{"id":"e6675de6-22ac-4a6b-80d1-17df7562b860", "isDeleted:":"true", "version":"1719222524591"}}
{"logTime": "0625/145228", "correlationVector":"DcqjvHY1KxLFxzaVglSMSv.9","action":"GetUpdates", "result":"DeleteReceived", "context":{"id":"55abc8f3-4e4f-4c4c-89a3-157d16960fe0", "isDeleted:":"true", "version":"1719222524592"}}
{"logTime": "0625/145228", "correlationVector":"DcqjvHY1KxLFxzaVglSMSv.10","action":"GetUpdates", "result":"DeleteReceived", "context":{"id":"a6db7b72-d3a9-4b18-9f8a-b21165a7eb77", "isDeleted:":"true", "version":"1719222524593"}}
{"logTime": "0625/145228", "correlationVector":"DcqjvHY1KxLFxzaVglSMSv.11","action":"GetUpdates", "result":"DeleteReceived", "context":{"id":"0bcde0f6-b123-4d5c-b94b-d20cb571a04c", "isDeleted:":"true", "version":"1719222524594"}}
{"logTime": "0625/145228", "correlationVector":"DcqjvHY1KxLFxzaVglSMSv.12","action":"GetUpdates", "result":"DeleteReceived", "context":{"id":"89aa9a5c-83ad-4ef4-8825-487e19dc283d", "isDeleted:":"true", "version":"1719222524596"}}
{"logTime": "0625/145228", "correlationVector":"DcqjvHY1KxLFxzaVglSMSv.13","action":"GetUpdates", "result":"DeleteReceived", "context":{"id":"c9c20ec2-2021-43b5-ac3e-b2fff1433342", "isDeleted:":"true", "version":"1719222524597"}}
{"logTime": "0625/145228", "correlationVector":"DcqjvHY1KxLFxzaVglSMSv.14","action":"GetUpdates", "result":"DeleteReceived", "context":{"id":"cbb2f089-088f-4be7-ac33-9aafc514d250", "isDeleted:":"true", "version":"1719222524598"}}
{"logTime": "0625/145228", "correlationVector":"DcqjvHY1KxLFxzaVglSMSv.15","action":"GetUpdates", "result":"DeleteReceived", "context":{"id":"44ad05df-60c7-4ff6-a62f-b7ebbd82a2ca", "isDeleted:":"true", "version":"1719227495093"}}
{"logTime": "0625/145228", "correlationVector":"DcqjvHY1KxLFxzaVglSMSv.16","action":"GetUpdates", "result":"DeleteReceived", "context":{"id":"4021f6fb-ac63-4aee-aff0-6ce22424af6b", "isDeleted:":"true", "version":"1719227495094"}}
{"logTime": "0625/145228", "correlationVector":"DcqjvHY1KxLFxzaVglSMSv.17","action":"GetUpdates", "result":"DeleteReceived", "context":{"id":"42787dae-521c-4085-88b0-1bf25541d091", "isDeleted:":"true", "version":"1719227600752"}}
{"logTime": "0625/145228", "correlationVector":"DcqjvHY1KxLFxzaVglSMSv.18","action":"GetUpdates", "result":"DeleteReceived", "context":{"id":"f1cfb339-53d9-44d5-997e-9f581142d100", "isDeleted:":"true", "version":"1719228144455"}}
{"logTime": "0625/145228", "correlationVector":"DcqjvHY1KxLFxzaVglSMSv.19","action":"GetUpdates", "result":"DeleteReceived", "context":{"id":"df24dbc0-9ff4-4847-bdad-024925dbbba2", "isDeleted:":"true", "version":"1719228179807"}}
{"logTime": "0625/145228", "correlationVector":"DcqjvHY1KxLFxzaVglSMSv.20","action":"GetUpdates", "result":"DeleteReceived", "context":{"id":"2a4f83ae-98d4-4a4d-a783-c89bbe0c3e53", "isDeleted:":"true", "version":"1719228496381"}}
{"logTime": "0625/145228", "correlationVector":"DcqjvHY1KxLFxzaVglSMSv.21","action":"GetUpdates", "result":"DeleteReceived", "context":{"id":"cfe66a3e-9ff7-42d2-884c-85687fe63185", "isDeleted:":"true", "version":"1719228496382"}}
{"logTime": "0625/145228", "correlationVector":"DcqjvHY1KxLFxzaVglSMSv.22","action":"GetUpdates", "result":"DeleteReceived", "context":{"id":"78c220de-1968-4b93-98bf-4e9bc48c92a5", "isDeleted:":"true", "version":"1719228496384"}}
{"logTime": "0625/145228", "correlationVector":"DcqjvHY1KxLFxzaVglSMSv.23","action":"GetUpdates", "result":"DeleteReceived", "context":{"id":"0a44b765-8268-4b67-8208-af49a994a2e6", "isDeleted:":"true", "version":"1719229323854"}}
{"logTime": "0625/145228", "correlationVector":"DcqjvHY1KxLFxzaVglSMSv.24","action":"GetUpdates", "result":"DeleteReceived", "context":{"id":"1ac4f1fc-6b28-4a3c-9b0a-9612432f8411", "isDeleted:":"true", "version":"1719229363402"}}
{"logTime": "0625/145228", "correlationVector":"DcqjvHY1KxLFxzaVglSMSv.25","action":"GetUpdates", "result":"DeleteReceived", "context":{"id":"3e4371f8-8a5d-44a3-a4ad-1ea47588e1d9", "isDeleted:":"true", "version":"1719229363403"}}
{"logTime": "0625/145228", "correlationVector":"DcqjvHY1KxLFxzaVglSMSv.26","action":"GetUpdates", "result":"DeleteReceived", "context":{"id":"efa52cea-950f-4bde-a044-ed66c359167f", "isDeleted:":"true", "version":"1719229363405"}}
{"logTime": "0625/145228", "correlationVector":"DcqjvHY1KxLFxzaVglSMSv.27","action":"GetUpdates", "result":"DeleteReceived", "context":{"id":"2dc96c04-4f1a-4bfc-9edd-8580bd568284", "isDeleted:":"true", "version":"1719229363406"}}
{"logTime": "0625/145228", "correlationVector":"DcqjvHY1KxLFxzaVglSMSv.28","action":"GetUpdates", "result":"DeleteReceived", "context":{"id":"8cb1e7b4-c855-4bc6-9824-7da7d702f17f", "isDeleted:":"true", "version":"1719311284524"}}
{"logTime": "0625/145228", "correlationVector":"DcqjvHY1KxLFxzaVglSMSv.29","action":"GetUpdates", "result":"DeleteReceived", "context":{"id":"919efed4-da9c-404b-91a1-8449a48fe25c", "isDeleted:":"true", "version":"1719311656515"}}
{"logTime": "0625/145228", "correlationVector":"DcqjvHY1KxLFxzaVglSMSv.30","action":"GetUpdates", "result":"DeleteReceived", "context":{"id":"f4172792-cc52-45b9-bf51-1dc30b4e8ddd", "isDeleted:":"true", "version":"1719311656516"}}
{"logTime": "0625/145228", "correlationVector":"DcqjvHY1KxLFxzaVglSMSv.31","action":"GetUpdates", "result":"DeleteReceived", "context":{"id":"02490263-8267-427c-abaf-35a1c9d66cf3", "isDeleted:":"true", "version":"1719311756561"}}
{"logTime": "0625/145228", "correlationVector":"DcqjvHY1KxLFxzaVglSMSv.32","action":"GetUpdates", "result":"DeleteReceived", "context":{"id":"ce6f6ae1-221f-4b6b-969c-776c4e6370a2", "isDeleted:":"true", "version":"1719313878742"}}
{"logTime": "0625/145228", "correlationVector":"DcqjvHY1KxLFxzaVglSMSv.33","action":"GetUpdates", "result":"DeleteReceived", "context":{"id":"e1808b87-39eb-4035-a7de-3a4f53896091", "isDeleted:":"true", "version":"1719314428278"}}
{"logTime": "0625/145228", "correlationVector":"DcqjvHY1KxLFxzaVglSMSv.34","action":"GetUpdates Response", "result":"Success", "context":Received 83 update(s). cV=DcqjvHY1KxLFxzaVglSMSv.0;server=GENERAL0100000T;cloudType=Consumer;environment=Prod_SoutheastAsia_000j;migrationStage=NotStarted}
{"logTime": "0625/145228", "correlationVector":"hdHmk70RpnYtLt0k71NItD","action":"Commit Request", "result":"", "context":Item count: 3
Contributing types: Sessions, Device Info}
{"logTime": "0625/145229", "correlationVector":"hdHmk70RpnYtLt0k71NItD.1","action":"SyncServerConnectionManagerRequest", "result":"SYNC_SERVER_OK", "context":{"environment":"Prod_SoutheastAsia_000j", "migrationStage":"NotStarted", "server":"GENERAL03000037"}}
{"logTime": "0625/145229", "correlationVector":"hdHmk70RpnYtLt0k71NItD.2","action":"Commit Response", "result":"Success", "context":Result: Success. cV=hdHmk70RpnYtLt0k71NItD.0;server=GENERAL03000037;cloudType=Consumer;environment=Prod_SoutheastAsia_000j;migrationStage=NotStarted}
{"logTime": "0625/145229", "correlationVector":"QCfcqbLGDZhsGs5H14afZt","action":"Normal GetUpdate request", "result":"", "context":cV=QCfcqbLGDZhsGs5H14afZt
Nudged types: Sessions, Device Info
Refresh requested types: Passwords}
{"logTime": "0625/145229", "correlationVector":"QCfcqbLGDZhsGs5H14afZt.1","action":"SyncServerConnectionManagerRequest", "result":"SYNC_SERVER_OK", "context":{"environment":"Prod_SoutheastAsia_000j", "migrationStage":"NotStarted", "server":"GENERAL0300002F"}}
{"logTime": "0625/145229", "correlationVector":"QCfcqbLGDZhsGs5H14afZt.2","action":"GetUpdates Response", "result":"Success", "context":Received 3 update(s). cV=QCfcqbLGDZhsGs5H14afZt.0;server=GENERAL0300002F;cloudType=Consumer;environment=Prod_SoutheastAsia_000j;migrationStage=NotStarted}
{"logTime": "0625/145229", "correlationVector":"HMcLwIinPND3BZ2XWCN/XS","action":"Poll GetUpdate request", "result":"", "context":cV=HMcLwIinPND3BZ2XWCN/XS}
{"logTime": "0625/145229", "correlationVector":"HMcLwIinPND3BZ2XWCN/XS.1","action":"SyncServerConnectionManagerRequest", "result":"SYNC_SERVER_OK", "context":{"environment":"Prod_SoutheastAsia_000j", "migrationStage":"NotStarted", "server":"GENERAL0100000Z"}}
{"logTime": "0625/145229", "correlationVector":"HMcLwIinPND3BZ2XWCN/XS.2","action":"GetUpdates Response", "result":"Success", "context":Received 0 update(s). cV=HMcLwIinPND3BZ2XWCN/XS.0;server=GENERAL0100000Z;cloudType=Consumer;environment=Prod_SoutheastAsia_000j;migrationStage=NotStarted}
{"logTime": "0625/145301", "correlationVector":"s5RX0pznf4Pxio6UHJ+1h1","action":"Commit Request", "result":"", "context":Item count: 1
Contributing types: Sessions}
{"logTime": "0625/145301", "correlationVector":"s5RX0pznf4Pxio6UHJ+1h1.1","action":"SyncServerConnectionManagerRequest", "result":"SYNC_SERVER_OK", "context":{"environment":"Prod_SoutheastAsia_000j", "migrationStage":"NotStarted", "server":"GENERAL0300000A"}}
{"logTime": "0625/145301", "correlationVector":"s5RX0pznf4Pxio6UHJ+1h1.2","action":"Commit Response", "result":"Success", "context":Result: Success. cV=s5RX0pznf4Pxio6UHJ+1h1.0;server=GENERAL0300000A;cloudType=Consumer;environment=Prod_SoutheastAsia_000j;migrationStage=NotStarted}
{"logTime": "0625/145803", "correlationVector":"n54l0NjbHxVQ12phsTeXvh.1","action":"SyncServerConnectionManagerRequest", "result":"SYNC_SERVER_OK", "context":{"environment":"Prod_SoutheastAsia_000j", "migrationStage":"NotStarted", "server":"GENERAL0300001J"}}
{"logTime": "0625/145804", "correlationVector":"xyicfAfZEO7SX3GqZKoOQM","action":"SyncServerConnectionManagerRequest", "result":"SYNC_SERVER_OK", "context":{"environment":"", "migrationStage":"", "server":""}}
{"logTime": "0625/145804", "correlationVector":"n54l0NjbHxVQ12phsTeXvh","action":"Initial GetUpdates", "result":"", "context":Reason: NEW_CLIENT. cV=n54l0NjbHxVQ12phsTeXvh}
{"logTime": "0625/145804", "correlationVector":"n54l0NjbHxVQ12phsTeXvh.2","action":"GetUpdates Response", "result":"Success", "context":Received 1 update(s). cV=n54l0NjbHxVQ12phsTeXvh.0;server=GENERAL0300001J;cloudType=Consumer;environment=Prod_SoutheastAsia_000j;migrationStage=NotStarted}
{"logTime": "0625/145804", "correlationVector":"PsrAht4JROUUaGKdgLn/6w","action":"Initial GetUpdates", "result":"", "context":Reason: NEWLY_SUPPORTED_DATATYPE. cV=PsrAht4JROUUaGKdgLn/6w}
{"logTime": "0625/145804", "correlationVector":"PsrAht4JROUUaGKdgLn/6w.1","action":"SyncServerConnectionManagerRequest", "result":"SYNC_SERVER_OK", "context":{"environment":"Prod_SoutheastAsia_000j", "migrationStage":"NotStarted", "server":"GENERAL0300000U"}}
{"logTime": "0625/145804", "correlationVector":"PsrAht4JROUUaGKdgLn/6w.2","action":"GetUpdates", "result":"DeleteReceived", "context":{"id":"08a1d0ea-8690-4b21-bb29-a5612c219194", "isDeleted:":"true", "version":"1689167574608"}}
{"logTime": "0625/145804", "correlationVector":"PsrAht4JROUUaGKdgLn/6w.3","action":"GetUpdates", "result":"DeleteReceived", "context":{"id":"4239b121-61b7-4aa0-b1c7-6334ce998d63", "isDeleted:":"true", "version":"1691312871383"}}
{"logTime": "0625/145804", "correlationVector":"PsrAht4JROUUaGKdgLn/6w.4","action":"GetUpdates Response", "result":"Success", "context":Received 121 update(s). cV=PsrAht4JROUUaGKdgLn/6w.0;server=GENERAL0300000U;cloudType=Consumer;environment=Prod_SoutheastAsia_000j;migrationStage=NotStarted}
{"logTime": "0625/145804", "correlationVector":"k21ubQ25D9eXsbsYMF/jb6","action":"Normal GetUpdate request", "result":"", "context":cV=k21ubQ25D9eXsbsYMF/jb6
Nudged types: Sessions
Refresh requested types: Bookmarks, Preferences, Passwords, Autofill Profiles, Autofill, Typed URLs, Extensions, Sessions, Extension settings, History Delete Directives, Device Info, User Consents, Send Tab To Self, Web Apps, Collection, Edge E Drop, Edge Hub App Usage, Edge Tab Group, Edge Wallet, Encryption Keys}
{"logTime": "0625/145805", "correlationVector":"k21ubQ25D9eXsbsYMF/jb6.1","action":"SyncServerConnectionManagerRequest", "result":"SYNC_SERVER_OK", "context":{"environment":"Prod_SoutheastAsia_000j", "migrationStage":"NotStarted", "server":"GENERAL03000000"}}
{"logTime": "0625/145805", "correlationVector":"k21ubQ25D9eXsbsYMF/jb6.2","action":"GetUpdates Response", "result":"Success", "context":Received 1 update(s). cV=k21ubQ25D9eXsbsYMF/jb6.0;server=GENERAL03000000;cloudType=Consumer;environment=Prod_SoutheastAsia_000j;migrationStage=NotStarted}
{"logTime": "0625/145805", "correlationVector":"dYWPiGLLXg4kG82NIKzd6l","action":"Commit Request", "result":"", "context":Item count: 3
Contributing types: Sessions}
{"logTime": "0625/145805", "correlationVector":"dYWPiGLLXg4kG82NIKzd6l.1","action":"SyncServerConnectionManagerRequest", "result":"SYNC_SERVER_OK", "context":{"environment":"Prod_SoutheastAsia_000j", "migrationStage":"NotStarted", "server":"GENERAL03000010"}}
{"logTime": "0625/145805", "correlationVector":"dYWPiGLLXg4kG82NIKzd6l.2","action":"Commit Response", "result":"Success", "context":Result: Success. cV=dYWPiGLLXg4kG82NIKzd6l.0;server=GENERAL03000010;cloudType=Consumer;environment=Prod_SoutheastAsia_000j;migrationStage=NotStarted}
{"logTime": "0625/145805", "correlationVector":"dYWPiGLLXg4kG82NIKzd6l.3","action":"Commit.Sessions", "result":"Success", "context":{"id":"6e707769-fb00-44a7-b6db-587c7766d34b", "isDeleted":"true", "size":"0", "version":"1719327193854"}}
{"logTime": "0625/145835", "correlationVector":"8hQ0P+ARHkpemj6zKKUFmz","action":"Normal GetUpdate request", "result":"", "context":cV=8hQ0P+ARHkpemj6zKKUFmz
Nudged types: Sessions
Refresh requested types: Passwords}
{"logTime": "0625/145835", "correlationVector":"8hQ0P+ARHkpemj6zKKUFmz.1","action":"SyncServerConnectionManagerRequest", "result":"SYNC_SERVER_OK", "context":{"environment":"Prod_SoutheastAsia_000j", "migrationStage":"NotStarted", "server":"GENERAL03000024"}}
{"logTime": "0625/145835", "correlationVector":"8hQ0P+ARHkpemj6zKKUFmz.2","action":"GetUpdates", "result":"DeleteReceived", "context":{"id":"6e707769-fb00-44a7-b6db-587c7766d34b", "isDeleted:":"true", "version":"1719327497355"}}
{"logTime": "0625/145835", "correlationVector":"8hQ0P+ARHkpemj6zKKUFmz.3","action":"GetUpdates Response", "result":"Success", "context":Received 3 update(s). cV=8hQ0P+ARHkpemj6zKKUFmz.0;server=GENERAL03000024;cloudType=Consumer;environment=Prod_SoutheastAsia_000j;migrationStage=NotStarted}
{"logTime": "0625/145835", "correlationVector":"utWPoMFd6AABfl0xAlyZYb","action":"Commit Request", "result":"", "context":Item count: 1
Contributing types: Sessions}
{"logTime": "0625/145836", "correlationVector":"utWPoMFd6AABfl0xAlyZYb.1","action":"SyncServerConnectionManagerRequest", "result":"SYNC_SERVER_OK", "context":{"environment":"Prod_SoutheastAsia_000j", "migrationStage":"NotStarted", "server":"GENERAL0300003F"}}
{"logTime": "0625/145836", "correlationVector":"utWPoMFd6AABfl0xAlyZYb.2","action":"Commit Response", "result":"Success", "context":Result: Success. cV=utWPoMFd6AABfl0xAlyZYb.0;server=GENERAL0300003F;cloudType=Consumer;environment=Prod_SoutheastAsia_000j;migrationStage=NotStarted}
