{"logTime": "0620/180617", "correlationVector":"c76rrs2p4YidnjPFNcV5Ur.130","action":"GetUpdates", "result":"DeleteReceived", "context":{"id":"8b829ce9-3b89-49f3-8956-a5f4356a7744", "isDeleted:":"true", "version":"1717830490647"}}
{"logTime": "0620/180617", "correlationVector":"c76rrs2p4YidnjPFNcV5Ur.131","action":"GetUpdates", "result":"DeleteReceived", "context":{"id":"07af2e39-02d4-4005-a959-2eb1bad9e171", "isDeleted:":"true", "version":"1717830490648"}}
{"logTime": "0620/180617", "correlationVector":"c76rrs2p4YidnjPFNcV5Ur.132","action":"GetUpdates", "result":"DeleteReceived", "context":{"id":"931d148f-09dd-4be0-93a0-ed605aded9fb", "isDeleted:":"true", "version":"1717830490649"}}
{"logTime": "0620/180617", "correlationVector":"c76rrs2p4YidnjPFNcV5Ur.133","action":"GetUpdates", "result":"DeleteReceived", "context":{"id":"01eb7e64-6dec-41bc-9200-f3e653c6fe3e", "isDeleted:":"true", "version":"1717830632715"}}
{"logTime": "0620/180617", "correlationVector":"c76rrs2p4YidnjPFNcV5Ur.134","action":"GetUpdates", "result":"DeleteReceived", "context":{"id":"da515e38-afd1-4535-bd0b-2c5588314713", "isDeleted:":"true", "version":"1717830856904"}}
{"logTime": "0620/180617", "correlationVector":"c76rrs2p4YidnjPFNcV5Ur.135","action":"GetUpdates", "result":"DeleteReceived", "context":{"id":"b6f8bc8a-446c-4633-b678-c1acf348dd82", "isDeleted:":"true", "version":"1717830856906"}}
{"logTime": "0620/180617", "correlationVector":"c76rrs2p4YidnjPFNcV5Ur.136","action":"GetUpdates", "result":"DeleteReceived", "context":{"id":"bdc61f3a-9ccc-4829-a422-6eda4dc5bb8b", "isDeleted:":"true", "version":"1717832605670"}}
{"logTime": "0620/180617", "correlationVector":"c76rrs2p4YidnjPFNcV5Ur.137","action":"GetUpdates", "result":"DeleteReceived", "context":{"id":"4339dace-4a6a-46d7-8b29-9fef9ab26e67", "isDeleted:":"true", "version":"1717906746328"}}
{"logTime": "0620/180617", "correlationVector":"c76rrs2p4YidnjPFNcV5Ur.138","action":"GetUpdates", "result":"DeleteReceived", "context":{"id":"bb2ac6ee-f746-4200-89c2-f084ffaea539", "isDeleted:":"true", "version":"1717908313070"}}
{"logTime": "0620/180617", "correlationVector":"c76rrs2p4YidnjPFNcV5Ur.139","action":"GetUpdates", "result":"DeleteReceived", "context":{"id":"3f34abd9-160e-4733-a5fa-7fd6a42d2542", "isDeleted:":"true", "version":"1717909863450"}}
{"logTime": "0620/180617", "correlationVector":"c76rrs2p4YidnjPFNcV5Ur.140","action":"GetUpdates", "result":"DeleteReceived", "context":{"id":"647cbf12-663b-4936-b9e0-ed402f347f62", "isDeleted:":"true", "version":"1717566921232"}}
{"logTime": "0620/180617", "correlationVector":"c76rrs2p4YidnjPFNcV5Ur.141","action":"GetUpdates", "result":"DeleteReceived", "context":{"id":"a9da90a2-e894-4908-9643-a256cfcaefab", "isDeleted:":"true", "version":"1717566921233"}}
{"logTime": "0620/180617", "correlationVector":"c76rrs2p4YidnjPFNcV5Ur.142","action":"GetUpdates", "result":"DeleteReceived", "context":{"id":"7436e499-8852-4884-93f0-af65361a116d", "isDeleted:":"true", "version":"1717566921235"}}
{"logTime": "0620/180617", "correlationVector":"c76rrs2p4YidnjPFNcV5Ur.143","action":"GetUpdates", "result":"DeleteReceived", "context":{"id":"8c999ed1-806e-443e-9701-502142f07b14", "isDeleted:":"true", "version":"1717566921236"}}
{"logTime": "0620/180617", "correlationVector":"c76rrs2p4YidnjPFNcV5Ur.144","action":"GetUpdates", "result":"DeleteReceived", "context":{"id":"d30b5e6e-9349-4d13-8401-816f45c9f5c8", "isDeleted:":"true", "version":"1717566921237"}}
{"logTime": "0620/180617", "correlationVector":"c76rrs2p4YidnjPFNcV5Ur.145","action":"GetUpdates", "result":"DeleteReceived", "context":{"id":"406b20d7-630f-4ceb-b523-41edcbb521b4", "isDeleted:":"true", "version":"1717566921238"}}
{"logTime": "0620/180617", "correlationVector":"c76rrs2p4YidnjPFNcV5Ur.146","action":"GetUpdates", "result":"DeleteReceived", "context":{"id":"438580ef-dd1e-4ad5-975a-bd98fe9a2bb9", "isDeleted:":"true", "version":"1717566921239"}}
{"logTime": "0620/180617", "correlationVector":"c76rrs2p4YidnjPFNcV5Ur.147","action":"GetUpdates", "result":"DeleteReceived", "context":{"id":"c7b71f28-0cce-4bb3-aa69-ac66e74d1d7b", "isDeleted:":"true", "version":"1717566921240"}}
{"logTime": "0620/180617", "correlationVector":"c76rrs2p4YidnjPFNcV5Ur.148","action":"GetUpdates", "result":"DeleteReceived", "context":{"id":"ea540fa7-73c5-409b-9b65-a6df6853f5ae", "isDeleted:":"true", "version":"1717566921242"}}
{"logTime": "0620/180617", "correlationVector":"c76rrs2p4YidnjPFNcV5Ur.149","action":"GetUpdates", "result":"DeleteReceived", "context":{"id":"7e10a382-38f0-4093-a537-f0820e621a25", "isDeleted:":"true", "version":"1717566921244"}}
{"logTime": "0620/180617", "correlationVector":"c76rrs2p4YidnjPFNcV5Ur.150","action":"GetUpdates", "result":"DeleteReceived", "context":{"id":"4f466f16-4491-407c-982c-a00400505dc3", "isDeleted:":"true", "version":"1717566921245"}}
{"logTime": "0620/180617", "correlationVector":"c76rrs2p4YidnjPFNcV5Ur.151","action":"GetUpdates", "result":"DeleteReceived", "context":{"id":"f7d95bba-83eb-4144-be1b-abebe457fe51", "isDeleted:":"true", "version":"1717566921247"}}
{"logTime": "0620/180617", "correlationVector":"c76rrs2p4YidnjPFNcV5Ur.152","action":"GetUpdates", "result":"DeleteReceived", "context":{"id":"ef6b9601-48cd-4f65-845b-c6210e692fa4", "isDeleted:":"true", "version":"1717566921248"}}
{"logTime": "0620/180617", "correlationVector":"c76rrs2p4YidnjPFNcV5Ur.153","action":"GetUpdates", "result":"DeleteReceived", "context":{"id":"4b0cc685-3161-4a02-b6bd-af607cbb41ca", "isDeleted:":"true", "version":"1717566921249"}}
{"logTime": "0620/180617", "correlationVector":"c76rrs2p4YidnjPFNcV5Ur.154","action":"GetUpdates", "result":"DeleteReceived", "context":{"id":"1a4212b7-06b8-4139-b702-fba57e672217", "isDeleted:":"true", "version":"1717566921251"}}
{"logTime": "0620/180617", "correlationVector":"c76rrs2p4YidnjPFNcV5Ur.155","action":"GetUpdates", "result":"DeleteReceived", "context":{"id":"4302c19d-e8a3-468b-bff9-241cc6c5942f", "isDeleted:":"true", "version":"1717566921252"}}
{"logTime": "0620/180617", "correlationVector":"c76rrs2p4YidnjPFNcV5Ur.156","action":"GetUpdates", "result":"DeleteReceived", "context":{"id":"bda3b54e-26d5-4cac-bbd8-d0019b48cb86", "isDeleted:":"true", "version":"1717566921254"}}
{"logTime": "0620/180617", "correlationVector":"c76rrs2p4YidnjPFNcV5Ur.157","action":"GetUpdates", "result":"DeleteReceived", "context":{"id":"b93b0b4c-bc5d-49a2-8054-5b9eee61d4e6", "isDeleted:":"true", "version":"1717566921256"}}
{"logTime": "0620/180617", "correlationVector":"c76rrs2p4YidnjPFNcV5Ur.158","action":"GetUpdates", "result":"DeleteReceived", "context":{"id":"9a7b0b90-c1c9-46ee-987e-66c7fa046d0b", "isDeleted:":"true", "version":"1717566921259"}}
{"logTime": "0620/180617", "correlationVector":"c76rrs2p4YidnjPFNcV5Ur.159","action":"GetUpdates", "result":"DeleteReceived", "context":{"id":"87627f90-15a4-46ae-b58f-4c3bd60b2028", "isDeleted:":"true", "version":"1717566921260"}}
{"logTime": "0620/180617", "correlationVector":"c76rrs2p4YidnjPFNcV5Ur.160","action":"GetUpdates", "result":"DeleteReceived", "context":{"id":"40d697a7-75f3-47df-8cd4-8ed6a7d7693d", "isDeleted:":"true", "version":"1717566921262"}}
{"logTime": "0620/180617", "correlationVector":"c76rrs2p4YidnjPFNcV5Ur.161","action":"GetUpdates", "result":"DeleteReceived", "context":{"id":"91ccbded-6df5-4aec-9732-109775e72e6a", "isDeleted:":"true", "version":"1717822896805"}}
{"logTime": "0620/180617", "correlationVector":"c76rrs2p4YidnjPFNcV5Ur.162","action":"GetUpdates", "result":"DeleteReceived", "context":{"id":"c548c7a2-5bcd-4c10-9c81-bcf1bee067f5", "isDeleted:":"true", "version":"1717822896806"}}
{"logTime": "0620/180617", "correlationVector":"c76rrs2p4YidnjPFNcV5Ur.163","action":"GetUpdates", "result":"DeleteReceived", "context":{"id":"70fea0d6-2478-4ffc-bc76-2462ec85e14a", "isDeleted:":"true", "version":"1717822896808"}}
{"logTime": "0620/180617", "correlationVector":"c76rrs2p4YidnjPFNcV5Ur.164","action":"GetUpdates", "result":"DeleteReceived", "context":{"id":"8bf1474d-6ce7-4fe7-b0b0-2c006a428eee", "isDeleted:":"true", "version":"1717822896809"}}
{"logTime": "0620/180617", "correlationVector":"c76rrs2p4YidnjPFNcV5Ur.165","action":"GetUpdates", "result":"DeleteReceived", "context":{"id":"73f23775-604f-4e82-adbb-eae3c401f25b", "isDeleted:":"true", "version":"1717822896810"}}
{"logTime": "0620/180617", "correlationVector":"c76rrs2p4YidnjPFNcV5Ur.166","action":"GetUpdates", "result":"DeleteReceived", "context":{"id":"9e118145-dd01-42ac-b94e-d557f5ab5075", "isDeleted:":"true", "version":"1717822896811"}}
{"logTime": "0620/180617", "correlationVector":"c76rrs2p4YidnjPFNcV5Ur.167","action":"GetUpdates", "result":"DeleteReceived", "context":{"id":"1e44487d-767c-4fee-9e81-4c2e90facb6f", "isDeleted:":"true", "version":"1717822896813"}}
{"logTime": "0620/180617", "correlationVector":"c76rrs2p4YidnjPFNcV5Ur.168","action":"GetUpdates", "result":"DeleteReceived", "context":{"id":"b4003466-df70-403d-a747-2f80f78a67cc", "isDeleted:":"true", "version":"1717822896817"}}
{"logTime": "0620/180617", "correlationVector":"c76rrs2p4YidnjPFNcV5Ur.169","action":"GetUpdates", "result":"DeleteReceived", "context":{"id":"2fe45115-5753-4a43-bb61-517958128ac8", "isDeleted:":"true", "version":"1717822896818"}}
{"logTime": "0620/180617", "correlationVector":"c76rrs2p4YidnjPFNcV5Ur.170","action":"GetUpdates", "result":"DeleteReceived", "context":{"id":"2134ba52-8a70-40a9-a29a-ba5c3fc71a5a", "isDeleted:":"true", "version":"1717822896820"}}
{"logTime": "0620/180617", "correlationVector":"c76rrs2p4YidnjPFNcV5Ur.171","action":"GetUpdates", "result":"DeleteReceived", "context":{"id":"736850ff-8b99-452b-8797-405b0172b873", "isDeleted:":"true", "version":"1717822896821"}}
{"logTime": "0620/180617", "correlationVector":"c76rrs2p4YidnjPFNcV5Ur.172","action":"GetUpdates", "result":"DeleteReceived", "context":{"id":"250d3185-c6de-4291-a2b4-31255b18a03a", "isDeleted:":"true", "version":"1717822896822"}}
{"logTime": "0620/180617", "correlationVector":"c76rrs2p4YidnjPFNcV5Ur.173","action":"GetUpdates", "result":"DeleteReceived", "context":{"id":"aa4af0cc-3fc9-4bea-baa0-c016cc53e37e", "isDeleted:":"true", "version":"1717822896824"}}
{"logTime": "0620/180617", "correlationVector":"c76rrs2p4YidnjPFNcV5Ur.174","action":"GetUpdates", "result":"DeleteReceived", "context":{"id":"94980c52-2710-4da0-8c91-4ae3fc540297", "isDeleted:":"true", "version":"1717822896825"}}
{"logTime": "0620/180617", "correlationVector":"c76rrs2p4YidnjPFNcV5Ur.175","action":"GetUpdates", "result":"DeleteReceived", "context":{"id":"fbb974f4-8028-449c-b014-8a663d39a8cc", "isDeleted:":"true", "version":"1717822896827"}}
{"logTime": "0620/180617", "correlationVector":"c76rrs2p4YidnjPFNcV5Ur.176","action":"GetUpdates", "result":"DeleteReceived", "context":{"id":"7fc26c64-5073-4678-a685-b6fcb0c4200d", "isDeleted:":"true", "version":"1717822896829"}}
{"logTime": "0620/180617", "correlationVector":"c76rrs2p4YidnjPFNcV5Ur.177","action":"GetUpdates", "result":"DeleteReceived", "context":{"id":"98bf155b-1afd-4bc5-9c07-2bcc297e08d7", "isDeleted:":"true", "version":"1717822896832"}}
{"logTime": "0620/180617", "correlationVector":"c76rrs2p4YidnjPFNcV5Ur.178","action":"GetUpdates", "result":"DeleteReceived", "context":{"id":"5cce9545-30ea-47dd-a632-4fc0ad27e75e", "isDeleted:":"true", "version":"1717822896833"}}
{"logTime": "0620/180617", "correlationVector":"c76rrs2p4YidnjPFNcV5Ur.179","action":"GetUpdates", "result":"DeleteReceived", "context":{"id":"d336efee-82ea-44a2-8712-b06149417539", "isDeleted:":"true", "version":"1717822896835"}}
{"logTime": "0620/180617", "correlationVector":"c76rrs2p4YidnjPFNcV5Ur.180","action":"GetUpdates", "result":"DeleteReceived", "context":{"id":"25e8e564-2227-4c98-a789-ff50ca906980", "isDeleted:":"true", "version":"1717830659535"}}
{"logTime": "0620/180617", "correlationVector":"c76rrs2p4YidnjPFNcV5Ur.181","action":"GetUpdates", "result":"DeleteReceived", "context":{"id":"442a5af5-11cb-422e-be1a-65541e377119", "isDeleted:":"true", "version":"1717830659539"}}
{"logTime": "0620/180617", "correlationVector":"c76rrs2p4YidnjPFNcV5Ur.182","action":"GetUpdates", "result":"DeleteReceived", "context":{"id":"972479ce-8c5d-4abf-ae89-624b8d26e582", "isDeleted:":"true", "version":"1717830659543"}}
{"logTime": "0620/180617", "correlationVector":"c76rrs2p4YidnjPFNcV5Ur.183","action":"GetUpdates", "result":"DeleteReceived", "context":{"id":"13a8c88c-6355-4867-bca1-391c9bbcc8cd", "isDeleted:":"true", "version":"1717830659548"}}
{"logTime": "0620/180617", "correlationVector":"c76rrs2p4YidnjPFNcV5Ur.184","action":"GetUpdates Response", "result":"Success", "context":Received 250 update(s). cV=c76rrs2p4YidnjPFNcV5Ur.0;server=GENERAL0300000V;cloudType=Consumer;environment=Prod_SoutheastAsia_000j;migrationStage=NotStarted Some updates remain.}
{"logTime": "0620/180617", "correlationVector":"81wA9vh5Ph49JJ1BOMpVa7","action":"Initial GetUpdates", "result":"", "context":Reason: RECONFIGURATION. cV=81wA9vh5Ph49JJ1BOMpVa7}
{"logTime": "0620/180618", "correlationVector":"81wA9vh5Ph49JJ1BOMpVa7.1","action":"SyncServerConnectionManagerRequest", "result":"SYNC_SERVER_OK", "context":{"environment":"Prod_SoutheastAsia_000j", "migrationStage":"NotStarted", "server":"GENERAL03000019"}}
{"logTime": "0620/180618", "correlationVector":"81wA9vh5Ph49JJ1BOMpVa7.2","action":"GetUpdates", "result":"DeleteReceived", "context":{"id":"1b7f898f-09b4-4a6f-b49e-2c51a4d09cf4", "isDeleted:":"true", "version":"1717911575170"}}
{"logTime": "0620/180618", "correlationVector":"81wA9vh5Ph49JJ1BOMpVa7.3","action":"GetUpdates", "result":"DeleteReceived", "context":{"id":"8d23b439-3c93-4eae-a80a-7d8ac89dc584", "isDeleted:":"true", "version":"1717912876684"}}
{"logTime": "0620/180618", "correlationVector":"81wA9vh5Ph49JJ1BOMpVa7.4","action":"GetUpdates", "result":"DeleteReceived", "context":{"id":"c01d9a6b-0721-40f2-990e-7a99c5a55912", "isDeleted:":"true", "version":"1717913136707"}}
{"logTime": "0620/180618", "correlationVector":"81wA9vh5Ph49JJ1BOMpVa7.5","action":"GetUpdates", "result":"DeleteReceived", "context":{"id":"b4008863-e06c-400e-94b7-a3a406aef664", "isDeleted:":"true", "version":"1717913971357"}}
{"logTime": "0620/180618", "correlationVector":"81wA9vh5Ph49JJ1BOMpVa7.6","action":"GetUpdates", "result":"DeleteReceived", "context":{"id":"87477cf9-e925-4688-9187-0b84613daff0", "isDeleted:":"true", "version":"1717914051388"}}
{"logTime": "0620/180618", "correlationVector":"81wA9vh5Ph49JJ1BOMpVa7.7","action":"GetUpdates", "result":"DeleteReceived", "context":{"id":"0140a88b-97f4-4fd0-bf3d-23f0c1508747", "isDeleted:":"true", "version":"1717914879349"}}
{"logTime": "0620/180618", "correlationVector":"81wA9vh5Ph49JJ1BOMpVa7.8","action":"GetUpdates", "result":"DeleteReceived", "context":{"id":"db6f7406-fbb8-470f-b2a3-8b875e279af0", "isDeleted:":"true", "version":"1717915054233"}}
{"logTime": "0620/180618", "correlationVector":"81wA9vh5Ph49JJ1BOMpVa7.9","action":"GetUpdates", "result":"DeleteReceived", "context":{"id":"24a69aca-54e6-471b-8482-008061c052f6", "isDeleted:":"true", "version":"1717915467618"}}
{"logTime": "0620/180618", "correlationVector":"81wA9vh5Ph49JJ1BOMpVa7.10","action":"GetUpdates", "result":"DeleteReceived", "context":{"id":"dae25fda-63c6-464a-84a6-ef89d0dfc73c", "isDeleted:":"true", "version":"1718021387515"}}
{"logTime": "0620/180618", "correlationVector":"81wA9vh5Ph49JJ1BOMpVa7.11","action":"GetUpdates", "result":"DeleteReceived", "context":{"id":"98837e47-4af3-453f-a467-fd1dccbb5b25", "isDeleted:":"true", "version":"1718021387516"}}
{"logTime": "0620/180618", "correlationVector":"81wA9vh5Ph49JJ1BOMpVa7.12","action":"GetUpdates", "result":"DeleteReceived", "context":{"id":"53d748d6-20fd-403f-9483-98be57a13728", "isDeleted:":"true", "version":"1718021387517"}}
{"logTime": "0620/180618", "correlationVector":"81wA9vh5Ph49JJ1BOMpVa7.13","action":"GetUpdates", "result":"DeleteReceived", "context":{"id":"c3c517b4-edd6-4ff1-84d0-176b03b55cdb", "isDeleted:":"true", "version":"1718021387518"}}
{"logTime": "0620/180618", "correlationVector":"81wA9vh5Ph49JJ1BOMpVa7.14","action":"GetUpdates", "result":"DeleteReceived", "context":{"id":"1c9c201a-2107-45de-9f12-935994d770a4", "isDeleted:":"true", "version":"1718021387519"}}
{"logTime": "0620/180618", "correlationVector":"81wA9vh5Ph49JJ1BOMpVa7.15","action":"GetUpdates", "result":"DeleteReceived", "context":{"id":"97a51cb8-b4e6-4589-a277-5b797167607b", "isDeleted:":"true", "version":"1718021387520"}}
{"logTime": "0620/180618", "correlationVector":"81wA9vh5Ph49JJ1BOMpVa7.16","action":"GetUpdates", "result":"DeleteReceived", "context":{"id":"84daa387-147b-48a5-b70c-bf3d179f49f9", "isDeleted:":"true", "version":"1718021561896"}}
{"logTime": "0620/180618", "correlationVector":"81wA9vh5Ph49JJ1BOMpVa7.17","action":"GetUpdates", "result":"DeleteReceived", "context":{"id":"5a1074a7-2c99-405d-8686-2af1055e2aab", "isDeleted:":"true", "version":"1718021561897"}}
{"logTime": "0620/180618", "correlationVector":"81wA9vh5Ph49JJ1BOMpVa7.18","action":"GetUpdates", "result":"DeleteReceived", "context":{"id":"6420be68-c8ee-497c-a2fe-0520cac4defb", "isDeleted:":"true", "version":"1718021869381"}}
{"logTime": "0620/180618", "correlationVector":"81wA9vh5Ph49JJ1BOMpVa7.19","action":"GetUpdates", "result":"DeleteReceived", "context":{"id":"e03e0bec-8d7e-4f1e-be72-a34455899cb3", "isDeleted:":"true", "version":"1718022518281"}}
{"logTime": "0620/180618", "correlationVector":"81wA9vh5Ph49JJ1BOMpVa7.20","action":"GetUpdates", "result":"DeleteReceived", "context":{"id":"6eebc06b-e743-49fb-bee4-ecfba134bfb6", "isDeleted:":"true", "version":"1718022681955"}}
{"logTime": "0620/180618", "correlationVector":"81wA9vh5Ph49JJ1BOMpVa7.21","action":"GetUpdates", "result":"DeleteReceived", "context":{"id":"ffc05880-c0f2-482e-a684-99978b914bf8", "isDeleted:":"true", "version":"1718022783014"}}
{"logTime": "0620/180618", "correlationVector":"81wA9vh5Ph49JJ1BOMpVa7.22","action":"GetUpdates", "result":"DeleteReceived", "context":{"id":"959c9a0d-54d7-4322-b630-ba9742a0498c", "isDeleted:":"true", "version":"1718024100417"}}
{"logTime": "0620/180618", "correlationVector":"81wA9vh5Ph49JJ1BOMpVa7.23","action":"GetUpdates", "result":"DeleteReceived", "context":{"id":"c98214ca-c218-4f36-b7c9-2e924e0d5b1f", "isDeleted:":"true", "version":"1718024143582"}}
{"logTime": "0620/180618", "correlationVector":"81wA9vh5Ph49JJ1BOMpVa7.24","action":"GetUpdates", "result":"DeleteReceived", "context":{"id":"f1214de6-bfd6-4d7a-af2e-ef13d5274e0b", "isDeleted:":"true", "version":"1718026903113"}}
{"logTime": "0620/180618", "correlationVector":"81wA9vh5Ph49JJ1BOMpVa7.25","action":"GetUpdates", "result":"DeleteReceived", "context":{"id":"d107e748-0c00-4100-92cb-85b743470faa", "isDeleted:":"true", "version":"1718027396371"}}
{"logTime": "0620/180618", "correlationVector":"81wA9vh5Ph49JJ1BOMpVa7.26","action":"GetUpdates", "result":"DeleteReceived", "context":{"id":"c05419f3-190c-434a-a2d4-db0075db2e68", "isDeleted:":"true", "version":"1718027396375"}}
{"logTime": "0620/180618", "correlationVector":"81wA9vh5Ph49JJ1BOMpVa7.27","action":"GetUpdates", "result":"DeleteReceived", "context":{"id":"3225e9d2-2ead-4fee-912c-5f8d4202084e", "isDeleted:":"true", "version":"1718027396377"}}
{"logTime": "0620/180618", "correlationVector":"81wA9vh5Ph49JJ1BOMpVa7.28","action":"GetUpdates", "result":"DeleteReceived", "context":{"id":"21ee703d-f590-4f30-904e-5a24b273498d", "isDeleted:":"true", "version":"1718027558263"}}
{"logTime": "0620/180618", "correlationVector":"81wA9vh5Ph49JJ1BOMpVa7.29","action":"GetUpdates", "result":"DeleteReceived", "context":{"id":"ef9be3cc-4736-40f4-9183-db07d38d8ef9", "isDeleted:":"true", "version":"1718027589525"}}
{"logTime": "0620/180618", "correlationVector":"81wA9vh5Ph49JJ1BOMpVa7.30","action":"GetUpdates", "result":"DeleteReceived", "context":{"id":"25ff21fa-c5b4-43de-89a3-81f3cebaa6f1", "isDeleted:":"true", "version":"1718027589530"}}
{"logTime": "0620/180618", "correlationVector":"81wA9vh5Ph49JJ1BOMpVa7.31","action":"GetUpdates", "result":"DeleteReceived", "context":{"id":"03eed702-854b-417b-9b62-15981b82eb40", "isDeleted:":"true", "version":"1718027589531"}}
{"logTime": "0620/180618", "correlationVector":"81wA9vh5Ph49JJ1BOMpVa7.32","action":"GetUpdates", "result":"DeleteReceived", "context":{"id":"7f08313c-de41-4fc2-b86f-93d3571257f2", "isDeleted:":"true", "version":"1718027788154"}}
{"logTime": "0620/180618", "correlationVector":"81wA9vh5Ph49JJ1BOMpVa7.33","action":"GetUpdates", "result":"DeleteReceived", "context":{"id":"6c0faf8d-d991-45a6-a509-df16f55c1ed6", "isDeleted:":"true", "version":"1718027788155"}}
{"logTime": "0620/180618", "correlationVector":"81wA9vh5Ph49JJ1BOMpVa7.34","action":"GetUpdates", "result":"DeleteReceived", "context":{"id":"81883423-5b29-42c2-86af-007929a61f41", "isDeleted:":"true", "version":"1718027788156"}}
{"logTime": "0620/180618", "correlationVector":"81wA9vh5Ph49JJ1BOMpVa7.35","action":"GetUpdates", "result":"DeleteReceived", "context":{"id":"66045afc-1479-4b85-8f0f-e1d9e4328222", "isDeleted:":"true", "version":"1718027788157"}}
{"logTime": "0620/180618", "correlationVector":"81wA9vh5Ph49JJ1BOMpVa7.36","action":"GetUpdates", "result":"DeleteReceived", "context":{"id":"acc7b041-7bca-49d1-8297-640a75d837c5", "isDeleted:":"true", "version":"1718027788158"}}
{"logTime": "0620/180618", "correlationVector":"81wA9vh5Ph49JJ1BOMpVa7.37","action":"GetUpdates", "result":"DeleteReceived", "context":{"id":"a4dab116-5a0c-42e2-b7d6-7ceb9f12994c", "isDeleted:":"true", "version":"1718027788159"}}
{"logTime": "0620/180618", "correlationVector":"81wA9vh5Ph49JJ1BOMpVa7.38","action":"GetUpdates", "result":"DeleteReceived", "context":{"id":"212498c7-fd88-497e-80d1-35488df48f8f", "isDeleted:":"true", "version":"1718028045234"}}
{"logTime": "0620/180618", "correlationVector":"81wA9vh5Ph49JJ1BOMpVa7.39","action":"GetUpdates", "result":"DeleteReceived", "context":{"id":"55b0a4c1-d84f-49dc-a52d-8751d62b3ab5", "isDeleted:":"true", "version":"1718028045236"}}
{"logTime": "0620/180618", "correlationVector":"81wA9vh5Ph49JJ1BOMpVa7.40","action":"GetUpdates", "result":"DeleteReceived", "context":{"id":"739c3ce1-767c-4852-93ba-aabd56c1ab2b", "isDeleted:":"true", "version":"1718028098419"}}
{"logTime": "0620/180618", "correlationVector":"81wA9vh5Ph49JJ1BOMpVa7.41","action":"GetUpdates", "result":"DeleteReceived", "context":{"id":"d0fd6e1f-a85c-45f8-a819-b68142b5c650", "isDeleted:":"true", "version":"1718028098420"}}
{"logTime": "0620/180618", "correlationVector":"81wA9vh5Ph49JJ1BOMpVa7.42","action":"GetUpdates", "result":"DeleteReceived", "context":{"id":"28ab63e5-9e80-4e4c-84f7-3e13125dd792", "isDeleted:":"true", "version":"1718028098422"}}
{"logTime": "0620/180618", "correlationVector":"81wA9vh5Ph49JJ1BOMpVa7.43","action":"GetUpdates", "result":"DeleteReceived", "context":{"id":"20bb6171-8bc6-4aa0-9f18-533c54399d8c", "isDeleted:":"true", "version":"1718029061339"}}
{"logTime": "0620/180618", "correlationVector":"81wA9vh5Ph49JJ1BOMpVa7.44","action":"GetUpdates", "result":"DeleteReceived", "context":{"id":"e7df9baa-281b-43b8-ae5f-82b1fa31f3d8", "isDeleted:":"true", "version":"1718035391009"}}
{"logTime": "0620/180618", "correlationVector":"81wA9vh5Ph49JJ1BOMpVa7.45","action":"GetUpdates", "result":"DeleteReceived", "context":{"id":"78eb6530-258a-4372-a7c2-29b13e39356f", "isDeleted:":"true", "version":"1718040912415"}}
{"logTime": "0620/180618", "correlationVector":"81wA9vh5Ph49JJ1BOMpVa7.46","action":"GetUpdates", "result":"DeleteReceived", "context":{"id":"8e8d888f-8fe4-4813-9c9f-b60270386a49", "isDeleted:":"true", "version":"1718042042740"}}
{"logTime": "0620/180618", "correlationVector":"81wA9vh5Ph49JJ1BOMpVa7.47","action":"GetUpdates", "result":"DeleteReceived", "context":{"id":"6fd38c73-044f-4116-a352-41044613756f", "isDeleted:":"true", "version":"1718044334316"}}
{"logTime": "0620/180618", "correlationVector":"81wA9vh5Ph49JJ1BOMpVa7.48","action":"GetUpdates", "result":"DeleteReceived", "context":{"id":"1f7bcd84-6c12-48f5-9d28-98ac87dc1b7c", "isDeleted:":"true", "version":"1718047288506"}}
{"logTime": "0620/180618", "correlationVector":"81wA9vh5Ph49JJ1BOMpVa7.49","action":"GetUpdates", "result":"DeleteReceived", "context":{"id":"df674afe-b62c-4e68-8f4f-dd177b0cd82f", "isDeleted:":"true", "version":"1718049513042"}}
{"logTime": "0620/180618", "correlationVector":"81wA9vh5Ph49JJ1BOMpVa7.50","action":"GetUpdates", "result":"DeleteReceived", "context":{"id":"3e9e654c-480c-4351-9296-d837f9240653", "isDeleted:":"true", "version":"1718084860898"}}
{"logTime": "0620/180618", "correlationVector":"81wA9vh5Ph49JJ1BOMpVa7.51","action":"GetUpdates", "result":"DeleteReceived", "context":{"id":"efbb1ffe-ff83-4044-97d4-ae848c838651", "isDeleted:":"true", "version":"1718084860899"}}
{"logTime": "0620/180618", "correlationVector":"81wA9vh5Ph49JJ1BOMpVa7.52","action":"GetUpdates", "result":"DeleteReceived", "context":{"id":"84a04dc1-50ea-4c4b-80e5-d8c9fca4bebd", "isDeleted:":"true", "version":"1718084860900"}}
{"logTime": "0620/180618", "correlationVector":"81wA9vh5Ph49JJ1BOMpVa7.53","action":"GetUpdates", "result":"DeleteReceived", "context":{"id":"f2f65238-592c-4b09-bb0d-52ff563b09f1", "isDeleted:":"true", "version":"1718084860901"}}
{"logTime": "0620/180618", "correlationVector":"81wA9vh5Ph49JJ1BOMpVa7.54","action":"GetUpdates", "result":"DeleteReceived", "context":{"id":"1a332bf6-7de1-4737-a3da-3de0aac04f42", "isDeleted:":"true", "version":"1718089108584"}}
{"logTime": "0620/180618", "correlationVector":"81wA9vh5Ph49JJ1BOMpVa7.55","action":"GetUpdates", "result":"DeleteReceived", "context":{"id":"95d234af-d2e9-485e-84ba-b6ff62d0d885", "isDeleted:":"true", "version":"1718111238725"}}
{"logTime": "0620/180618", "correlationVector":"81wA9vh5Ph49JJ1BOMpVa7.56","action":"GetUpdates", "result":"DeleteReceived", "context":{"id":"f84476ef-0df6-4258-b748-e84c557ed0c8", "isDeleted:":"true", "version":"1718111255730"}}
{"logTime": "0620/180618", "correlationVector":"81wA9vh5Ph49JJ1BOMpVa7.57","action":"GetUpdates", "result":"DeleteReceived", "context":{"id":"a668cf52-8979-469c-99fb-1798e7ea7bd9", "isDeleted:":"true", "version":"1718113166307"}}
{"logTime": "0620/180618", "correlationVector":"81wA9vh5Ph49JJ1BOMpVa7.58","action":"GetUpdates", "result":"DeleteReceived", "context":{"id":"15cffece-2627-4c82-9ba1-f66f76cecbb5", "isDeleted:":"true", "version":"1718113166308"}}
{"logTime": "0620/180618", "correlationVector":"81wA9vh5Ph49JJ1BOMpVa7.59","action":"GetUpdates", "result":"DeleteReceived", "context":{"id":"4776753f-9841-4fe6-9ca7-0f569896eea2", "isDeleted:":"true", "version":"1718113166310"}}
{"logTime": "0620/180618", "correlationVector":"81wA9vh5Ph49JJ1BOMpVa7.60","action":"GetUpdates", "result":"DeleteReceived", "context":{"id":"fc9f9761-6875-46d1-9b05-84da663ffc6a", "isDeleted:":"true", "version":"1718113213204"}}
{"logTime": "0620/180618", "correlationVector":"81wA9vh5Ph49JJ1BOMpVa7.61","action":"GetUpdates", "result":"DeleteReceived", "context":{"id":"a18eb30f-48df-4ab3-a19f-ed18d78f6f6c", "isDeleted:":"true", "version":"1718113213207"}}
{"logTime": "0620/180618", "correlationVector":"81wA9vh5Ph49JJ1BOMpVa7.62","action":"GetUpdates", "result":"DeleteReceived", "context":{"id":"35ddbf55-d2af-43da-a6aa-608a0076e45b", "isDeleted:":"true", "version":"1718113567667"}}
{"logTime": "0620/180618", "correlationVector":"81wA9vh5Ph49JJ1BOMpVa7.63","action":"GetUpdates", "result":"DeleteReceived", "context":{"id":"e7a7cd7c-9c7a-4483-94f5-9d4deb6349dc", "isDeleted:":"true", "version":"1718118975681"}}
{"logTime": "0620/180618", "correlationVector":"81wA9vh5Ph49JJ1BOMpVa7.64","action":"GetUpdates", "result":"DeleteReceived", "context":{"id":"f6623abd-8bc0-4a3f-a6cf-9d0258e7d830", "isDeleted:":"true", "version":"1718118975682"}}
{"logTime": "0620/180618", "correlationVector":"81wA9vh5Ph49JJ1BOMpVa7.65","action":"GetUpdates", "result":"DeleteReceived", "context":{"id":"5e02da67-13f1-4128-a582-85a3735b5e0e", "isDeleted:":"true", "version":"1718119006530"}}
{"logTime": "0620/180618", "correlationVector":"81wA9vh5Ph49JJ1BOMpVa7.66","action":"GetUpdates", "result":"DeleteReceived", "context":{"id":"030c0463-78b3-4973-9120-f9fdabd0ee5d", "isDeleted:":"true", "version":"1718119006531"}}
{"logTime": "0620/180618", "correlationVector":"81wA9vh5Ph49JJ1BOMpVa7.67","action":"GetUpdates", "result":"DeleteReceived", "context":{"id":"674230b5-2e8c-412b-8db4-9c8df6c90d37", "isDeleted:":"true", "version":"1718119118351"}}
{"logTime": "0620/180618", "correlationVector":"81wA9vh5Ph49JJ1BOMpVa7.68","action":"GetUpdates", "result":"DeleteReceived", "context":{"id":"ddaff32b-e60f-4bf5-a10d-dbde47d81b7a", "isDeleted:":"true", "version":"1718119118352"}}
{"logTime": "0620/180618", "correlationVector":"81wA9vh5Ph49JJ1BOMpVa7.69","action":"GetUpdates", "result":"DeleteReceived", "context":{"id":"9dbf88e5-b6b6-4a7e-b1b9-73901660e235", "isDeleted:":"true", "version":"1718119118353"}}
{"logTime": "0620/180618", "correlationVector":"81wA9vh5Ph49JJ1BOMpVa7.70","action":"GetUpdates", "result":"DeleteReceived", "context":{"id":"e98d18f6-d8b4-4e76-8759-19a7f1061485", "isDeleted:":"true", "version":"1718119118354"}}
{"logTime": "0620/180618", "correlationVector":"81wA9vh5Ph49JJ1BOMpVa7.71","action":"GetUpdates", "result":"DeleteReceived", "context":{"id":"e45ad4a3-f21e-4970-afdd-2b469333dfd1", "isDeleted:":"true", "version":"1718119118356"}}
{"logTime": "0620/180618", "correlationVector":"81wA9vh5Ph49JJ1BOMpVa7.72","action":"GetUpdates", "result":"DeleteReceived", "context":{"id":"b0c3b21a-ac1e-4809-9666-4bf19fb16cf7", "isDeleted:":"true", "version":"1718119159724"}}
{"logTime": "0620/180618", "correlationVector":"81wA9vh5Ph49JJ1BOMpVa7.73","action":"GetUpdates", "result":"DeleteReceived", "context":{"id":"fe3552c5-780d-4faf-8610-fac55233273c", "isDeleted:":"true", "version":"1718119584358"}}
{"logTime": "0620/180618", "correlationVector":"81wA9vh5Ph49JJ1BOMpVa7.74","action":"GetUpdates", "result":"DeleteReceived", "context":{"id":"e7a5d905-34f3-416a-a723-a7cb49dbc99f", "isDeleted:":"true", "version":"1718121746154"}}
{"logTime": "0620/180618", "correlationVector":"81wA9vh5Ph49JJ1BOMpVa7.75","action":"GetUpdates", "result":"DeleteReceived", "context":{"id":"beaddcf5-b685-4c86-9ac5-d2c94038f63c", "isDeleted:":"true", "version":"1718126460722"}}
{"logTime": "0620/180618", "correlationVector":"81wA9vh5Ph49JJ1BOMpVa7.76","action":"GetUpdates", "result":"DeleteReceived", "context":{"id":"46ae8a9b-ddc0-4bfb-babe-09fb36457e85", "isDeleted:":"true", "version":"1718133460221"}}
{"logTime": "0620/180618", "correlationVector":"81wA9vh5Ph49JJ1BOMpVa7.77","action":"GetUpdates", "result":"DeleteReceived", "context":{"id":"bc8e9657-f27a-4b01-9760-adb016f4200a", "isDeleted:":"true", "version":"1718133495253"}}
{"logTime": "0620/180618", "correlationVector":"81wA9vh5Ph49JJ1BOMpVa7.78","action":"GetUpdates", "result":"DeleteReceived", "context":{"id":"75613884-09e7-4068-b091-a43c76a12e8c", "isDeleted:":"true", "version":"1718133914540"}}
{"logTime": "0620/180618", "correlationVector":"81wA9vh5Ph49JJ1BOMpVa7.79","action":"GetUpdates", "result":"DeleteReceived", "context":{"id":"8beb6ccb-c805-4e5a-853a-5b30aa0e5ef2", "isDeleted:":"true", "version":"1718133914542"}}
{"logTime": "0620/180618", "correlationVector":"81wA9vh5Ph49JJ1BOMpVa7.80","action":"GetUpdates", "result":"DeleteReceived", "context":{"id":"7b4ee293-4dae-4db1-82fd-0f8ff3a7bdde", "isDeleted:":"true", "version":"1718133914544"}}
{"logTime": "0620/180618", "correlationVector":"81wA9vh5Ph49JJ1BOMpVa7.81","action":"GetUpdates", "result":"DeleteReceived", "context":{"id":"bbeb6b1a-4ff6-4c5c-8ed1-cc9069421860", "isDeleted:":"true", "version":"1718133914545"}}
{"logTime": "0620/180618", "correlationVector":"81wA9vh5Ph49JJ1BOMpVa7.82","action":"GetUpdates", "result":"DeleteReceived", "context":{"id":"3a47f702-01d3-4597-a7fd-bf31771ec3e1", "isDeleted:":"true", "version":"1718133944944"}}
{"logTime": "0620/180618", "correlationVector":"81wA9vh5Ph49JJ1BOMpVa7.83","action":"GetUpdates", "result":"DeleteReceived", "context":{"id":"5e691fac-a274-4cbf-822d-329aad2f5ae9", "isDeleted:":"true", "version":"1718133944945"}}
{"logTime": "0620/180618", "correlationVector":"81wA9vh5Ph49JJ1BOMpVa7.84","action":"GetUpdates", "result":"DeleteReceived", "context":{"id":"54d9e6ec-331c-43dd-b186-0dae16709f12", "isDeleted:":"true", "version":"1718142019187"}}
{"logTime": "0620/180618", "correlationVector":"81wA9vh5Ph49JJ1BOMpVa7.85","action":"GetUpdates", "result":"DeleteReceived", "context":{"id":"19ab0b97-b578-4f9e-b1c1-5533c6c6826d", "isDeleted:":"true", "version":"1718142019188"}}
{"logTime": "0620/180618", "correlationVector":"81wA9vh5Ph49JJ1BOMpVa7.86","action":"GetUpdates", "result":"DeleteReceived", "context":{"id":"8b477a4d-184b-42e6-9795-0b063fb635c1", "isDeleted:":"true", "version":"1718144863492"}}
{"logTime": "0620/180618", "correlationVector":"81wA9vh5Ph49JJ1BOMpVa7.87","action":"GetUpdates", "result":"DeleteReceived", "context":{"id":"60b3eba3-289e-46cf-b945-08b9f266bea7", "isDeleted:":"true", "version":"1718144863493"}}
{"logTime": "0620/180618", "correlationVector":"81wA9vh5Ph49JJ1BOMpVa7.88","action":"GetUpdates", "result":"DeleteReceived", "context":{"id":"bb4eae2b-d885-4fd2-94f4-52cd0cea0ed7", "isDeleted:":"true", "version":"1718144863494"}}
{"logTime": "0620/180618", "correlationVector":"81wA9vh5Ph49JJ1BOMpVa7.89","action":"GetUpdates", "result":"DeleteReceived", "context":{"id":"9f5c7a1e-ba6e-49ec-a24e-2b23c2a93b81", "isDeleted:":"true", "version":"1718144863495"}}
{"logTime": "0620/180618", "correlationVector":"81wA9vh5Ph49JJ1BOMpVa7.90","action":"GetUpdates", "result":"DeleteReceived", "context":{"id":"c17e0ce2-3e54-401c-8ad0-79272d791eb9", "isDeleted:":"true", "version":"1718144863496"}}
{"logTime": "0620/180618", "correlationVector":"81wA9vh5Ph49JJ1BOMpVa7.91","action":"GetUpdates", "result":"DeleteReceived", "context":{"id":"411196c2-010b-4d2c-8050-b479f0415810", "isDeleted:":"true", "version":"1718144863497"}}
{"logTime": "0620/180618", "correlationVector":"81wA9vh5Ph49JJ1BOMpVa7.92","action":"GetUpdates", "result":"DeleteReceived", "context":{"id":"663e3fff-bd6f-48b9-8b8b-08f340ed7def", "isDeleted:":"true", "version":"1718144863498"}}
{"logTime": "0620/180618", "correlationVector":"81wA9vh5Ph49JJ1BOMpVa7.93","action":"GetUpdates", "result":"DeleteReceived", "context":{"id":"41b8072d-3346-4187-9787-c6be93561cc2", "isDeleted:":"true", "version":"1718144863499"}}
{"logTime": "0620/180618", "correlationVector":"81wA9vh5Ph49JJ1BOMpVa7.94","action":"GetUpdates", "result":"DeleteReceived", "context":{"id":"dd312817-c684-453d-bdd7-44ff53da6825", "isDeleted:":"true", "version":"1718144863500"}}
{"logTime": "0620/180618", "correlationVector":"81wA9vh5Ph49JJ1BOMpVa7.95","action":"GetUpdates", "result":"DeleteReceived", "context":{"id":"bac59dbb-8925-413e-ba3c-1c84863c7194", "isDeleted:":"true", "version":"1718144863501"}}
{"logTime": "0620/180618", "correlationVector":"81wA9vh5Ph49JJ1BOMpVa7.96","action":"GetUpdates", "result":"DeleteReceived", "context":{"id":"387eca33-852c-4d94-a17e-6dc728c40be0", "isDeleted:":"true", "version":"1718167087480"}}
{"logTime": "0620/180618", "correlationVector":"81wA9vh5Ph49JJ1BOMpVa7.97","action":"GetUpdates", "result":"DeleteReceived", "context":{"id":"269fe91b-6cfc-4847-ae96-2505c02e7665", "isDeleted:":"true", "version":"1718167087481"}}
{"logTime": "0620/180618", "correlationVector":"81wA9vh5Ph49JJ1BOMpVa7.98","action":"GetUpdates", "result":"DeleteReceived", "context":{"id":"6970afe4-0c3a-4be4-9a76-0e4f96d16f59", "isDeleted:":"true", "version":"1718171602292"}}
{"logTime": "0620/180618", "correlationVector":"81wA9vh5Ph49JJ1BOMpVa7.99","action":"GetUpdates", "result":"DeleteReceived", "context":{"id":"173a56ad-9170-4936-bac3-f022abf060ae", "isDeleted:":"true", "version":"1718172663296"}}
{"logTime": "0620/180618", "correlationVector":"81wA9vh5Ph49JJ1BOMpVa7.100","action":"GetUpdates", "result":"DeleteReceived", "context":{"id":"f2e2861d-a9ca-4942-a054-33a75f64e1c9", "isDeleted:":"true", "version":"1718193320590"}}
{"logTime": "0620/180618", "correlationVector":"81wA9vh5Ph49JJ1BOMpVa7.101","action":"GetUpdates", "result":"DeleteReceived", "context":{"id":"b6e5ca65-ff0b-43f7-a7fc-5f788afb8e23", "isDeleted:":"true", "version":"1718199510306"}}
{"logTime": "0620/180618", "correlationVector":"81wA9vh5Ph49JJ1BOMpVa7.102","action":"GetUpdates", "result":"DeleteReceived", "context":{"id":"5a86b45e-15f5-4227-82bc-1a8fcf3a761e", "isDeleted:":"true", "version":"1718217620354"}}
{"logTime": "0620/180618", "correlationVector":"81wA9vh5Ph49JJ1BOMpVa7.103","action":"GetUpdates", "result":"DeleteReceived", "context":{"id":"2b44db22-5c50-4ed8-9a27-fcc01622e396", "isDeleted:":"true", "version":"1718224724721"}}
{"logTime": "0620/180618", "correlationVector":"81wA9vh5Ph49JJ1BOMpVa7.104","action":"GetUpdates", "result":"DeleteReceived", "context":{"id":"2edc13e7-46a4-4d97-baea-226ccb3a9c51", "isDeleted:":"true", "version":"1718283228654"}}
{"logTime": "0620/180618", "correlationVector":"81wA9vh5Ph49JJ1BOMpVa7.105","action":"GetUpdates", "result":"DeleteReceived", "context":{"id":"421afaeb-9ced-48d7-943b-bdb44eaa4251", "isDeleted:":"true", "version":"1718285439708"}}
{"logTime": "0620/180618", "correlationVector":"81wA9vh5Ph49JJ1BOMpVa7.106","action":"GetUpdates", "result":"DeleteReceived", "context":{"id":"0cb88575-94ed-4ade-9049-70e2a54a3322", "isDeleted:":"true", "version":"1718286374393"}}
{"logTime": "0620/180618", "correlationVector":"81wA9vh5Ph49JJ1BOMpVa7.107","action":"GetUpdates", "result":"DeleteReceived", "context":{"id":"9ded1ab8-bb5b-414b-80cf-36cc06be174c", "isDeleted:":"true", "version":"1718289398338"}}
{"logTime": "0620/180618", "correlationVector":"81wA9vh5Ph49JJ1BOMpVa7.108","action":"GetUpdates", "result":"DeleteReceived", "context":{"id":"e740d33b-72d3-4c53-a45e-f4c791860255", "isDeleted:":"true", "version":"1718289398340"}}
{"logTime": "0620/180618", "correlationVector":"81wA9vh5Ph49JJ1BOMpVa7.109","action":"GetUpdates", "result":"DeleteReceived", "context":{"id":"4fdc9188-4af0-4d6b-acae-d87ccd5dcb78", "isDeleted:":"true", "version":"1718347463690"}}
{"logTime": "0620/180618", "correlationVector":"81wA9vh5Ph49JJ1BOMpVa7.110","action":"GetUpdates", "result":"DeleteReceived", "context":{"id":"4de9082e-e2a6-404b-8da6-73ccf6c2fd9a", "isDeleted:":"true", "version":"1718371030955"}}
{"logTime": "0620/180618", "correlationVector":"81wA9vh5Ph49JJ1BOMpVa7.111","action":"GetUpdates", "result":"DeleteReceived", "context":{"id":"ca2954f8-615d-4a5e-905e-26dcb04770d4", "isDeleted:":"true", "version":"1718371030956"}}
{"logTime": "0620/180618", "correlationVector":"81wA9vh5Ph49JJ1BOMpVa7.112","action":"GetUpdates", "result":"DeleteReceived", "context":{"id":"f4dab0e4-0a33-4019-9ab2-7638ae6c303b", "isDeleted:":"true", "version":"1718371063470"}}
{"logTime": "0620/180618", "correlationVector":"81wA9vh5Ph49JJ1BOMpVa7.113","action":"GetUpdates", "result":"DeleteReceived", "context":{"id":"917916aa-ff59-4297-9836-df1daafe3c90", "isDeleted:":"true", "version":"1718371331157"}}
{"logTime": "0620/180618", "correlationVector":"81wA9vh5Ph49JJ1BOMpVa7.114","action":"GetUpdates", "result":"DeleteReceived", "context":{"id":"f0d7553c-e80e-4a0c-9404-dd660c2eca79", "isDeleted:":"true", "version":"1718383699981"}}
{"logTime": "0620/180618", "correlationVector":"81wA9vh5Ph49JJ1BOMpVa7.115","action":"GetUpdates", "result":"DeleteReceived", "context":{"id":"fd590d40-ef78-4558-b4f9-f3ca5af04edc", "isDeleted:":"true", "version":"1718383699982"}}
{"logTime": "0620/180618", "correlationVector":"81wA9vh5Ph49JJ1BOMpVa7.116","action":"GetUpdates", "result":"DeleteReceived", "context":{"id":"917d28a7-0192-408b-9256-3ebc6a45d53d", "isDeleted:":"true", "version":"1718383699983"}}
{"logTime": "0620/180618", "correlationVector":"81wA9vh5Ph49JJ1BOMpVa7.117","action":"GetUpdates", "result":"DeleteReceived", "context":{"id":"39555709-8b91-47b5-a844-001e29bbb950", "isDeleted:":"true", "version":"1718383699984"}}
{"logTime": "0620/180618", "correlationVector":"81wA9vh5Ph49JJ1BOMpVa7.118","action":"GetUpdates", "result":"DeleteReceived", "context":{"id":"af1c8aee-00bb-4af0-96a6-f1a4d1ec74ad", "isDeleted:":"true", "version":"1718385897586"}}
{"logTime": "0620/180618", "correlationVector":"81wA9vh5Ph49JJ1BOMpVa7.119","action":"GetUpdates", "result":"DeleteReceived", "context":{"id":"41bf24ae-d32b-47bb-8a50-5e456412bee6", "isDeleted:":"true", "version":"1718390131557"}}
{"logTime": "0620/180618", "correlationVector":"81wA9vh5Ph49JJ1BOMpVa7.120","action":"GetUpdates", "result":"DeleteReceived", "context":{"id":"bec94be6-0570-4878-8c86-07fa5cc0e5e0", "isDeleted:":"true", "version":"1718467990391"}}
{"logTime": "0620/180618", "correlationVector":"81wA9vh5Ph49JJ1BOMpVa7.121","action":"GetUpdates", "result":"DeleteReceived", "context":{"id":"62f8fa0a-6661-4eff-80cb-a4152509da55", "isDeleted:":"true", "version":"1718468029052"}}
{"logTime": "0620/180618", "correlationVector":"81wA9vh5Ph49JJ1BOMpVa7.122","action":"GetUpdates", "result":"DeleteReceived", "context":{"id":"cd2a62d0-8025-4968-b6ca-6ec35dbbdb7d", "isDeleted:":"true", "version":"1718470018718"}}
{"logTime": "0620/180618", "correlationVector":"81wA9vh5Ph49JJ1BOMpVa7.123","action":"GetUpdates", "result":"DeleteReceived", "context":{"id":"b414dfa1-646a-4e32-9a4c-588727888d0d", "isDeleted:":"true", "version":"1718470018720"}}
{"logTime": "0620/180618", "correlationVector":"81wA9vh5Ph49JJ1BOMpVa7.124","action":"GetUpdates", "result":"DeleteReceived", "context":{"id":"963fc93d-18d6-4825-a0b3-d21784df6dee", "isDeleted:":"true", "version":"1718471133121"}}
{"logTime": "0620/180618", "correlationVector":"81wA9vh5Ph49JJ1BOMpVa7.125","action":"GetUpdates", "result":"DeleteReceived", "context":{"id":"c40f9ca5-316e-4598-8758-42964a5a43c9", "isDeleted:":"true", "version":"1718471133122"}}
{"logTime": "0620/180618", "correlationVector":"81wA9vh5Ph49JJ1BOMpVa7.126","action":"GetUpdates", "result":"DeleteReceived", "context":{"id":"baa793a4-0f12-4730-be32-1da00aacaccd", "isDeleted:":"true", "version":"1718471133125"}}
{"logTime": "0620/180618", "correlationVector":"81wA9vh5Ph49JJ1BOMpVa7.127","action":"GetUpdates", "result":"DeleteReceived", "context":{"id":"454fb594-a308-48b6-bf3b-e012446eb3cf", "isDeleted:":"true", "version":"1718472950407"}}
{"logTime": "0620/180618", "correlationVector":"81wA9vh5Ph49JJ1BOMpVa7.128","action":"GetUpdates", "result":"DeleteReceived", "context":{"id":"b48f1a74-829a-4a93-ba72-1509b1c8aea6", "isDeleted:":"true", "version":"1718473156788"}}
{"logTime": "0620/180618", "correlationVector":"81wA9vh5Ph49JJ1BOMpVa7.129","action":"GetUpdates", "result":"DeleteReceived", "context":{"id":"0e96f891-8e6e-4b78-908c-1839243bff6a", "isDeleted:":"true", "version":"1718473318880"}}
{"logTime": "0620/180618", "correlationVector":"81wA9vh5Ph49JJ1BOMpVa7.130","action":"GetUpdates", "result":"DeleteReceived", "context":{"id":"0d160629-5d8a-49ec-ac55-4a7154804d18", "isDeleted:":"true", "version":"1718473318881"}}
{"logTime": "0620/180618", "correlationVector":"81wA9vh5Ph49JJ1BOMpVa7.131","action":"GetUpdates", "result":"DeleteReceived", "context":{"id":"fd837c04-0982-4f21-ba76-718ef7603fcd", "isDeleted:":"true", "version":"1718473357732"}}
{"logTime": "0620/180618", "correlationVector":"81wA9vh5Ph49JJ1BOMpVa7.132","action":"GetUpdates", "result":"DeleteReceived", "context":{"id":"9207544e-e59d-4cc2-9e72-503908dbebc5", "isDeleted:":"true", "version":"1718473485278"}}
{"logTime": "0620/180618", "correlationVector":"81wA9vh5Ph49JJ1BOMpVa7.133","action":"GetUpdates", "result":"DeleteReceived", "context":{"id":"89a20604-9667-44b5-b286-e62eb83ac176", "isDeleted:":"true", "version":"1718473515658"}}
{"logTime": "0620/180618", "correlationVector":"81wA9vh5Ph49JJ1BOMpVa7.134","action":"GetUpdates", "result":"DeleteReceived", "context":{"id":"b3a2db77-5e4a-4d1f-97d6-8823825acdc8", "isDeleted:":"true", "version":"1718473515659"}}
{"logTime": "0620/180618", "correlationVector":"81wA9vh5Ph49JJ1BOMpVa7.135","action":"GetUpdates", "result":"DeleteReceived", "context":{"id":"2e7f976e-1d23-4b2a-9b6d-6ff6df8edf7e", "isDeleted:":"true", "version":"1718473515660"}}
{"logTime": "0620/180618", "correlationVector":"81wA9vh5Ph49JJ1BOMpVa7.136","action":"GetUpdates", "result":"DeleteReceived", "context":{"id":"83b6e25a-aea6-441d-8a1a-baa432516aef", "isDeleted:":"true", "version":"1718473515661"}}
{"logTime": "0620/180618", "correlationVector":"81wA9vh5Ph49JJ1BOMpVa7.137","action":"GetUpdates", "result":"DeleteReceived", "context":{"id":"e3be6d9c-204a-408d-a8ad-d7fb2c007d23", "isDeleted:":"true", "version":"1718534814221"}}
{"logTime": "0620/180618", "correlationVector":"81wA9vh5Ph49JJ1BOMpVa7.138","action":"GetUpdates", "result":"DeleteReceived", "context":{"id":"66b4f55c-db2d-497d-8cdc-dcafb4342a67", "isDeleted:":"true", "version":"1718534814222"}}
{"logTime": "0620/180618", "correlationVector":"81wA9vh5Ph49JJ1BOMpVa7.139","action":"GetUpdates", "result":"DeleteReceived", "context":{"id":"9b6670d1-d6ad-4c37-b6fa-8f214e34da07", "isDeleted:":"true", "version":"1718534814224"}}
{"logTime": "0620/180618", "correlationVector":"81wA9vh5Ph49JJ1BOMpVa7.140","action":"GetUpdates", "result":"DeleteReceived", "context":{"id":"b15fb5de-8e20-404a-9456-0ecdc4cb49b3", "isDeleted:":"true", "version":"1718534814225"}}
{"logTime": "0620/180618", "correlationVector":"81wA9vh5Ph49JJ1BOMpVa7.141","action":"GetUpdates", "result":"DeleteReceived", "context":{"id":"8b19c118-c3c9-44a2-87c5-bf5694a961bf", "isDeleted:":"true", "version":"1718535104244"}}
{"logTime": "0620/180618", "correlationVector":"81wA9vh5Ph49JJ1BOMpVa7.142","action":"GetUpdates", "result":"DeleteReceived", "context":{"id":"bf4ee948-1f7f-4623-a88f-9fb7e9560962", "isDeleted:":"true", "version":"1718535104245"}}
{"logTime": "0620/180618", "correlationVector":"81wA9vh5Ph49JJ1BOMpVa7.143","action":"GetUpdates", "result":"DeleteReceived", "context":{"id":"f0098725-642f-42ce-882f-c10aca52c771", "isDeleted:":"true", "version":"1718535110015"}}
{"logTime": "0620/180618", "correlationVector":"81wA9vh5Ph49JJ1BOMpVa7.144","action":"GetUpdates", "result":"DeleteReceived", "context":{"id":"4ab08e03-1b79-4439-b68f-9c1616c6ade5", "isDeleted:":"true", "version":"1718536136595"}}
{"logTime": "0620/180618", "correlationVector":"81wA9vh5Ph49JJ1BOMpVa7.145","action":"GetUpdates", "result":"DeleteReceived", "context":{"id":"29b88088-6348-43e9-960a-3c8000b709bb", "isDeleted:":"true", "version":"1718537727240"}}
{"logTime": "0620/180618", "correlationVector":"81wA9vh5Ph49JJ1BOMpVa7.146","action":"GetUpdates", "result":"DeleteReceived", "context":{"id":"fdfd230b-65d7-4002-b48b-e6bedea1bd04", "isDeleted:":"true", "version":"1718537875674"}}
{"logTime": "0620/180618", "correlationVector":"81wA9vh5Ph49JJ1BOMpVa7.147","action":"GetUpdates", "result":"DeleteReceived", "context":{"id":"3c04f861-3bef-48e7-a861-9fa76b1fa5e7", "isDeleted:":"true", "version":"1718539028070"}}
{"logTime": "0620/180618", "correlationVector":"81wA9vh5Ph49JJ1BOMpVa7.148","action":"GetUpdates", "result":"DeleteReceived", "context":{"id":"b1fb56f5-8652-4ae5-93b9-2f7f99ad4ea2", "isDeleted:":"true", "version":"1718540017523"}}
{"logTime": "0620/180618", "correlationVector":"81wA9vh5Ph49JJ1BOMpVa7.149","action":"GetUpdates", "result":"DeleteReceived", "context":{"id":"21b36f35-0ffa-420b-b1bf-d6c9258b7981", "isDeleted:":"true", "version":"1718540269916"}}
{"logTime": "0620/180618", "correlationVector":"81wA9vh5Ph49JJ1BOMpVa7.150","action":"GetUpdates", "result":"DeleteReceived", "context":{"id":"ef1a9d48-83b5-4bca-9cbc-39cfa3222d07", "isDeleted:":"true", "version":"1718549515350"}}
{"logTime": "0620/180618", "correlationVector":"81wA9vh5Ph49JJ1BOMpVa7.151","action":"GetUpdates", "result":"DeleteReceived", "context":{"id":"6a23f002-656a-4a6c-9371-3f53c69ca55c", "isDeleted:":"true", "version":"1718551590653"}}
{"logTime": "0620/180618", "correlationVector":"81wA9vh5Ph49JJ1BOMpVa7.152","action":"GetUpdates", "result":"DeleteReceived", "context":{"id":"55e88137-a86f-4017-9168-0e678b63b860", "isDeleted:":"true", "version":"1718551974178"}}
{"logTime": "0620/180618", "correlationVector":"81wA9vh5Ph49JJ1BOMpVa7.153","action":"GetUpdates", "result":"DeleteReceived", "context":{"id":"14e94f0b-b6a0-4fbe-9716-802350b55a88", "isDeleted:":"true", "version":"1718551974179"}}
{"logTime": "0620/180618", "correlationVector":"81wA9vh5Ph49JJ1BOMpVa7.154","action":"GetUpdates", "result":"DeleteReceived", "context":{"id":"711889ab-3d51-49f9-9e2e-583d9db84815", "isDeleted:":"true", "version":"1718559141062"}}
{"logTime": "0620/180618", "correlationVector":"81wA9vh5Ph49JJ1BOMpVa7.155","action":"GetUpdates", "result":"DeleteReceived", "context":{"id":"51741f70-9ec6-4776-be99-8096aec4d128", "isDeleted:":"true", "version":"1718559141063"}}
{"logTime": "0620/180618", "correlationVector":"81wA9vh5Ph49JJ1BOMpVa7.156","action":"GetUpdates", "result":"DeleteReceived", "context":{"id":"13436825-1b5f-4c57-80bf-75f489986a03", "isDeleted:":"true", "version":"1718559489290"}}
{"logTime": "0620/180618", "correlationVector":"81wA9vh5Ph49JJ1BOMpVa7.157","action":"GetUpdates", "result":"DeleteReceived", "context":{"id":"fe3875ae-4e9e-430a-8868-2e155512f8aa", "isDeleted:":"true", "version":"1718559721843"}}
{"logTime": "0620/180618", "correlationVector":"81wA9vh5Ph49JJ1BOMpVa7.158","action":"GetUpdates", "result":"DeleteReceived", "context":{"id":"7c7b122b-8d44-4afe-aae2-f9e29da2e807", "isDeleted:":"true", "version":"1718559721845"}}
{"logTime": "0620/180618", "correlationVector":"81wA9vh5Ph49JJ1BOMpVa7.159","action":"GetUpdates", "result":"DeleteReceived", "context":{"id":"e4b224c9-5868-4e58-b99d-5856226362de", "isDeleted:":"true", "version":"1718559721846"}}
{"logTime": "0620/180618", "correlationVector":"81wA9vh5Ph49JJ1BOMpVa7.160","action":"GetUpdates", "result":"DeleteReceived", "context":{"id":"46629590-0b32-46d4-a5c8-f94220a1e0d4", "isDeleted:":"true", "version":"1718562978946"}}
{"logTime": "0620/180618", "correlationVector":"81wA9vh5Ph49JJ1BOMpVa7.161","action":"GetUpdates", "result":"DeleteReceived", "context":{"id":"b07177e0-78d9-4d75-ad82-340ed8a68026", "isDeleted:":"true", "version":"1718628412702"}}
{"logTime": "0620/180618", "correlationVector":"81wA9vh5Ph49JJ1BOMpVa7.162","action":"GetUpdates", "result":"DeleteReceived", "context":{"id":"c0f407cd-ef95-4a5e-a3d3-fdc0b778c4ce", "isDeleted:":"true", "version":"1718628712391"}}
{"logTime": "0620/180618", "correlationVector":"81wA9vh5Ph49JJ1BOMpVa7.163","action":"GetUpdates", "result":"DeleteReceived", "context":{"id":"a953f035-228f-4cb4-8918-b388e595e54b", "isDeleted:":"true", "version":"1718632202348"}}
{"logTime": "0620/180618", "correlationVector":"81wA9vh5Ph49JJ1BOMpVa7.164","action":"GetUpdates", "result":"DeleteReceived", "context":{"id":"c76845c1-ba87-44af-83b4-797f85cb2773", "isDeleted:":"true", "version":"1718632244510"}}
{"logTime": "0620/180618", "correlationVector":"81wA9vh5Ph49JJ1BOMpVa7.165","action":"GetUpdates", "result":"DeleteReceived", "context":{"id":"c95a2a6e-e797-4a48-8df2-a3448f6c7ab3", "isDeleted:":"true", "version":"1718632904977"}}
{"logTime": "0620/180618", "correlationVector":"81wA9vh5Ph49JJ1BOMpVa7.166","action":"GetUpdates", "result":"DeleteReceived", "context":{"id":"cf5a4e72-5a85-4dd5-bf8f-25ca5474477d", "isDeleted:":"true", "version":"1718632965003"}}
{"logTime": "0620/180618", "correlationVector":"81wA9vh5Ph49JJ1BOMpVa7.167","action":"GetUpdates", "result":"DeleteReceived", "context":{"id":"80e8c12f-bd57-4226-a7af-7c458bfa3d73", "isDeleted:":"true", "version":"1718633122882"}}
{"logTime": "0620/180618", "correlationVector":"81wA9vh5Ph49JJ1BOMpVa7.168","action":"GetUpdates", "result":"DeleteReceived", "context":{"id":"983e81f8-f016-4005-adb1-363181f61616", "isDeleted:":"true", "version":"1718633122884"}}
{"logTime": "0620/180618", "correlationVector":"81wA9vh5Ph49JJ1BOMpVa7.169","action":"GetUpdates", "result":"DeleteReceived", "context":{"id":"2b52e310-7eb6-40df-9255-ee77a0adfa24", "isDeleted:":"true", "version":"1718633122885"}}
{"logTime": "0620/180618", "correlationVector":"81wA9vh5Ph49JJ1BOMpVa7.170","action":"GetUpdates", "result":"DeleteReceived", "context":{"id":"cfe355c2-ce02-4c5f-b4bd-a0cdc6776f1a", "isDeleted:":"true", "version":"1718633122886"}}
{"logTime": "0620/180618", "correlationVector":"81wA9vh5Ph49JJ1BOMpVa7.171","action":"GetUpdates", "result":"DeleteReceived", "context":{"id":"6d9902ea-76b7-4dbf-9199-0409a081c075", "isDeleted:":"true", "version":"1718633163364"}}
{"logTime": "0620/180618", "correlationVector":"81wA9vh5Ph49JJ1BOMpVa7.172","action":"GetUpdates", "result":"DeleteReceived", "context":{"id":"dc1a37dd-21a5-4804-b0a4-33120e36eb50", "isDeleted:":"true", "version":"1718633207593"}}
{"logTime": "0620/180618", "correlationVector":"81wA9vh5Ph49JJ1BOMpVa7.173","action":"GetUpdates", "result":"DeleteReceived", "context":{"id":"4cb7d556-ec93-499f-8a08-56a87a94525d", "isDeleted:":"true", "version":"1718633614038"}}
{"logTime": "0620/180618", "correlationVector":"81wA9vh5Ph49JJ1BOMpVa7.174","action":"GetUpdates", "result":"DeleteReceived", "context":{"id":"1d4b550c-9ea2-4360-abf6-af298700072a", "isDeleted:":"true", "version":"1718633614039"}}
{"logTime": "0620/180618", "correlationVector":"81wA9vh5Ph49JJ1BOMpVa7.175","action":"GetUpdates", "result":"DeleteReceived", "context":{"id":"f6b76598-705e-427b-a1bb-bd67c1e9eb27", "isDeleted:":"true", "version":"1718633614040"}}
{"logTime": "0620/180618", "correlationVector":"81wA9vh5Ph49JJ1BOMpVa7.176","action":"GetUpdates", "result":"DeleteReceived", "context":{"id":"31445075-7532-43b0-a56e-c2b1112184bd", "isDeleted:":"true", "version":"1718737419008"}}
{"logTime": "0620/180618", "correlationVector":"81wA9vh5Ph49JJ1BOMpVa7.177","action":"GetUpdates", "result":"DeleteReceived", "context":{"id":"5d1c5a1d-7606-4a2e-bdb0-9be7ad8b9515", "isDeleted:":"true", "version":"1718737419009"}}
{"logTime": "0620/180618", "correlationVector":"81wA9vh5Ph49JJ1BOMpVa7.178","action":"GetUpdates", "result":"DeleteReceived", "context":{"id":"6bc82563-0d3a-44e4-b571-fceabd9ed47d", "isDeleted:":"true", "version":"1718737419010"}}
{"logTime": "0620/180618", "correlationVector":"81wA9vh5Ph49JJ1BOMpVa7.179","action":"GetUpdates", "result":"DeleteReceived", "context":{"id":"000d1148-4fae-4b99-b922-9bafeb8569f0", "isDeleted:":"true", "version":"1718737419011"}}
{"logTime": "0620/180618", "correlationVector":"81wA9vh5Ph49JJ1BOMpVa7.180","action":"GetUpdates", "result":"DeleteReceived", "context":{"id":"842c690c-c9d3-40dd-872a-6d775ff33230", "isDeleted:":"true", "version":"1718737419012"}}
{"logTime": "0620/180618", "correlationVector":"81wA9vh5Ph49JJ1BOMpVa7.181","action":"GetUpdates", "result":"DeleteReceived", "context":{"id":"c0c982f8-111f-4643-9a1f-cd43d3d1b293", "isDeleted:":"true", "version":"1718737419013"}}
{"logTime": "0620/180618", "correlationVector":"81wA9vh5Ph49JJ1BOMpVa7.182","action":"GetUpdates", "result":"DeleteReceived", "context":{"id":"d45509a1-2407-46e3-b99b-baf8c14af457", "isDeleted:":"true", "version":"1718737419015"}}
{"logTime": "0620/180618", "correlationVector":"81wA9vh5Ph49JJ1BOMpVa7.183","action":"GetUpdates", "result":"DeleteReceived", "context":{"id":"716484e4-f595-4e50-bc24-7ed663e063c2", "isDeleted:":"true", "version":"1718737419016"}}
{"logTime": "0620/180618", "correlationVector":"81wA9vh5Ph49JJ1BOMpVa7.184","action":"GetUpdates Response", "result":"Success", "context":Received 250 update(s). cV=81wA9vh5Ph49JJ1BOMpVa7.0;server=GENERAL03000019;cloudType=Consumer;environment=Prod_SoutheastAsia_000j;migrationStage=NotStarted Some updates remain.}
{"logTime": "0620/180618", "correlationVector":"JC4kI43A9NqoqSQIIKVn0x","action":"Initial GetUpdates", "result":"", "context":Reason: RECONFIGURATION. cV=JC4kI43A9NqoqSQIIKVn0x}
{"logTime": "0620/180618", "correlationVector":"JC4kI43A9NqoqSQIIKVn0x.1","action":"SyncServerConnectionManagerRequest", "result":"SYNC_SERVER_OK", "context":{"environment":"Prod_SoutheastAsia_000j", "migrationStage":"NotStarted", "server":"GENERAL0300002H"}}
{"logTime": "0620/180618", "correlationVector":"JC4kI43A9NqoqSQIIKVn0x.2","action":"GetUpdates", "result":"DeleteReceived", "context":{"id":"7b94f192-5cd0-4613-a24e-3f41e0317d2d", "isDeleted:":"true", "version":"1718737420234"}}
{"logTime": "0620/180618", "correlationVector":"JC4kI43A9NqoqSQIIKVn0x.3","action":"GetUpdates", "result":"DeleteReceived", "context":{"id":"a51960b1-0682-4d0d-bb1c-d08d57a41665", "isDeleted:":"true", "version":"1718738888111"}}
{"logTime": "0620/180618", "correlationVector":"JC4kI43A9NqoqSQIIKVn0x.4","action":"GetUpdates", "result":"DeleteReceived", "context":{"id":"4b94fa18-00b0-40cf-8ad1-35d47e6c376c", "isDeleted:":"true", "version":"1718739353675"}}
{"logTime": "0620/180618", "correlationVector":"JC4kI43A9NqoqSQIIKVn0x.5","action":"GetUpdates", "result":"DeleteReceived", "context":{"id":"3a51f3b9-120c-4a40-9abb-8200c7f9735e", "isDeleted:":"true", "version":"1718739353677"}}
{"logTime": "0620/180618", "correlationVector":"JC4kI43A9NqoqSQIIKVn0x.6","action":"GetUpdates", "result":"DeleteReceived", "context":{"id":"142cd7ca-64d0-490d-a20f-207a16dc1bae", "isDeleted:":"true", "version":"1718887167997"}}
{"logTime": "0620/180618", "correlationVector":"JC4kI43A9NqoqSQIIKVn0x.7","action":"GetUpdates", "result":"DeleteReceived", "context":{"id":"7cb1dab0-16ec-4e0d-8648-38a2677598eb", "isDeleted:":"true", "version":"1718887167998"}}
{"logTime": "0620/180618", "correlationVector":"JC4kI43A9NqoqSQIIKVn0x.8","action":"GetUpdates", "result":"DeleteReceived", "context":{"id":"8a4ea077-d369-41c5-a54f-ed8a6683222b", "isDeleted:":"true", "version":"1718887467153"}}
{"logTime": "0620/180618", "correlationVector":"JC4kI43A9NqoqSQIIKVn0x.9","action":"GetUpdates", "result":"DeleteReceived", "context":{"id":"0aa3ad31-3ee7-4b73-8b9b-69735b935647", "isDeleted:":"true", "version":"1718887467154"}}
{"logTime": "0620/180618", "correlationVector":"JC4kI43A9NqoqSQIIKVn0x.10","action":"GetUpdates", "result":"DeleteReceived", "context":{"id":"96c69490-9825-4561-8b61-91a3e0503661", "isDeleted:":"true", "version":"1718888879892"}}
{"logTime": "0620/180618", "correlationVector":"JC4kI43A9NqoqSQIIKVn0x.11","action":"GetUpdates", "result":"DeleteReceived", "context":{"id":"32fab8f9-bbc9-4199-9e3a-6250ed5614d6", "isDeleted:":"true", "version":"1718888879893"}}
{"logTime": "0620/180618", "correlationVector":"JC4kI43A9NqoqSQIIKVn0x.12","action":"GetUpdates", "result":"DeleteReceived", "context":{"id":"acbc38d0-6513-4d72-9dc9-5cc1b048e8c9", "isDeleted:":"true", "version":"1718890241370"}}
{"logTime": "0620/180618", "correlationVector":"JC4kI43A9NqoqSQIIKVn0x.13","action":"GetUpdates", "result":"DeleteReceived", "context":{"id":"d4beacce-792c-46e7-91ab-892994f271b1", "isDeleted:":"true", "version":"1718891190854"}}
{"logTime": "0620/180618", "correlationVector":"JC4kI43A9NqoqSQIIKVn0x.14","action":"GetUpdates", "result":"DeleteReceived", "context":{"id":"36db0e2b-2551-4db6-9fec-e9e2c0bcfe7f", "isDeleted:":"true", "version":"1718892156111"}}
{"logTime": "0620/180618", "correlationVector":"JC4kI43A9NqoqSQIIKVn0x.15","action":"GetUpdates", "result":"DeleteReceived", "context":{"id":"fa28775e-7d39-47fe-832e-bd68e04126de", "isDeleted:":"true", "version":"1718893140135"}}
{"logTime": "0620/180618", "correlationVector":"JC4kI43A9NqoqSQIIKVn0x.16","action":"GetUpdates", "result":"DeleteReceived", "context":{"id":"921bcb99-93ba-461f-a556-76767502a0e5", "isDeleted:":"true", "version":"1718893140136"}}
{"logTime": "0620/180618", "correlationVector":"JC4kI43A9NqoqSQIIKVn0x.17","action":"GetUpdates", "result":"DeleteReceived", "context":{"id":"f520713a-eae7-4863-a47a-7d59c5cc8b76", "isDeleted:":"true", "version":"1718893140137"}}
{"logTime": "0620/180618", "correlationVector":"JC4kI43A9NqoqSQIIKVn0x.18","action":"GetUpdates", "result":"DeleteReceived", "context":{"id":"7a7ec43d-7031-4654-bc14-374e113cca20", "isDeleted:":"true", "version":"1718896747280"}}
{"logTime": "0620/180618", "correlationVector":"JC4kI43A9NqoqSQIIKVn0x.19","action":"GetUpdates", "result":"DeleteReceived", "context":{"id":"1a481106-9b46-47e1-a3ac-15b09dc13f90", "isDeleted:":"true", "version":"1718898439637"}}
{"logTime": "0620/180618", "correlationVector":"JC4kI43A9NqoqSQIIKVn0x.20","action":"GetUpdates", "result":"DeleteReceived", "context":{"id":"aad8099f-bac4-4d04-ae5c-4f42ebcdf431", "isDeleted:":"true", "version":"1718905095132"}}
{"logTime": "0620/180618", "correlationVector":"JC4kI43A9NqoqSQIIKVn0x.21","action":"GetUpdates", "result":"DeleteReceived", "context":{"id":"69bb7a3a-29d2-411d-8017-1a2f1e88858e", "isDeleted:":"true", "version":"1718905528328"}}
{"logTime": "0620/180618", "correlationVector":"JC4kI43A9NqoqSQIIKVn0x.22","action":"GetUpdates", "result":"DeleteReceived", "context":{"id":"9a9c58b8-5295-4015-8f35-e5fd3f0aa9ac", "isDeleted:":"true", "version":"1718905528330"}}
{"logTime": "0620/180618", "correlationVector":"JC4kI43A9NqoqSQIIKVn0x.23","action":"GetUpdates Response", "result":"Success", "context":Received 40 update(s). cV=JC4kI43A9NqoqSQIIKVn0x.0;server=GENERAL0300002H;cloudType=Consumer;environment=Prod_SoutheastAsia_000j;migrationStage=NotStarted}
{"logTime": "0620/180618", "correlationVector":"KXBV+DUF6So31dGBNcP4yD","action":"Normal GetUpdate request", "result":"", "context":cV=KXBV+DUF6So31dGBNcP4yD
Nudged types: Preferences, Sessions, Device Info
Refresh requested types: Bookmarks, Preferences, Passwords, Autofill Profiles, Autofill, Typed URLs, Extensions, Sessions, Extension settings, History Delete Directives, Device Info, User Consents, Send Tab To Self, Web Apps, Collection, Edge E Drop, Edge Hub App Usage, Edge Tab Group, Edge Wallet, Encryption Keys}
{"logTime": "0620/180618", "correlationVector":"KXBV+DUF6So31dGBNcP4yD.1","action":"SyncServerConnectionManagerRequest", "result":"SYNC_SERVER_OK", "context":{"environment":"Prod_SoutheastAsia_000j", "migrationStage":"NotStarted", "server":"GENERAL0300001D"}}
{"logTime": "0620/180619", "correlationVector":"KXBV+DUF6So31dGBNcP4yD.2","action":"GetUpdates Response", "result":"Success", "context":Received 0 update(s). cV=KXBV+DUF6So31dGBNcP4yD.0;server=GENERAL0300001D;cloudType=Consumer;environment=Prod_SoutheastAsia_000j;migrationStage=NotStarted}
{"logTime": "0620/180619", "correlationVector":"ucSrKGIOBuAW1+UqjCfa+3","action":"Commit Request", "result":"", "context":Item count: 4
Contributing types: Preferences, Sessions, Device Info}
{"logTime": "0620/180619", "correlationVector":"ucSrKGIOBuAW1+UqjCfa+3.1","action":"SyncServerConnectionManagerRequest", "result":"SYNC_SERVER_OK", "context":{"environment":"Prod_SoutheastAsia_000j", "migrationStage":"NotStarted", "server":"GENERAL0300000G"}}
{"logTime": "0620/180619", "correlationVector":"ucSrKGIOBuAW1+UqjCfa+3.2","action":"Commit Response", "result":"Success", "context":Result: Success. cV=ucSrKGIOBuAW1+UqjCfa+3.0;server=GENERAL0300000G;cloudType=Consumer;environment=Prod_SoutheastAsia_000j;migrationStage=NotStarted}
{"logTime": "0620/180825", "correlationVector":"ZfNvOWhEnU2eE85hGR29qr.1","action":"SyncServerConnectionManagerRequest", "result":"SYNC_SERVER_OK", "context":{"environment":"Prod_SoutheastAsia_000j", "migrationStage":"NotStarted", "server":"GENERAL0300002A"}}
{"logTime": "0620/180825", "correlationVector":"DJylLo7l+83GGFFis+NNKo","action":"SyncServerConnectionManagerRequest", "result":"SYNC_SERVER_OK", "context":{"environment":"", "migrationStage":"", "server":""}}
{"logTime": "0620/180825", "correlationVector":"ZfNvOWhEnU2eE85hGR29qr","action":"Initial GetUpdates", "result":"", "context":Reason: NEW_CLIENT. cV=ZfNvOWhEnU2eE85hGR29qr}
{"logTime": "0620/180825", "correlationVector":"ZfNvOWhEnU2eE85hGR29qr.2","action":"GetUpdates Response", "result":"Success", "context":Received 1 update(s). cV=ZfNvOWhEnU2eE85hGR29qr.0;server=GENERAL0300002A;cloudType=Consumer;environment=Prod_SoutheastAsia_000j;migrationStage=NotStarted}
{"logTime": "0620/180825", "correlationVector":"1YqnfBoNAe5nhhfnuA8xri","action":"Initial GetUpdates", "result":"", "context":Reason: NEWLY_SUPPORTED_DATATYPE. cV=1YqnfBoNAe5nhhfnuA8xri}
{"logTime": "0620/180825", "correlationVector":"1YqnfBoNAe5nhhfnuA8xri.1","action":"SyncServerConnectionManagerRequest", "result":"SYNC_SERVER_OK", "context":{"environment":"Prod_SoutheastAsia_000j", "migrationStage":"NotStarted", "server":"GENERAL03000012"}}
{"logTime": "0620/180825", "correlationVector":"1YqnfBoNAe5nhhfnuA8xri.2","action":"GetUpdates", "result":"DeleteReceived", "context":{"id":"08a1d0ea-8690-4b21-bb29-a5612c219194", "isDeleted:":"true", "version":"1689167574608"}}
{"logTime": "0620/180825", "correlationVector":"1YqnfBoNAe5nhhfnuA8xri.3","action":"GetUpdates", "result":"DeleteReceived", "context":{"id":"4239b121-61b7-4aa0-b1c7-6334ce998d63", "isDeleted:":"true", "version":"1691312871383"}}
{"logTime": "0620/180825", "correlationVector":"1YqnfBoNAe5nhhfnuA8xri.4","action":"GetUpdates Response", "result":"Success", "context":Received 119 update(s). cV=1YqnfBoNAe5nhhfnuA8xri.0;server=GENERAL03000012;cloudType=Consumer;environment=Prod_SoutheastAsia_000j;migrationStage=NotStarted}
{"logTime": "0620/180825", "correlationVector":"EGWsZwZzVO/anD+Q6kUC0a","action":"Normal GetUpdate request", "result":"", "context":cV=EGWsZwZzVO/anD+Q6kUC0a
Nudged types: Sessions
Refresh requested types: Bookmarks, Preferences, Passwords, Autofill Profiles, Autofill, Typed URLs, Extensions, Sessions, Extension settings, History Delete Directives, Device Info, User Consents, Send Tab To Self, Web Apps, Collection, Edge E Drop, Edge Hub App Usage, Edge Tab Group, Edge Wallet, Encryption Keys}
{"logTime": "0620/180825", "correlationVector":"EGWsZwZzVO/anD+Q6kUC0a.1","action":"SyncServerConnectionManagerRequest", "result":"SYNC_SERVER_OK", "context":{"environment":"Prod_SoutheastAsia_000j", "migrationStage":"NotStarted", "server":"GENERAL01000012"}}
{"logTime": "0620/180825", "correlationVector":"EGWsZwZzVO/anD+Q6kUC0a.2","action":"GetUpdates Response", "result":"Success", "context":Received 5 update(s). cV=EGWsZwZzVO/anD+Q6kUC0a.0;server=GENERAL01000012;cloudType=Consumer;environment=Prod_SoutheastAsia_000j;migrationStage=NotStarted}
{"logTime": "0620/180825", "correlationVector":"wO7/9ComKm2P4clGTmO4Gw","action":"Commit Request", "result":"", "context":Item count: 3
Contributing types: Sessions}
{"logTime": "0620/180825", "correlationVector":"wO7/9ComKm2P4clGTmO4Gw.1","action":"SyncServerConnectionManagerRequest", "result":"SYNC_SERVER_OK", "context":{"environment":"Prod_SoutheastAsia_000j", "migrationStage":"NotStarted", "server":"GENERAL01000013"}}
{"logTime": "0620/180825", "correlationVector":"wO7/9ComKm2P4clGTmO4Gw.3","action":"Commit.Sessions", "result":"Success", "context":{"id":"dc9ad349-7ea7-4f47-85dc-b3c192647e5f", "isDeleted":"true", "size":"0", "version":"1718906787419"}}
{"logTime": "0620/180825", "correlationVector":"wO7/9ComKm2P4clGTmO4Gw.2","action":"Commit Response", "result":"Success", "context":Result: Success. cV=wO7/9ComKm2P4clGTmO4Gw.0;server=GENERAL01000013;cloudType=Consumer;environment=Prod_SoutheastAsia_000j;migrationStage=NotStarted}
{"logTime": "0620/180825", "correlationVector":"T7jUfBgXRNLsghtrsM7RAs","action":"Normal GetUpdate request", "result":"", "context":cV=T7jUfBgXRNLsghtrsM7RAs
Nudged types: Preferences, Sessions}
{"logTime": "0620/180825", "correlationVector":"T7jUfBgXRNLsghtrsM7RAs.1","action":"SyncServerConnectionManagerRequest", "result":"SYNC_SERVER_OK", "context":{"environment":"Prod_SoutheastAsia_000j", "migrationStage":"NotStarted", "server":"GENERAL0300000P"}}
{"logTime": "0620/180825", "correlationVector":"T7jUfBgXRNLsghtrsM7RAs.2","action":"GetUpdates", "result":"DeleteReceived", "context":{"id":"dc9ad349-7ea7-4f47-85dc-b3c192647e5f", "isDeleted:":"true", "version":"1718906905024"}}
{"logTime": "0620/180825", "correlationVector":"T7jUfBgXRNLsghtrsM7RAs.3","action":"GetUpdates Response", "result":"Success", "context":Received 3 update(s). cV=T7jUfBgXRNLsghtrsM7RAs.0;server=GENERAL0300000P;cloudType=Consumer;environment=Prod_SoutheastAsia_000j;migrationStage=NotStarted}
{"logTime": "0620/180825", "correlationVector":"RImQd3Sv4NQUZ/6KYrxnrC","action":"Commit Request", "result":"", "context":Item count: 1
Contributing types: Preferences}
{"logTime": "0620/180825", "correlationVector":"RImQd3Sv4NQUZ/6KYrxnrC.1","action":"SyncServerConnectionManagerRequest", "result":"SYNC_SERVER_OK", "context":{"environment":"Prod_SoutheastAsia_000j", "migrationStage":"NotStarted", "server":"GENERAL01000013"}}
{"logTime": "0620/180825", "correlationVector":"RImQd3Sv4NQUZ/6KYrxnrC.2","action":"Commit Response", "result":"Success", "context":Result: Success. cV=RImQd3Sv4NQUZ/6KYrxnrC.0;server=GENERAL01000013;cloudType=Consumer;environment=Prod_SoutheastAsia_000j;migrationStage=NotStarted}
{"logTime": "0620/180825", "correlationVector":"O/noo3M0nGHjK50HEx2ZC7","action":"Commit Request", "result":"", "context":Item count: 1
Contributing types: Sessions}
{"logTime": "0620/180825", "correlationVector":"O/noo3M0nGHjK50HEx2ZC7.1","action":"SyncServerConnectionManagerRequest", "result":"SYNC_SERVER_OK", "context":{"environment":"Prod_SoutheastAsia_000j", "migrationStage":"NotStarted", "server":"GENERAL03000010"}}
{"logTime": "0620/180825", "correlationVector":"O/noo3M0nGHjK50HEx2ZC7.2","action":"Commit Response", "result":"Success", "context":Result: Success. cV=O/noo3M0nGHjK50HEx2ZC7.0;server=GENERAL03000010;cloudType=Consumer;environment=Prod_SoutheastAsia_000j;migrationStage=NotStarted}
{"logTime": "0620/181313", "correlationVector":"vkL113kdUAMpUhdhfYTl7r","action":"Normal GetUpdate request", "result":"", "context":cV=vkL113kdUAMpUhdhfYTl7r
Nudged types: Sessions
Refresh requested types: Bookmarks, Preferences, Passwords, Autofill Profiles, Autofill, Typed URLs, Extensions, Sessions, Extension settings, History Delete Directives, Device Info, User Consents, Send Tab To Self, Web Apps, Collection, Edge E Drop, Edge Hub App Usage, Edge Tab Group, Edge Wallet, Encryption Keys}
{"logTime": "0620/181314", "correlationVector":"vkL113kdUAMpUhdhfYTl7r.1","action":"SyncServerConnectionManagerRequest", "result":"SYNC_SERVER_OK", "context":{"environment":"Prod_SoutheastAsia_000j", "migrationStage":"NotStarted", "server":"GENERAL01000015"}}
{"logTime": "0620/181314", "correlationVector":"vkL113kdUAMpUhdhfYTl7r.2","action":"GetUpdates Response", "result":"Success", "context":Received 5 update(s). cV=vkL113kdUAMpUhdhfYTl7r.0;server=GENERAL01000015;cloudType=Consumer;environment=Prod_SoutheastAsia_000j;migrationStage=NotStarted}
{"logTime": "0620/181314", "correlationVector":"Xj+8CfU/LE7E9ULpTNTzak","action":"Commit Request", "result":"", "context":Item count: 1
Contributing types: Sessions}
{"logTime": "0620/181314", "correlationVector":"Xj+8CfU/LE7E9ULpTNTzak.1","action":"SyncServerConnectionManagerRequest", "result":"SYNC_SERVER_OK", "context":{"environment":"Prod_SoutheastAsia_000j", "migrationStage":"NotStarted", "server":"GENERAL03000009"}}
{"logTime": "0620/181314", "correlationVector":"Xj+8CfU/LE7E9ULpTNTzak.2","action":"Commit Response", "result":"Success", "context":Result: Success. cV=Xj+8CfU/LE7E9ULpTNTzak.0;server=GENERAL03000009;cloudType=Consumer;environment=Prod_SoutheastAsia_000j;migrationStage=NotStarted}
{"logTime": "0620/181344", "correlationVector":"UlI5FxYytUzsUNr3Xt4UTD","action":"Commit Request", "result":"", "context":Item count: 1
Contributing types: Sessions}
{"logTime": "0620/181344", "correlationVector":"UlI5FxYytUzsUNr3Xt4UTD.1","action":"SyncServerConnectionManagerRequest", "result":"SYNC_SERVER_OK", "context":{"environment":"Prod_SoutheastAsia_000j", "migrationStage":"NotStarted", "server":"GENERAL0100001I"}}
{"logTime": "0620/181344", "correlationVector":"UlI5FxYytUzsUNr3Xt4UTD.2","action":"Commit Response", "result":"Success", "context":Result: Success. cV=UlI5FxYytUzsUNr3Xt4UTD.0;server=GENERAL0100001I;cloudType=Consumer;environment=Prod_SoutheastAsia_000j;migrationStage=NotStarted}
{"logTime": "0620/181435", "correlationVector":"+qrn2MeYCJQSZmPcOd7iM6","action":"Commit Request", "result":"", "context":Item count: 3
Contributing types: Sessions}
{"logTime": "0620/181435", "correlationVector":"+qrn2MeYCJQSZmPcOd7iM6.1","action":"SyncServerConnectionManagerRequest", "result":"SYNC_SERVER_OK", "context":{"environment":"Prod_SoutheastAsia_000j", "migrationStage":"NotStarted", "server":"GENERAL0100000X"}}
{"logTime": "0620/181435", "correlationVector":"+qrn2MeYCJQSZmPcOd7iM6.2","action":"Commit Response", "result":"Success", "context":Result: Success. cV=+qrn2MeYCJQSZmPcOd7iM6.0;server=GENERAL0100000X;cloudType=Consumer;environment=Prod_SoutheastAsia_000j;migrationStage=NotStarted}
{"logTime": "0620/183957", "correlationVector":"56Bzbe+mcwPfMybBaYFT7z.1","action":"SyncServerConnectionManagerRequest", "result":"SYNC_SERVER_OK", "context":{"environment":"Prod_SoutheastAsia_000j", "migrationStage":"NotStarted", "server":"GENERAL0300002A"}}
{"logTime": "0620/183957", "correlationVector":"1mUnMAf5g/ykK7KcLwivwG","action":"SyncServerConnectionManagerRequest", "result":"SYNC_SERVER_OK", "context":{"environment":"", "migrationStage":"", "server":""}}
{"logTime": "0620/183957", "correlationVector":"56Bzbe+mcwPfMybBaYFT7z","action":"Initial GetUpdates", "result":"", "context":Reason: NEW_CLIENT. cV=56Bzbe+mcwPfMybBaYFT7z}
{"logTime": "0620/183957", "correlationVector":"56Bzbe+mcwPfMybBaYFT7z.2","action":"GetUpdates Response", "result":"Success", "context":Received 1 update(s). cV=56Bzbe+mcwPfMybBaYFT7z.0;server=GENERAL0300002A;cloudType=Consumer;environment=Prod_SoutheastAsia_000j;migrationStage=NotStarted}
{"logTime": "0620/183957", "correlationVector":"F+4101mbgJkoJXZjOphaE1","action":"Initial GetUpdates", "result":"", "context":Reason: NEWLY_SUPPORTED_DATATYPE. cV=F+4101mbgJkoJXZjOphaE1}
{"logTime": "0620/183957", "correlationVector":"F+4101mbgJkoJXZjOphaE1.1","action":"SyncServerConnectionManagerRequest", "result":"SYNC_SERVER_OK", "context":{"environment":"Prod_SoutheastAsia_000j", "migrationStage":"NotStarted", "server":"GENERAL0100000E"}}
{"logTime": "0620/183957", "correlationVector":"F+4101mbgJkoJXZjOphaE1.2","action":"GetUpdates", "result":"DeleteReceived", "context":{"id":"08a1d0ea-8690-4b21-bb29-a5612c219194", "isDeleted:":"true", "version":"1689167574608"}}
{"logTime": "0620/183957", "correlationVector":"F+4101mbgJkoJXZjOphaE1.3","action":"GetUpdates", "result":"DeleteReceived", "context":{"id":"4239b121-61b7-4aa0-b1c7-6334ce998d63", "isDeleted:":"true", "version":"1691312871383"}}
{"logTime": "0620/183957", "correlationVector":"F+4101mbgJkoJXZjOphaE1.4","action":"GetUpdates Response", "result":"Success", "context":Received 119 update(s). cV=F+4101mbgJkoJXZjOphaE1.0;server=GENERAL0100000E;cloudType=Consumer;environment=Prod_SoutheastAsia_000j;migrationStage=NotStarted}
{"logTime": "0620/183957", "correlationVector":"Tkgq8K6aCMUrV6L+8wKUqR","action":"Normal GetUpdate request", "result":"", "context":cV=Tkgq8K6aCMUrV6L+8wKUqR
Nudged types: Sessions
Refresh requested types: Bookmarks, Preferences, Passwords, Autofill Profiles, Autofill, Typed URLs, Extensions, Sessions, Extension settings, History Delete Directives, Device Info, User Consents, Send Tab To Self, Web Apps, Collection, Edge E Drop, Edge Hub App Usage, Edge Tab Group, Edge Wallet, Encryption Keys}
{"logTime": "0620/183957", "correlationVector":"Tkgq8K6aCMUrV6L+8wKUqR.1","action":"SyncServerConnectionManagerRequest", "result":"SYNC_SERVER_OK", "context":{"environment":"Prod_SoutheastAsia_000j", "migrationStage":"NotStarted", "server":"GENERAL01000016"}}
{"logTime": "0620/183957", "correlationVector":"Tkgq8K6aCMUrV6L+8wKUqR.2","action":"GetUpdates", "result":"DeleteReceived", "context":{"id":"9d0bca37-f767-4eb5-8e54-daf4af635844", "isDeleted:":"true", "version":"1718907220849"}}
{"logTime": "0620/183957", "correlationVector":"Tkgq8K6aCMUrV6L+8wKUqR.3","action":"GetUpdates Response", "result":"Success", "context":Received 6 update(s). cV=Tkgq8K6aCMUrV6L+8wKUqR.0;server=GENERAL01000016;cloudType=Consumer;environment=Prod_SoutheastAsia_000j;migrationStage=NotStarted}
{"logTime": "0620/183957", "correlationVector":"x5HlIWPIGcr2FWEE29opsl","action":"Commit Request", "result":"", "context":Item count: 4
Contributing types: Sessions}
{"logTime": "0620/183957", "correlationVector":"x5HlIWPIGcr2FWEE29opsl.1","action":"SyncServerConnectionManagerRequest", "result":"SYNC_SERVER_OK", "context":{"environment":"Prod_SoutheastAsia_000j", "migrationStage":"NotStarted", "server":"GENERAL0100001J"}}
{"logTime": "0620/183957", "correlationVector":"x5HlIWPIGcr2FWEE29opsl.3","action":"Commit.Sessions", "result":"Success", "context":{"id":"c98e695f-397d-47cc-8fc2-ed1af5df1969", "isDeleted":"true", "size":"0", "version":"1718907283711"}}
{"logTime": "0620/183957", "correlationVector":"x5HlIWPIGcr2FWEE29opsl.2","action":"Commit Response", "result":"Success", "context":Result: Success. cV=x5HlIWPIGcr2FWEE29opsl.0;server=GENERAL0100001J;cloudType=Consumer;environment=Prod_SoutheastAsia_000j;migrationStage=NotStarted}
{"logTime": "0620/183957", "correlationVector":"x5HlIWPIGcr2FWEE29opsl.4","action":"Commit.Sessions", "result":"Success", "context":{"id":"0b5569ea-2aa0-4e49-8a63-4ec62ef387ae", "isDeleted":"true", "size":"0", "version":"1718907283712"}}
{"logTime": "0620/184001", "correlationVector":"KY4D375C1YuWrIdblUALNu","action":"Normal GetUpdate request", "result":"", "context":cV=KY4D375C1YuWrIdblUALNu
Nudged types: Preferences, Sessions}
{"logTime": "0620/184002", "correlationVector":"KY4D375C1YuWrIdblUALNu.1","action":"SyncServerConnectionManagerRequest", "result":"SYNC_SERVER_OK", "context":{"environment":"Prod_SoutheastAsia_000j", "migrationStage":"NotStarted", "server":"GENERAL03000036"}}
{"logTime": "0620/184002", "correlationVector":"KY4D375C1YuWrIdblUALNu.2","action":"GetUpdates", "result":"DeleteReceived", "context":{"id":"c98e695f-397d-47cc-8fc2-ed1af5df1969", "isDeleted:":"true", "version":"1718908803845"}}
{"logTime": "0620/184002", "correlationVector":"KY4D375C1YuWrIdblUALNu.3","action":"GetUpdates", "result":"DeleteReceived", "context":{"id":"0b5569ea-2aa0-4e49-8a63-4ec62ef387ae", "isDeleted:":"true", "version":"1718908803847"}}
{"logTime": "0620/184002", "correlationVector":"KY4D375C1YuWrIdblUALNu.4","action":"GetUpdates Response", "result":"Success", "context":Received 4 update(s). cV=KY4D375C1YuWrIdblUALNu.0;server=GENERAL03000036;cloudType=Consumer;environment=Prod_SoutheastAsia_000j;migrationStage=NotStarted}
{"logTime": "0620/184002", "correlationVector":"vzzl4wxeSZk2vt/IX5Xizs","action":"Commit Request", "result":"", "context":Item count: 2
Contributing types: Preferences, Sessions}
{"logTime": "0620/184002", "correlationVector":"vzzl4wxeSZk2vt/IX5Xizs.1","action":"SyncServerConnectionManagerRequest", "result":"SYNC_SERVER_OK", "context":{"environment":"Prod_SoutheastAsia_000j", "migrationStage":"NotStarted", "server":"GENERAL0100001F"}}
{"logTime": "0620/184002", "correlationVector":"vzzl4wxeSZk2vt/IX5Xizs.2","action":"Commit Response", "result":"Success", "context":Result: Success. cV=vzzl4wxeSZk2vt/IX5Xizs.0;server=GENERAL0100001F;cloudType=Consumer;environment=Prod_SoutheastAsia_000j;migrationStage=NotStarted}
{"logTime": "0620/184546", "correlationVector":"t926nWz85ikZLCCG9fWB2M.1","action":"SyncServerConnectionManagerRequest", "result":"SYNC_SERVER_OK", "context":{"environment":"Prod_SoutheastAsia_000j", "migrationStage":"NotStarted", "server":"GENERAL0300003F"}}
{"logTime": "0620/184546", "correlationVector":"1pr5YNaYPSRPOxj9ALkFkb","action":"SyncServerConnectionManagerRequest", "result":"SYNC_SERVER_OK", "context":{"environment":"", "migrationStage":"", "server":""}}
{"logTime": "0620/184546", "correlationVector":"t926nWz85ikZLCCG9fWB2M","action":"Initial GetUpdates", "result":"", "context":Reason: NEW_CLIENT. cV=t926nWz85ikZLCCG9fWB2M}
{"logTime": "0620/184546", "correlationVector":"t926nWz85ikZLCCG9fWB2M.2","action":"GetUpdates Response", "result":"Success", "context":Received 1 update(s). cV=t926nWz85ikZLCCG9fWB2M.0;server=GENERAL0300003F;cloudType=Consumer;environment=Prod_SoutheastAsia_000j;migrationStage=NotStarted}
{"logTime": "0620/184546", "correlationVector":"5AMDbScRAZfESb2ZbybS3a","action":"Initial GetUpdates", "result":"", "context":Reason: NEWLY_SUPPORTED_DATATYPE. cV=5AMDbScRAZfESb2ZbybS3a}
{"logTime": "0620/184546", "correlationVector":"5AMDbScRAZfESb2ZbybS3a.1","action":"SyncServerConnectionManagerRequest", "result":"SYNC_SERVER_OK", "context":{"environment":"Prod_SoutheastAsia_000j", "migrationStage":"NotStarted", "server":"GENERAL01000000"}}
{"logTime": "0620/184546", "correlationVector":"5AMDbScRAZfESb2ZbybS3a.2","action":"GetUpdates", "result":"DeleteReceived", "context":{"id":"08a1d0ea-8690-4b21-bb29-a5612c219194", "isDeleted:":"true", "version":"1689167574608"}}
{"logTime": "0620/184546", "correlationVector":"5AMDbScRAZfESb2ZbybS3a.3","action":"GetUpdates", "result":"DeleteReceived", "context":{"id":"4239b121-61b7-4aa0-b1c7-6334ce998d63", "isDeleted:":"true", "version":"1691312871383"}}
{"logTime": "0620/184546", "correlationVector":"5AMDbScRAZfESb2ZbybS3a.4","action":"GetUpdates Response", "result":"Success", "context":Received 119 update(s). cV=5AMDbScRAZfESb2ZbybS3a.0;server=GENERAL01000000;cloudType=Consumer;environment=Prod_SoutheastAsia_000j;migrationStage=NotStarted}
{"logTime": "0620/184546", "correlationVector":"lvgbw3wowTwiOo9I0kevGv","action":"Normal GetUpdate request", "result":"", "context":cV=lvgbw3wowTwiOo9I0kevGv
Nudged types: Sessions
Refresh requested types: Bookmarks, Preferences, Passwords, Autofill Profiles, Autofill, Typed URLs, Extensions, Sessions, Extension settings, History Delete Directives, Device Info, User Consents, Send Tab To Self, Web Apps, Collection, Edge E Drop, Edge Hub App Usage, Edge Tab Group, Edge Wallet, Encryption Keys}
{"logTime": "0620/184546", "correlationVector":"lvgbw3wowTwiOo9I0kevGv.1","action":"SyncServerConnectionManagerRequest", "result":"SYNC_SERVER_OK", "context":{"environment":"Prod_SoutheastAsia_000j", "migrationStage":"NotStarted", "server":"GENERAL03000029"}}
{"logTime": "0620/184546", "correlationVector":"lvgbw3wowTwiOo9I0kevGv.2","action":"GetUpdates Response", "result":"Success", "context":Received 3 update(s). cV=lvgbw3wowTwiOo9I0kevGv.0;server=GENERAL03000029;cloudType=Consumer;environment=Prod_SoutheastAsia_000j;migrationStage=NotStarted}
{"logTime": "0620/184546", "correlationVector":"ja6BIliZiIA1M5PqVaC+PH","action":"Commit Request", "result":"", "context":Item count: 3
Contributing types: Sessions}
{"logTime": "0620/184546", "correlationVector":"ja6BIliZiIA1M5PqVaC+PH.1","action":"SyncServerConnectionManagerRequest", "result":"SYNC_SERVER_OK", "context":{"environment":"Prod_SoutheastAsia_000j", "migrationStage":"NotStarted", "server":"GENERAL0300001T"}}
{"logTime": "0620/184546", "correlationVector":"ja6BIliZiIA1M5PqVaC+PH.3","action":"Commit.Sessions", "result":"Success", "context":{"id":"497830d3-813f-4b90-83ad-ec691c457558", "isDeleted":"true", "size":"0", "version":"1718908810701"}}
{"logTime": "0620/184546", "correlationVector":"ja6BIliZiIA1M5PqVaC+PH.2","action":"Commit Response", "result":"Success", "context":Result: Success. cV=ja6BIliZiIA1M5PqVaC+PH.0;server=GENERAL0300001T;cloudType=Consumer;environment=Prod_SoutheastAsia_000j;migrationStage=NotStarted}
{"logTime": "0620/184546", "correlationVector":"a4qDJoVYwlTO8PXw5r7guk","action":"Normal GetUpdate request", "result":"", "context":cV=a4qDJoVYwlTO8PXw5r7guk
Nudged types: Preferences, Sessions}
{"logTime": "0620/184546", "correlationVector":"a4qDJoVYwlTO8PXw5r7guk.1","action":"SyncServerConnectionManagerRequest", "result":"SYNC_SERVER_OK", "context":{"environment":"Prod_SoutheastAsia_000j", "migrationStage":"NotStarted", "server":"GENERAL0300001I"}}
{"logTime": "0620/184546", "correlationVector":"a4qDJoVYwlTO8PXw5r7guk.2","action":"GetUpdates", "result":"DeleteReceived", "context":{"id":"497830d3-813f-4b90-83ad-ec691c457558", "isDeleted:":"true", "version":"1718909145966"}}
{"logTime": "0620/184546", "correlationVector":"a4qDJoVYwlTO8PXw5r7guk.3","action":"GetUpdates Response", "result":"Success", "context":Received 3 update(s). cV=a4qDJoVYwlTO8PXw5r7guk.0;server=GENERAL0300001I;cloudType=Consumer;environment=Prod_SoutheastAsia_000j;migrationStage=NotStarted}
{"logTime": "0620/184546", "correlationVector":"GT0Up+haPTvXy2zG220ChU","action":"Commit Request", "result":"", "context":Item count: 2
Contributing types: Preferences, Sessions}
{"logTime": "0620/184546", "correlationVector":"GT0Up+haPTvXy2zG220ChU.1","action":"SyncServerConnectionManagerRequest", "result":"SYNC_SERVER_OK", "context":{"environment":"Prod_SoutheastAsia_000j", "migrationStage":"NotStarted", "server":"GENERAL0100000X"}}
{"logTime": "0620/184546", "correlationVector":"GT0Up+haPTvXy2zG220ChU.2","action":"Commit Response", "result":"Success", "context":Result: Success. cV=GT0Up+haPTvXy2zG220ChU.0;server=GENERAL0100000X;cloudType=Consumer;environment=Prod_SoutheastAsia_000j;migrationStage=NotStarted}
